{"/home/runner/work/Replit_Front_End_ECC/Replit_Front_End_ECC/src/App.tsx": {"path":"/home/runner/work/Replit_Front_End_ECC/Replit_Front_End_ECC/src/App.tsx","statementMap":{"0":{"start":{"line":81,"column":0},"end":{"line":81,"column":24}},"1":{"start":{"line":1,"column":0},"end":{"line":1,"column":41}},"2":{"start":{"line":2,"column":0},"end":{"line":2,"column":52}},"3":{"start":{"line":3,"column":0},"end":{"line":3,"column":43}},"4":{"start":{"line":4,"column":0},"end":{"line":4,"column":64}},"5":{"start":{"line":16,"column":0},"end":{"line":16,"column":58}},"6":{"start":{"line":17,"column":0},"end":{"line":17,"column":48}},"7":{"start":{"line":18,"column":0},"end":{"line":18,"column":50}},"8":{"start":{"line":19,"column":0},"end":{"line":19,"column":52}},"9":{"start":{"line":20,"column":0},"end":{"line":20,"column":50}},"10":{"start":{"line":23,"column":0},"end":{"line":23,"column":53}},"11":{"start":{"line":24,"column":0},"end":{"line":24,"column":45}},"12":{"start":{"line":25,"column":0},"end":{"line":25,"column":47}},"13":{"start":{"line":26,"column":0},"end":{"line":26,"column":49}},"14":{"start":{"line":27,"column":0},"end":{"line":27,"column":47}},"15":{"start":{"line":30,"column":0},"end":{"line":30,"column":55}},"16":{"start":{"line":31,"column":0},"end":{"line":31,"column":53}},"17":{"start":{"line":32,"column":0},"end":{"line":32,"column":61}},"18":{"start":{"line":35,"column":0},"end":{"line":35,"column":65}},"19":{"start":{"line":36,"column":0},"end":{"line":36,"column":91}},"20":{"start":{"line":37,"column":0},"end":{"line":37,"column":93}},"21":{"start":{"line":40,"column":0},"end":{"line":40,"column":92}},"22":{"start":{"line":43,"column":0},"end":{"line":43,"column":75}},"23":{"start":{"line":44,"column":0},"end":{"line":44,"column":86}},"24":{"start":{"line":47,"column":0},"end":{"line":47,"column":60}},"25":{"start":{"line":50,"column":0},"end":{"line":50,"column":69}},"26":{"start":{"line":53,"column":0},"end":{"line":53,"column":38}},"27":{"start":{"line":57,"column":26},"end":{"line":57,"column":39}},"28":{"start":{"line":58,"column":2},"end":{"line":61,"column":20}},"29":{"start":{"line":60,"column":4},"end":{"line":60,"column":41}},"30":{"start":{"line":62,"column":2},"end":{"line":62,"column":14}},"31":{"start":{"line":66,"column":2},"end":{"line":78,"column":4}},"32":{"start":{"line":83,"column":2},"end":{"line":146,"column":4}}},"fnMap":{"0":{"name":"HomeRedirect","decl":{"start":{"line":56,"column":9},"end":{"line":56,"column":21}},"loc":{"start":{"line":56,"column":21},"end":{"line":63,"column":1}}},"1":{"name":"(anonymous_1)","decl":{"start":{"line":58,"column":12},"end":{"line":58,"column":15}},"loc":{"start":{"line":58,"column":17},"end":{"line":61,"column":3}}},"2":{"name":"NotFound","decl":{"start":{"line":65,"column":9},"end":{"line":65,"column":17}},"loc":{"start":{"line":65,"column":17},"end":{"line":79,"column":1}}},"3":{"name":"App","decl":{"start":{"line":81,"column":24},"end":{"line":81,"column":27}},"loc":{"start":{"line":81,"column":27},"end":{"line":147,"column":1}}}},"branchMap":{},"s":{"0":0,"1":0,"2":0,"3":0,"4":0,"5":0,"6":0,"7":0,"8":0,"9":0,"10":0,"11":0,"12":0,"13":0,"14":0,"15":0,"16":0,"17":0,"18":0,"19":0,"20":0,"21":0,"22":0,"23":0,"24":0,"25":0,"26":0,"27":0,"28":0,"29":0,"30":0,"31":0,"32":0},"f":{"0":0,"1":0,"2":0,"3":0},"b":{}}
,"/home/runner/work/Replit_Front_End_ECC/Replit_Front_End_ECC/src/_probe.tsx": {"path":"/home/runner/work/Replit_Front_End_ECC/Replit_Front_End_ECC/src/_probe.tsx","statementMap":{"0":{"start":{"line":1,"column":0},"end":{"line":1,"column":26}},"1":{"start":{"line":2,"column":0},"end":{"line":2,"column":40}},"2":{"start":{"line":4,"column":0},"end":{"line":4,"column":34}},"3":{"start":{"line":5,"column":0},"end":{"line":10,"column":2}}},"fnMap":{},"branchMap":{},"s":{"0":0,"1":0,"2":0,"3":0},"f":{},"b":{}}
,"/home/runner/work/Replit_Front_End_ECC/Replit_Front_End_ECC/src/main-debug.tsx": {"path":"/home/runner/work/Replit_Front_End_ECC/Replit_Front_End_ECC/src/main-debug.tsx","statementMap":{"0":{"start":{"line":2,"column":0},"end":{"line":2,"column":41}},"1":{"start":{"line":4,"column":0},"end":{"line":42,"column":1}},"2":{"start":{"line":5,"column":2},"end":{"line":5,"column":51}},"3":{"start":{"line":6,"column":2},"end":{"line":35,"column":5}},"4":{"start":{"line":6,"column":2},"end":{"line":6,"column":18}},"5":{"start":{"line":7,"column":4},"end":{"line":7,"column":49}},"6":{"start":{"line":9,"column":4},"end":{"line":9,"column":38}},"7":{"start":{"line":11,"column":4},"end":{"line":11,"column":61}},"8":{"start":{"line":13,"column":24},"end":{"line":13,"column":55}},"9":{"start":{"line":14,"column":4},"end":{"line":14,"column":59}},"10":{"start":{"line":16,"column":4},"end":{"line":24,"column":5}},"11":{"start":{"line":17,"column":19},"end":{"line":17,"column":57}},"12":{"start":{"line":18,"column":6},"end":{"line":18,"column":54}},"13":{"start":{"line":20,"column":6},"end":{"line":20,"column":48}},"14":{"start":{"line":21,"column":6},"end":{"line":21,"column":53}},"15":{"start":{"line":23,"column":6},"end":{"line":23,"column":48}},"16":{"start":{"line":26,"column":4},"end":{"line":26,"column":56}},"17":{"start":{"line":27,"column":24},"end":{"line":27,"column":55}},"18":{"start":{"line":28,"column":4},"end":{"line":34,"column":5}},"19":{"start":{"line":29,"column":6},"end":{"line":33,"column":14}},"20":{"start":{"line":37,"column":2},"end":{"line":37,"column":56}},"21":{"start":{"line":38,"column":22},"end":{"line":38,"column":53}},"22":{"start":{"line":39,"column":2},"end":{"line":41,"column":3}},"23":{"start":{"line":40,"column":4},"end":{"line":40,"column":98}}},"fnMap":{"0":{"name":"(anonymous_0)","decl":{"start":{"line":6,"column":2},"end":{"line":6,"column":9}},"loc":{"start":{"line":6,"column":2},"end":{"line":6,"column":18}}},"1":{"name":"(anonymous_1)","decl":{"start":{"line":6,"column":23},"end":{"line":6,"column":28}},"loc":{"start":{"line":6,"column":31},"end":{"line":10,"column":3}}},"2":{"name":"(anonymous_2)","decl":{"start":{"line":9,"column":4},"end":{"line":9,"column":18}},"loc":{"start":{"line":9,"column":4},"end":{"line":9,"column":38}}},"3":{"name":"(anonymous_3)","decl":{"start":{"line":10,"column":10},"end":{"line":10,"column":24}},"loc":{"start":{"line":10,"column":27},"end":{"line":25,"column":3}}},"4":{"name":"(anonymous_4)","decl":{"start":{"line":25,"column":11},"end":{"line":25,"column":16}},"loc":{"start":{"line":25,"column":19},"end":{"line":35,"column":3}}}},"branchMap":{"0":{"loc":{"start":{"line":16,"column":4},"end":{"line":24,"column":5}},"type":"if","locations":[{"start":{"line":16,"column":4},"end":{"line":24,"column":5}},{"start":{"line":22,"column":11},"end":{"line":24,"column":5}}]},"1":{"loc":{"start":{"line":28,"column":4},"end":{"line":34,"column":5}},"type":"if","locations":[{"start":{"line":28,"column":4},"end":{"line":34,"column":5}}]},"2":{"loc":{"start":{"line":39,"column":2},"end":{"line":41,"column":3}},"type":"if","locations":[{"start":{"line":39,"column":2},"end":{"line":41,"column":3}}]}},"s":{"0":0,"1":0,"2":0,"3":0,"4":0,"5":0,"6":0,"7":0,"8":0,"9":0,"10":0,"11":0,"12":0,"13":0,"14":0,"15":0,"16":0,"17":0,"18":0,"19":0,"20":0,"21":0,"22":0,"23":0},"f":{"0":0,"1":0,"2":0,"3":0,"4":0},"b":{"0":[0,0],"1":[0],"2":[0]}}
,"/home/runner/work/Replit_Front_End_ECC/Replit_Front_End_ECC/src/main-minimal.tsx": {"path":"/home/runner/work/Replit_Front_End_ECC/Replit_Front_End_ECC/src/main-minimal.tsx","statementMap":{"0":{"start":{"line":1,"column":0},"end":{"line":1,"column":26}},"1":{"start":{"line":2,"column":0},"end":{"line":2,"column":40}},"2":{"start":{"line":6,"column":2},"end":{"line":6,"column":98}},"3":{"start":{"line":9,"column":20},"end":{"line":9,"column":51}},"4":{"start":{"line":10,"column":0},"end":{"line":23,"column":1}},"5":{"start":{"line":11,"column":2},"end":{"line":20,"column":3}},"6":{"start":{"line":12,"column":4},"end":{"line":12,"column":42}},"7":{"start":{"line":13,"column":17},"end":{"line":13,"column":49}},"8":{"start":{"line":14,"column":4},"end":{"line":14,"column":44}},"9":{"start":{"line":15,"column":4},"end":{"line":15,"column":32}},"10":{"start":{"line":16,"column":4},"end":{"line":16,"column":47}},"11":{"start":{"line":18,"column":4},"end":{"line":18,"column":48}},"12":{"start":{"line":19,"column":4},"end":{"line":19,"column":102}},"13":{"start":{"line":22,"column":2},"end":{"line":22,"column":43}}},"fnMap":{"0":{"name":"MinimalApp","decl":{"start":{"line":5,"column":9},"end":{"line":5,"column":19}},"loc":{"start":{"line":5,"column":19},"end":{"line":7,"column":1}}}},"branchMap":{"0":{"loc":{"start":{"line":10,"column":0},"end":{"line":23,"column":1}},"type":"if","locations":[{"start":{"line":10,"column":0},"end":{"line":23,"column":1}},{"start":{"line":21,"column":7},"end":{"line":23,"column":1}}]}},"s":{"0":0,"1":0,"2":0,"3":0,"4":0,"5":0,"6":0,"7":0,"8":0,"9":0,"10":0,"11":0,"12":0,"13":0},"f":{"0":0},"b":{"0":[0,0]}}
,"/home/runner/work/Replit_Front_End_ECC/Replit_Front_End_ECC/src/boot/mountEnhancer.tsx": {"path":"/home/runner/work/Replit_Front_End_ECC/Replit_Front_End_ECC/src/boot/mountEnhancer.tsx","statementMap":{"0":{"start":{"line":5,"column":0},"end":{"line":5,"column":24}},"1":{"start":{"line":10,"column":0},"end":{"line":10,"column":16}},"2":{"start":{"line":6,"column":2},"end":{"line":6,"column":14}},"3":{"start":{"line":11,"column":2},"end":{"line":11,"column":14}}},"fnMap":{"0":{"name":"mountEnhancer","decl":{"start":{"line":5,"column":24},"end":{"line":5,"column":37}},"loc":{"start":{"line":5,"column":53},"end":{"line":7,"column":1}}},"1":{"name":"withMountEnhancer","decl":{"start":{"line":10,"column":16},"end":{"line":10,"column":33}},"loc":{"start":{"line":10,"column":49},"end":{"line":12,"column":1}}}},"branchMap":{},"s":{"0":0,"1":0,"2":0,"3":0},"f":{"0":0,"1":0},"b":{}}
,"/home/runner/work/Replit_Front_End_ECC/Replit_Front_End_ECC/src/components/ActivityTimeline.tsx": {"path":"/home/runner/work/Replit_Front_End_ECC/Replit_Front_End_ECC/src/components/ActivityTimeline.tsx","statementMap":{"0":{"start":{"line":11,"column":0},"end":{"line":11,"column":24}},"1":{"start":{"line":1,"column":0},"end":{"line":1,"column":26}},"2":{"start":{"line":12,"column":2},"end":{"line":12,"column":80}},"3":{"start":{"line":12,"column":22},"end":{"line":12,"column":80}},"4":{"start":{"line":13,"column":2},"end":{"line":23,"column":4}},"5":{"start":{"line":16,"column":8},"end":{"line":16,"column":25}}},"fnMap":{"0":{"name":"ActivityTimeline","decl":{"start":{"line":11,"column":24},"end":{"line":11,"column":40}},"loc":{"start":{"line":11,"column":77},"end":{"line":24,"column":1}}},"1":{"name":"(anonymous_1)","decl":{"start":{"line":15,"column":17},"end":{"line":15,"column":19}},"loc":{"start":{"line":16,"column":8},"end":{"line":16,"column":25}}}},"branchMap":{"0":{"loc":{"start":{"line":12,"column":2},"end":{"line":12,"column":80}},"type":"if","locations":[{"start":{"line":12,"column":2},"end":{"line":12,"column":80}}]},"1":{"loc":{"start":{"line":19,"column":47},"end":{"line":19,"column":79}},"type":"cond-expr","locations":[{"start":{"line":19,"column":58},"end":{"line":19,"column":74}},{"start":{"line":19,"column":77},"end":{"line":19,"column":79}}]}},"s":{"0":0,"1":0,"2":0,"3":0,"4":0,"5":0},"f":{"0":0,"1":0},"b":{"0":[0],"1":[0,0]}}
,"/home/runner/work/Replit_Front_End_ECC/Replit_Front_End_ECC/src/components/AssetCardShell.tsx": {"path":"/home/runner/work/Replit_Front_End_ECC/Replit_Front_End_ECC/src/components/AssetCardShell.tsx","statementMap":{"0":{"start":{"line":3,"column":0},"end":{"line":3,"column":24}},"1":{"start":{"line":1,"column":0},"end":{"line":1,"column":26}},"2":{"start":{"line":16,"column":2},"end":{"line":30,"column":4}}},"fnMap":{"0":{"name":"AssetCardShell","decl":{"start":{"line":3,"column":24},"end":{"line":3,"column":38}},"loc":{"start":{"line":15,"column":1},"end":{"line":31,"column":1}}}},"branchMap":{"0":{"loc":{"start":{"line":28,"column":7},"end":{"line":28,"column":89}},"type":"cond-expr","locations":[{"start":{"line":28,"column":19},"end":{"line":28,"column":82}},{"start":{"line":28,"column":85},"end":{"line":28,"column":89}}]}},"s":{"0":0,"1":0,"2":0},"f":{"0":0},"b":{"0":[0,0]}}
,"/home/runner/work/Replit_Front_End_ECC/Replit_Front_End_ECC/src/components/DataTable.tsx": {"path":"/home/runner/work/Replit_Front_End_ECC/Replit_Front_End_ECC/src/components/DataTable.tsx","statementMap":{"0":{"start":{"line":118,"column":0},"end":{"line":118,"column":24}},"1":{"start":{"line":16,"column":0},"end":{"line":16,"column":60}},"2":{"start":{"line":17,"column":0},"end":{"line":17,"column":37}},"3":{"start":{"line":18,"column":0},"end":{"line":18,"column":29}},"4":{"start":{"line":56,"column":21},"end":{"line":56,"column":39}},"5":{"start":{"line":59,"column":17},"end":{"line":59,"column":72}},"6":{"start":{"line":59,"column":29},"end":{"line":59,"column":72}},"7":{"start":{"line":60,"column":15},"end":{"line":60,"column":49}},"8":{"start":{"line":60,"column":27},"end":{"line":60,"column":49}},"9":{"start":{"line":61,"column":18},"end":{"line":62,"column":55}},"10":{"start":{"line":62,"column":2},"end":{"line":62,"column":55}},"11":{"start":{"line":65,"column":17},"end":{"line":65,"column":66}},"12":{"start":{"line":65,"column":36},"end":{"line":65,"column":65}},"13":{"start":{"line":66,"column":2},"end":{"line":66,"column":36}},"14":{"start":{"line":66,"column":22},"end":{"line":66,"column":36}},"15":{"start":{"line":67,"column":2},"end":{"line":67,"column":40}},"16":{"start":{"line":67,"column":24},"end":{"line":67,"column":40}},"17":{"start":{"line":68,"column":2},"end":{"line":68,"column":36}},"18":{"start":{"line":68,"column":22},"end":{"line":68,"column":36}},"19":{"start":{"line":69,"column":2},"end":{"line":69,"column":39}},"20":{"start":{"line":69,"column":25},"end":{"line":69,"column":39}},"21":{"start":{"line":70,"column":2},"end":{"line":70,"column":16}},"22":{"start":{"line":74,"column":2},"end":{"line":74,"column":39}},"23":{"start":{"line":74,"column":30},"end":{"line":74,"column":39}},"24":{"start":{"line":75,"column":2},"end":{"line":75,"column":27}},"25":{"start":{"line":75,"column":17},"end":{"line":75,"column":27}},"26":{"start":{"line":76,"column":2},"end":{"line":76,"column":26}},"27":{"start":{"line":76,"column":17},"end":{"line":76,"column":26}},"28":{"start":{"line":78,"column":2},"end":{"line":78,"column":62}},"29":{"start":{"line":78,"column":25},"end":{"line":78,"column":62}},"30":{"start":{"line":79,"column":2},"end":{"line":79,"column":60}},"31":{"start":{"line":79,"column":23},"end":{"line":79,"column":60}},"32":{"start":{"line":80,"column":2},"end":{"line":80,"column":80}},"33":{"start":{"line":84,"column":18},"end":{"line":84,"column":46}},"34":{"start":{"line":84,"column":37},"end":{"line":84,"column":45}},"35":{"start":{"line":85,"column":16},"end":{"line":85,"column":35}},"36":{"start":{"line":87,"column":2},"end":{"line":107,"column":3}},"37":{"start":{"line":88,"column":17},"end":{"line":105,"column":16}},"38":{"start":{"line":90,"column":19},"end":{"line":90,"column":35}},"39":{"start":{"line":92,"column":10},"end":{"line":100,"column":23}},"40":{"start":{"line":102,"column":27},"end":{"line":102,"column":46}},"41":{"start":{"line":103,"column":8},"end":{"line":103,"column":67}},"42":{"start":{"line":106,"column":4},"end":{"line":106,"column":21}},"43":{"start":{"line":109,"column":15},"end":{"line":109,"column":79}},"44":{"start":{"line":110,"column":12},"end":{"line":110,"column":39}},"45":{"start":{"line":111,"column":2},"end":{"line":111,"column":37}},"46":{"start":{"line":112,"column":2},"end":{"line":112,"column":24}},"47":{"start":{"line":113,"column":2},"end":{"line":113,"column":12}},"48":{"start":{"line":114,"column":2},"end":{"line":114,"column":30}},"49":{"start":{"line":129,"column":6},"end":{"line":129,"column":11}},"50":{"start":{"line":131,"column":26},"end":{"line":131,"column":39}},"51":{"start":{"line":133,"column":2},"end":{"line":137,"column":30}},"52":{"start":{"line":134,"column":4},"end":{"line":136,"column":5}},"53":{"start":{"line":135,"column":6},"end":{"line":135,"column":70}},"54":{"start":{"line":140,"column":18},"end":{"line":153,"column":21}},"55":{"start":{"line":141,"column":4},"end":{"line":152,"column":7}},"56":{"start":{"line":142,"column":18},"end":{"line":142,"column":50}},"57":{"start":{"line":142,"column":39},"end":{"line":142,"column":49}},"58":{"start":{"line":143,"column":19},"end":{"line":143,"column":43}},"59":{"start":{"line":144,"column":64},"end":{"line":144,"column":76}},"60":{"start":{"line":146,"column":6},"end":{"line":150,"column":7}},"61":{"start":{"line":146,"column":63},"end":{"line":146,"column":73}},"62":{"start":{"line":147,"column":21},"end":{"line":147,"column":78}},"63":{"start":{"line":147,"column":47},"end":{"line":147,"column":76}},"64":{"start":{"line":149,"column":8},"end":{"line":149,"column":46}},"65":{"start":{"line":151,"column":6},"end":{"line":151,"column":47}},"66":{"start":{"line":162,"column":32},"end":{"line":162,"column":71}},"67":{"start":{"line":163,"column":20},"end":{"line":163,"column":32}},"68":{"start":{"line":166,"column":26},"end":{"line":166,"column":60}},"69":{"start":{"line":169,"column":4},"end":{"line":182,"column":7}},"70":{"start":{"line":170,"column":18},"end":{"line":170,"column":57}},"71":{"start":{"line":170,"column":40},"end":{"line":170,"column":56}},"72":{"start":{"line":171,"column":6},"end":{"line":174,"column":7}},"73":{"start":{"line":173,"column":8},"end":{"line":173,"column":97}},"74":{"start":{"line":176,"column":19},"end":{"line":176,"column":28}},"75":{"start":{"line":177,"column":22},"end":{"line":177,"column":31}},"76":{"start":{"line":178,"column":30},"end":{"line":178,"column":68}},"77":{"start":{"line":179,"column":6},"end":{"line":179,"column":52}},"78":{"start":{"line":180,"column":6},"end":{"line":180,"column":40}},"79":{"start":{"line":180,"column":21},"end":{"line":180,"column":40}},"80":{"start":{"line":181,"column":6},"end":{"line":181,"column":18}},"81":{"start":{"line":186,"column":34},"end":{"line":186,"column":54}},"82":{"start":{"line":187,"column":26},"end":{"line":187,"column":45}},"83":{"start":{"line":189,"column":2},"end":{"line":192,"column":35}},"84":{"start":{"line":191,"column":4},"end":{"line":191,"column":15}},"85":{"start":{"line":195,"column":19},"end":{"line":231,"column":33}},"86":{"start":{"line":196,"column":25},"end":{"line":197,"column":55}},"87":{"start":{"line":197,"column":6},"end":{"line":197,"column":55}},"88":{"start":{"line":199,"column":19},"end":{"line":228,"column":5}},"89":{"start":{"line":201,"column":6},"end":{"line":209,"column":7}},"90":{"start":{"line":202,"column":20},"end":{"line":207,"column":22}},"91":{"start":{"line":204,"column":22},"end":{"line":204,"column":32}},"92":{"start":{"line":205,"column":12},"end":{"line":205,"column":46}},"93":{"start":{"line":208,"column":8},"end":{"line":208,"column":55}},"94":{"start":{"line":208,"column":42},"end":{"line":208,"column":55}},"95":{"start":{"line":212,"column":6},"end":{"line":226,"column":7}},"96":{"start":{"line":213,"column":18},"end":{"line":213,"column":35}},"97":{"start":{"line":214,"column":8},"end":{"line":214,"column":25}},"98":{"start":{"line":214,"column":16},"end":{"line":214,"column":25}},"99":{"start":{"line":215,"column":18},"end":{"line":215,"column":31}},"100":{"start":{"line":217,"column":8},"end":{"line":225,"column":9}},"101":{"start":{"line":218,"column":10},"end":{"line":218,"column":68}},"102":{"start":{"line":218,"column":55},"end":{"line":218,"column":68}},"103":{"start":{"line":219,"column":15},"end":{"line":225,"column":9}},"104":{"start":{"line":220,"column":10},"end":{"line":220,"column":67}},"105":{"start":{"line":220,"column":54},"end":{"line":220,"column":67}},"106":{"start":{"line":221,"column":15},"end":{"line":225,"column":9}},"107":{"start":{"line":222,"column":20},"end":{"line":222,"column":47}},"108":{"start":{"line":223,"column":10},"end":{"line":223,"column":89}},"109":{"start":{"line":223,"column":76},"end":{"line":223,"column":89}},"110":{"start":{"line":224,"column":10},"end":{"line":224,"column":89}},"111":{"start":{"line":224,"column":76},"end":{"line":224,"column":89}},"112":{"start":{"line":227,"column":6},"end":{"line":227,"column":18}},"113":{"start":{"line":230,"column":4},"end":{"line":230,"column":31}},"114":{"start":{"line":234,"column":17},"end":{"line":248,"column":31}},"115":{"start":{"line":235,"column":4},"end":{"line":235,"column":38}},"116":{"start":{"line":235,"column":22},"end":{"line":235,"column":38}},"117":{"start":{"line":236,"column":21},"end":{"line":237,"column":56}},"118":{"start":{"line":237,"column":6},"end":{"line":237,"column":56}},"119":{"start":{"line":237,"column":26},"end":{"line":237,"column":39}},"120":{"start":{"line":238,"column":17},"end":{"line":238,"column":30}},"121":{"start":{"line":239,"column":4},"end":{"line":246,"column":7}},"122":{"start":{"line":240,"column":6},"end":{"line":244,"column":7}},"123":{"start":{"line":241,"column":18},"end":{"line":241,"column":33}},"124":{"start":{"line":242,"column":20},"end":{"line":242,"column":68}},"125":{"start":{"line":243,"column":8},"end":{"line":243,"column":59}},"126":{"start":{"line":243,"column":23},"end":{"line":243,"column":59}},"127":{"start":{"line":245,"column":6},"end":{"line":245,"column":15}},"128":{"start":{"line":247,"column":4},"end":{"line":247,"column":16}},"129":{"start":{"line":251,"column":20},"end":{"line":251,"column":68}},"130":{"start":{"line":252,"column":18},"end":{"line":252,"column":75}},"131":{"start":{"line":255,"column":36},"end":{"line":255,"column":62}},"132":{"start":{"line":256,"column":22},"end":{"line":256,"column":46}},"133":{"start":{"line":256,"column":28},"end":{"line":256,"column":46}},"134":{"start":{"line":260,"column":4},"end":{"line":270,"column":5}},"135":{"start":{"line":261,"column":19},"end":{"line":261,"column":31}},"136":{"start":{"line":262,"column":6},"end":{"line":262,"column":47}},"137":{"start":{"line":263,"column":6},"end":{"line":268,"column":7}},"138":{"start":{"line":264,"column":8},"end":{"line":265,"column":47}},"139":{"start":{"line":264,"column":14},"end":{"line":264,"column":32}},"140":{"start":{"line":265,"column":16},"end":{"line":265,"column":45}},"141":{"start":{"line":267,"column":8},"end":{"line":267,"column":58}},"142":{"start":{"line":269,"column":6},"end":{"line":269,"column":13}},"143":{"start":{"line":271,"column":4},"end":{"line":272,"column":27}},"144":{"start":{"line":271,"column":26},"end":{"line":271,"column":48}},"145":{"start":{"line":272,"column":9},"end":{"line":272,"column":27}},"146":{"start":{"line":277,"column":4},"end":{"line":277,"column":66}},"147":{"start":{"line":277,"column":23},"end":{"line":277,"column":63}},"148":{"start":{"line":280,"column":4},"end":{"line":280,"column":66}},"149":{"start":{"line":280,"column":23},"end":{"line":280,"column":63}},"150":{"start":{"line":283,"column":4},"end":{"line":283,"column":71}},"151":{"start":{"line":283,"column":23},"end":{"line":283,"column":68}},"152":{"start":{"line":286,"column":16},"end":{"line":287,"column":53}},"153":{"start":{"line":287,"column":4},"end":{"line":287,"column":53}},"154":{"start":{"line":290,"column":2},"end":{"line":560,"column":4}},"155":{"start":{"line":298,"column":27},"end":{"line":298,"column":47}},"156":{"start":{"line":304,"column":12},"end":{"line":307,"column":null}},"157":{"start":{"line":320,"column":29},"end":{"line":320,"column":62}},"158":{"start":{"line":320,"column":46},"end":{"line":320,"column":61}},"159":{"start":{"line":322,"column":16},"end":{"line":323,"column":48}},"160":{"start":{"line":324,"column":14},"end":{"line":333,"column":16}},"161":{"start":{"line":328,"column":34},"end":{"line":328,"column":63}},"162":{"start":{"line":341,"column":24},"end":{"line":341,"column":38}},"163":{"start":{"line":342,"column":14},"end":{"line":368,"column":15}},"164":{"start":{"line":343,"column":28},"end":{"line":343,"column":87}},"165":{"start":{"line":344,"column":16},"end":{"line":367,"column":18}},"166":{"start":{"line":353,"column":26},"end":{"line":353,"column":107}},"167":{"start":{"line":362,"column":26},"end":{"line":362,"column":107}},"168":{"start":{"line":370,"column":14},"end":{"line":394,"column":15}},"169":{"start":{"line":371,"column":28},"end":{"line":371,"column":86}},"170":{"start":{"line":372,"column":28},"end":{"line":372,"column":50}},"171":{"start":{"line":373,"column":16},"end":{"line":393,"column":18}},"172":{"start":{"line":379,"column":24},"end":{"line":381,"column":null}},"173":{"start":{"line":387,"column":24},"end":{"line":387,"column":48}},"174":{"start":{"line":397,"column":26},"end":{"line":397,"column":84}},"175":{"start":{"line":398,"column":14},"end":{"line":407,"column":16}},"176":{"start":{"line":404,"column":37},"end":{"line":404,"column":73}},"177":{"start":{"line":417,"column":14},"end":{"line":417,"column":34}},"178":{"start":{"line":419,"column":18},"end":{"line":419,"column":null}},"179":{"start":{"line":447,"column":14},"end":{"line":448,"column":null}},"180":{"start":{"line":450,"column":37},"end":{"line":450,"column":51}},"181":{"start":{"line":454,"column":36},"end":{"line":454,"column":74}},"182":{"start":{"line":454,"column":59},"end":{"line":454,"column":74}},"183":{"start":{"line":457,"column":29},"end":{"line":457,"column":47}},"184":{"start":{"line":459,"column":20},"end":{"line":459,"column":78}},"185":{"start":{"line":460,"column":34},"end":{"line":460,"column":76}},"186":{"start":{"line":461,"column":38},"end":{"line":461,"column":51}},"187":{"start":{"line":463,"column":18},"end":{"line":482,"column":19}},"188":{"start":{"line":464,"column":20},"end":{"line":481,"column":22}},"189":{"start":{"line":471,"column":48},"end":{"line":471,"column":67}},"190":{"start":{"line":471,"column":68},"end":{"line":471,"column":83}},"191":{"start":{"line":484,"column":18},"end":{"line":488,"column":20}},"192":{"start":{"line":505,"column":27},"end":{"line":505,"column":61}},"193":{"start":{"line":505,"column":42},"end":{"line":505,"column":60}},"194":{"start":{"line":513,"column":27},"end":{"line":513,"column":73}},"195":{"start":{"line":513,"column":42},"end":{"line":513,"column":72}},"196":{"start":{"line":521,"column":29},"end":{"line":521,"column":64}},"197":{"start":{"line":524,"column":14},"end":{"line":524,"column":30}},"198":{"start":{"line":543,"column":29},"end":{"line":543,"column":53}},"199":{"start":{"line":544,"column":18},"end":{"line":551,"column":20}}},"fnMap":{"0":{"name":"(anonymous_0)","decl":{"start":{"line":59,"column":17},"end":{"line":59,"column":18}},"loc":{"start":{"line":59,"column":29},"end":{"line":59,"column":72}}},"1":{"name":"(anonymous_1)","decl":{"start":{"line":60,"column":15},"end":{"line":60,"column":16}},"loc":{"start":{"line":60,"column":27},"end":{"line":60,"column":49}}},"2":{"name":"(anonymous_2)","decl":{"start":{"line":61,"column":18},"end":{"line":61,"column":19}},"loc":{"start":{"line":62,"column":2},"end":{"line":62,"column":55}}},"3":{"name":"inferType","decl":{"start":{"line":64,"column":9},"end":{"line":64,"column":18}},"loc":{"start":{"line":64,"column":32},"end":{"line":71,"column":1}}},"4":{"name":"(anonymous_4)","decl":{"start":{"line":65,"column":29},"end":{"line":65,"column":30}},"loc":{"start":{"line":65,"column":36},"end":{"line":65,"column":65}}},"5":{"name":"compare","decl":{"start":{"line":73,"column":9},"end":{"line":73,"column":16}},"loc":{"start":{"line":73,"column":46},"end":{"line":81,"column":1}}},"6":{"name":"downloadCSV","decl":{"start":{"line":83,"column":9},"end":{"line":83,"column":20}},"loc":{"start":{"line":83,"column":73},"end":{"line":115,"column":1}}},"7":{"name":"(anonymous_7)","decl":{"start":{"line":84,"column":30},"end":{"line":84,"column":31}},"loc":{"start":{"line":84,"column":37},"end":{"line":84,"column":45}}},"8":{"name":"(anonymous_8)","decl":{"start":{"line":89,"column":11},"end":{"line":89,"column":12}},"loc":{"start":{"line":89,"column":17},"end":{"line":104,"column":7}}},"9":{"name":"DataTable","decl":{"start":{"line":118,"column":24},"end":{"line":118,"column":33}},"loc":{"start":{"line":118,"column":71},"end":{"line":561,"column":1}}},"10":{"name":"(anonymous_10)","decl":{"start":{"line":133,"column":12},"end":{"line":133,"column":15}},"loc":{"start":{"line":133,"column":17},"end":{"line":137,"column":3}}},"11":{"name":"(anonymous_11)","decl":{"start":{"line":140,"column":26},"end":{"line":140,"column":29}},"loc":{"start":{"line":140,"column":31},"end":{"line":153,"column":3}}},"12":{"name":"(anonymous_12)","decl":{"start":{"line":141,"column":23},"end":{"line":141,"column":24}},"loc":{"start":{"line":141,"column":29},"end":{"line":152,"column":5}}},"13":{"name":"(anonymous_13)","decl":{"start":{"line":142,"column":27},"end":{"line":142,"column":28}},"loc":{"start":{"line":142,"column":39},"end":{"line":142,"column":49}}},"14":{"name":"(anonymous_14)","decl":{"start":{"line":146,"column":56},"end":{"line":146,"column":57}},"loc":{"start":{"line":146,"column":63},"end":{"line":146,"column":73}}},"15":{"name":"(anonymous_15)","decl":{"start":{"line":147,"column":40},"end":{"line":147,"column":41}},"loc":{"start":{"line":147,"column":47},"end":{"line":147,"column":76}}},"16":{"name":"toggleSort","decl":{"start":{"line":168,"column":11},"end":{"line":168,"column":21}},"loc":{"start":{"line":168,"column":55},"end":{"line":183,"column":3}}},"17":{"name":"(anonymous_17)","decl":{"start":{"line":169,"column":12},"end":{"line":169,"column":13}},"loc":{"start":{"line":169,"column":21},"end":{"line":182,"column":5}}},"18":{"name":"(anonymous_18)","decl":{"start":{"line":170,"column":33},"end":{"line":170,"column":34}},"loc":{"start":{"line":170,"column":40},"end":{"line":170,"column":56}}},"19":{"name":"(anonymous_19)","decl":{"start":{"line":189,"column":12},"end":{"line":189,"column":15}},"loc":{"start":{"line":189,"column":17},"end":{"line":192,"column":3}}},"20":{"name":"(anonymous_20)","decl":{"start":{"line":195,"column":27},"end":{"line":195,"column":30}},"loc":{"start":{"line":195,"column":32},"end":{"line":231,"column":3}}},"21":{"name":"(anonymous_21)","decl":{"start":{"line":196,"column":25},"end":{"line":196,"column":26}},"loc":{"start":{"line":197,"column":6},"end":{"line":197,"column":55}}},"22":{"name":"(anonymous_22)","decl":{"start":{"line":199,"column":19},"end":{"line":199,"column":20}},"loc":{"start":{"line":199,"column":41},"end":{"line":228,"column":5}}},"23":{"name":"(anonymous_23)","decl":{"start":{"line":203,"column":15},"end":{"line":203,"column":16}},"loc":{"start":{"line":203,"column":21},"end":{"line":206,"column":11}}},"24":{"name":"(anonymous_24)","decl":{"start":{"line":234,"column":25},"end":{"line":234,"column":28}},"loc":{"start":{"line":234,"column":30},"end":{"line":248,"column":3}}},"25":{"name":"(anonymous_25)","decl":{"start":{"line":236,"column":21},"end":{"line":236,"column":22}},"loc":{"start":{"line":237,"column":6},"end":{"line":237,"column":56}}},"26":{"name":"(anonymous_26)","decl":{"start":{"line":237,"column":19},"end":{"line":237,"column":20}},"loc":{"start":{"line":237,"column":26},"end":{"line":237,"column":39}}},"27":{"name":"(anonymous_27)","decl":{"start":{"line":239,"column":14},"end":{"line":239,"column":15}},"loc":{"start":{"line":239,"column":23},"end":{"line":246,"column":5}}},"28":{"name":"(anonymous_28)","decl":{"start":{"line":256,"column":22},"end":{"line":256,"column":25}},"loc":{"start":{"line":256,"column":28},"end":{"line":256,"column":46}}},"29":{"name":"handleDbl","decl":{"start":{"line":258,"column":11},"end":{"line":258,"column":20}},"loc":{"start":{"line":258,"column":29},"end":{"line":273,"column":3}}},"30":{"name":"setTextFilter","decl":{"start":{"line":276,"column":11},"end":{"line":276,"column":24}},"loc":{"start":{"line":276,"column":51},"end":{"line":278,"column":3}}},"31":{"name":"(anonymous_31)","decl":{"start":{"line":277,"column":15},"end":{"line":277,"column":16}},"loc":{"start":{"line":277,"column":23},"end":{"line":277,"column":63}}},"32":{"name":"setEnumFilter","decl":{"start":{"line":279,"column":11},"end":{"line":279,"column":24}},"loc":{"start":{"line":279,"column":48},"end":{"line":281,"column":3}}},"33":{"name":"(anonymous_33)","decl":{"start":{"line":280,"column":15},"end":{"line":280,"column":16}},"loc":{"start":{"line":280,"column":23},"end":{"line":280,"column":63}}},"34":{"name":"setNumFilter","decl":{"start":{"line":282,"column":11},"end":{"line":282,"column":23}},"loc":{"start":{"line":282,"column":73},"end":{"line":284,"column":3}}},"35":{"name":"(anonymous_35)","decl":{"start":{"line":283,"column":15},"end":{"line":283,"column":16}},"loc":{"start":{"line":283,"column":23},"end":{"line":283,"column":68}}},"36":{"name":"(anonymous_36)","decl":{"start":{"line":286,"column":16},"end":{"line":286,"column":17}},"loc":{"start":{"line":287,"column":4},"end":{"line":287,"column":53}}},"37":{"name":"(anonymous_37)","decl":{"start":{"line":298,"column":20},"end":{"line":298,"column":21}},"loc":{"start":{"line":298,"column":27},"end":{"line":298,"column":47}}},"38":{"name":"(anonymous_38)","decl":{"start":{"line":303,"column":19},"end":{"line":303,"column":22}},"loc":{"start":{"line":304,"column":12},"end":{"line":307,"column":null}}},"39":{"name":"(anonymous_39)","decl":{"start":{"line":319,"column":25},"end":{"line":319,"column":26}},"loc":{"start":{"line":319,"column":31},"end":{"line":334,"column":13}}},"40":{"name":"(anonymous_40)","decl":{"start":{"line":320,"column":39},"end":{"line":320,"column":40}},"loc":{"start":{"line":320,"column":46},"end":{"line":320,"column":61}}},"41":{"name":"(anonymous_41)","decl":{"start":{"line":328,"column":27},"end":{"line":328,"column":28}},"loc":{"start":{"line":328,"column":34},"end":{"line":328,"column":63}}},"42":{"name":"(anonymous_42)","decl":{"start":{"line":340,"column":25},"end":{"line":340,"column":26}},"loc":{"start":{"line":340,"column":31},"end":{"line":408,"column":13}}},"43":{"name":"(anonymous_43)","decl":{"start":{"line":352,"column":34},"end":{"line":352,"column":35}},"loc":{"start":{"line":353,"column":26},"end":{"line":353,"column":107}}},"44":{"name":"(anonymous_44)","decl":{"start":{"line":361,"column":34},"end":{"line":361,"column":35}},"loc":{"start":{"line":362,"column":26},"end":{"line":362,"column":107}}},"45":{"name":"(anonymous_45)","decl":{"start":{"line":378,"column":32},"end":{"line":378,"column":33}},"loc":{"start":{"line":379,"column":24},"end":{"line":381,"column":null}}},"46":{"name":"(anonymous_46)","decl":{"start":{"line":386,"column":40},"end":{"line":386,"column":41}},"loc":{"start":{"line":387,"column":24},"end":{"line":387,"column":48}}},"47":{"name":"(anonymous_47)","decl":{"start":{"line":404,"column":30},"end":{"line":404,"column":31}},"loc":{"start":{"line":404,"column":37},"end":{"line":404,"column":73}}},"48":{"name":"(anonymous_48)","decl":{"start":{"line":416,"column":42},"end":{"line":416,"column":43}},"loc":{"start":{"line":417,"column":14},"end":{"line":417,"column":34}}},"49":{"name":"(anonymous_49)","decl":{"start":{"line":418,"column":29},"end":{"line":418,"column":30}},"loc":{"start":{"line":419,"column":18},"end":{"line":419,"column":null}}},"50":{"name":"(anonymous_50)","decl":{"start":{"line":446,"column":24},"end":{"line":446,"column":25}},"loc":{"start":{"line":447,"column":14},"end":{"line":448,"column":null}}},"51":{"name":"(anonymous_51)","decl":{"start":{"line":450,"column":31},"end":{"line":450,"column":34}},"loc":{"start":{"line":450,"column":37},"end":{"line":450,"column":51}}},"52":{"name":"(anonymous_52)","decl":{"start":{"line":454,"column":27},"end":{"line":454,"column":28}},"loc":{"start":{"line":454,"column":33},"end":{"line":454,"column":76}}},"53":{"name":"(anonymous_53)","decl":{"start":{"line":456,"column":29},"end":{"line":456,"column":30}},"loc":{"start":{"line":456,"column":44},"end":{"line":489,"column":17}}},"54":{"name":"(anonymous_54)","decl":{"start":{"line":471,"column":39},"end":{"line":471,"column":40}},"loc":{"start":{"line":471,"column":45},"end":{"line":471,"column":85}}},"55":{"name":"(anonymous_55)","decl":{"start":{"line":505,"column":21},"end":{"line":505,"column":24}},"loc":{"start":{"line":505,"column":27},"end":{"line":505,"column":61}}},"56":{"name":"(anonymous_56)","decl":{"start":{"line":505,"column":35},"end":{"line":505,"column":36}},"loc":{"start":{"line":505,"column":42},"end":{"line":505,"column":60}}},"57":{"name":"(anonymous_57)","decl":{"start":{"line":513,"column":21},"end":{"line":513,"column":24}},"loc":{"start":{"line":513,"column":27},"end":{"line":513,"column":73}}},"58":{"name":"(anonymous_58)","decl":{"start":{"line":513,"column":35},"end":{"line":513,"column":36}},"loc":{"start":{"line":513,"column":42},"end":{"line":513,"column":72}}},"59":{"name":"(anonymous_59)","decl":{"start":{"line":521,"column":22},"end":{"line":521,"column":23}},"loc":{"start":{"line":521,"column":29},"end":{"line":521,"column":64}}},"60":{"name":"(anonymous_60)","decl":{"start":{"line":523,"column":30},"end":{"line":523,"column":31}},"loc":{"start":{"line":524,"column":14},"end":{"line":524,"column":30}}},"61":{"name":"(anonymous_61)","decl":{"start":{"line":542,"column":29},"end":{"line":542,"column":30}},"loc":{"start":{"line":542,"column":35},"end":{"line":552,"column":17}}}},"branchMap":{"0":{"loc":{"start":{"line":59,"column":29},"end":{"line":59,"column":72}},"type":"binary-expr","locations":[{"start":{"line":59,"column":29},"end":{"line":59,"column":50}},{"start":{"line":59,"column":54},"end":{"line":59,"column":72}}]},"1":{"loc":{"start":{"line":62,"column":2},"end":{"line":62,"column":55}},"type":"binary-expr","locations":[{"start":{"line":62,"column":2},"end":{"line":62,"column":23}},{"start":{"line":62,"column":27},"end":{"line":62,"column":55}}]},"2":{"loc":{"start":{"line":65,"column":36},"end":{"line":65,"column":65}},"type":"binary-expr","locations":[{"start":{"line":65,"column":36},"end":{"line":65,"column":46}},{"start":{"line":65,"column":50},"end":{"line":65,"column":65}}]},"3":{"loc":{"start":{"line":66,"column":2},"end":{"line":66,"column":36}},"type":"if","locations":[{"start":{"line":66,"column":2},"end":{"line":66,"column":36}}]},"4":{"loc":{"start":{"line":67,"column":2},"end":{"line":67,"column":40}},"type":"if","locations":[{"start":{"line":67,"column":2},"end":{"line":67,"column":40}}]},"5":{"loc":{"start":{"line":68,"column":2},"end":{"line":68,"column":36}},"type":"if","locations":[{"start":{"line":68,"column":2},"end":{"line":68,"column":36}}]},"6":{"loc":{"start":{"line":69,"column":2},"end":{"line":69,"column":39}},"type":"if","locations":[{"start":{"line":69,"column":2},"end":{"line":69,"column":39}}]},"7":{"loc":{"start":{"line":74,"column":2},"end":{"line":74,"column":39}},"type":"if","locations":[{"start":{"line":74,"column":2},"end":{"line":74,"column":39}}]},"8":{"loc":{"start":{"line":74,"column":6},"end":{"line":74,"column":28}},"type":"binary-expr","locations":[{"start":{"line":74,"column":6},"end":{"line":74,"column":15}},{"start":{"line":74,"column":19},"end":{"line":74,"column":28}}]},"9":{"loc":{"start":{"line":75,"column":2},"end":{"line":75,"column":27}},"type":"if","locations":[{"start":{"line":75,"column":2},"end":{"line":75,"column":27}}]},"10":{"loc":{"start":{"line":76,"column":2},"end":{"line":76,"column":26}},"type":"if","locations":[{"start":{"line":76,"column":2},"end":{"line":76,"column":26}}]},"11":{"loc":{"start":{"line":78,"column":2},"end":{"line":78,"column":62}},"type":"if","locations":[{"start":{"line":78,"column":2},"end":{"line":78,"column":62}}]},"12":{"loc":{"start":{"line":79,"column":2},"end":{"line":79,"column":60}},"type":"if","locations":[{"start":{"line":79,"column":2},"end":{"line":79,"column":60}}]},"13":{"loc":{"start":{"line":92,"column":10},"end":{"line":100,"column":23}},"type":"cond-expr","locations":[{"start":{"line":93,"column":14},"end":{"line":93,"column":16}},{"start":{"line":94,"column":14},"end":{"line":100,"column":23}}]},"14":{"loc":{"start":{"line":94,"column":14},"end":{"line":100,"column":23}},"type":"cond-expr","locations":[{"start":{"line":95,"column":14},"end":{"line":95,"column":15}},{"start":{"line":96,"column":14},"end":{"line":100,"column":23}}]},"15":{"loc":{"start":{"line":96,"column":14},"end":{"line":100,"column":23}},"type":"cond-expr","locations":[{"start":{"line":97,"column":14},"end":{"line":97,"column":23}},{"start":{"line":98,"column":14},"end":{"line":100,"column":23}}]},"16":{"loc":{"start":{"line":98,"column":14},"end":{"line":100,"column":23}},"type":"cond-expr","locations":[{"start":{"line":99,"column":15},"end":{"line":99,"column":35}},{"start":{"line":100,"column":14},"end":{"line":100,"column":23}}]},"17":{"loc":{"start":{"line":99,"column":15},"end":{"line":99,"column":35}},"type":"cond-expr","locations":[{"start":{"line":99,"column":19},"end":{"line":99,"column":25}},{"start":{"line":99,"column":28},"end":{"line":99,"column":35}}]},"18":{"loc":{"start":{"line":103,"column":15},"end":{"line":103,"column":66}},"type":"cond-expr","locations":[{"start":{"line":103,"column":28},"end":{"line":103,"column":59}},{"start":{"line":103,"column":62},"end":{"line":103,"column":66}}]},"19":{"loc":{"start":{"line":128,"column":4},"end":{"line":128,"column":20}},"type":"default-arg","locations":[{"start":{"line":128,"column":18},"end":{"line":128,"column":20}}]},"20":{"loc":{"start":{"line":134,"column":4},"end":{"line":136,"column":5}},"type":"if","locations":[{"start":{"line":134,"column":4},"end":{"line":136,"column":5}}]},"21":{"loc":{"start":{"line":135,"column":49},"end":{"line":135,"column":66}},"type":"binary-expr","locations":[{"start":{"line":135,"column":49},"end":{"line":135,"column":61}},{"start":{"line":135,"column":65},"end":{"line":135,"column":66}}]},"22":{"loc":{"start":{"line":143,"column":19},"end":{"line":143,"column":43}},"type":"binary-expr","locations":[{"start":{"line":143,"column":19},"end":{"line":143,"column":25}},{"start":{"line":143,"column":29},"end":{"line":143,"column":43}}]},"23":{"loc":{"start":{"line":146,"column":6},"end":{"line":150,"column":7}},"type":"if","locations":[{"start":{"line":146,"column":6},"end":{"line":150,"column":7}}]},"24":{"loc":{"start":{"line":146,"column":10},"end":{"line":146,"column":76}},"type":"binary-expr","locations":[{"start":{"line":146,"column":10},"end":{"line":146,"column":16}},{"start":{"line":146,"column":21},"end":{"line":146,"column":36}},{"start":{"line":146,"column":40},"end":{"line":146,"column":75}}]},"25":{"loc":{"start":{"line":147,"column":47},"end":{"line":147,"column":76}},"type":"binary-expr","locations":[{"start":{"line":147,"column":47},"end":{"line":147,"column":57}},{"start":{"line":147,"column":61},"end":{"line":147,"column":76}}]},"26":{"loc":{"start":{"line":171,"column":6},"end":{"line":174,"column":7}},"type":"if","locations":[{"start":{"line":171,"column":6},"end":{"line":174,"column":7}}]},"27":{"loc":{"start":{"line":173,"column":15},"end":{"line":173,"column":96}},"type":"cond-expr","locations":[{"start":{"line":173,"column":26},"end":{"line":173,"column":64}},{"start":{"line":173,"column":67},"end":{"line":173,"column":96}}]},"28":{"loc":{"start":{"line":178,"column":30},"end":{"line":178,"column":68}},"type":"cond-expr","locations":[{"start":{"line":178,"column":54},"end":{"line":178,"column":60}},{"start":{"line":178,"column":63},"end":{"line":178,"column":68}}]},"29":{"loc":{"start":{"line":180,"column":6},"end":{"line":180,"column":40}},"type":"if","locations":[{"start":{"line":180,"column":6},"end":{"line":180,"column":40}}]},"30":{"loc":{"start":{"line":201,"column":6},"end":{"line":209,"column":7}},"type":"if","locations":[{"start":{"line":201,"column":6},"end":{"line":209,"column":7}}]},"31":{"loc":{"start":{"line":205,"column":19},"end":{"line":205,"column":45}},"type":"cond-expr","locations":[{"start":{"line":205,"column":31},"end":{"line":205,"column":33}},{"start":{"line":205,"column":36},"end":{"line":205,"column":45}}]},"32":{"loc":{"start":{"line":208,"column":8},"end":{"line":208,"column":55}},"type":"if","locations":[{"start":{"line":208,"column":8},"end":{"line":208,"column":55}}]},"33":{"loc":{"start":{"line":214,"column":8},"end":{"line":214,"column":25}},"type":"if","locations":[{"start":{"line":214,"column":8},"end":{"line":214,"column":25}}]},"34":{"loc":{"start":{"line":217,"column":8},"end":{"line":225,"column":9}},"type":"if","locations":[{"start":{"line":217,"column":8},"end":{"line":225,"column":9}},{"start":{"line":219,"column":15},"end":{"line":225,"column":9}}]},"35":{"loc":{"start":{"line":218,"column":10},"end":{"line":218,"column":68}},"type":"if","locations":[{"start":{"line":218,"column":10},"end":{"line":218,"column":68}}]},"36":{"loc":{"start":{"line":218,"column":35},"end":{"line":218,"column":42}},"type":"binary-expr","locations":[{"start":{"line":218,"column":35},"end":{"line":218,"column":36}},{"start":{"line":218,"column":40},"end":{"line":218,"column":42}}]},"37":{"loc":{"start":{"line":219,"column":15},"end":{"line":225,"column":9}},"type":"if","locations":[{"start":{"line":219,"column":15},"end":{"line":225,"column":9}},{"start":{"line":221,"column":15},"end":{"line":225,"column":9}}]},"38":{"loc":{"start":{"line":220,"column":10},"end":{"line":220,"column":67}},"type":"if","locations":[{"start":{"line":220,"column":10},"end":{"line":220,"column":67}}]},"39":{"loc":{"start":{"line":220,"column":14},"end":{"line":220,"column":52}},"type":"binary-expr","locations":[{"start":{"line":220,"column":14},"end":{"line":220,"column":35}},{"start":{"line":220,"column":39},"end":{"line":220,"column":52}}]},"40":{"loc":{"start":{"line":221,"column":15},"end":{"line":225,"column":9}},"type":"if","locations":[{"start":{"line":221,"column":15},"end":{"line":225,"column":9}}]},"41":{"loc":{"start":{"line":222,"column":20},"end":{"line":222,"column":47}},"type":"cond-expr","locations":[{"start":{"line":222,"column":32},"end":{"line":222,"column":35}},{"start":{"line":222,"column":38},"end":{"line":222,"column":47}}]},"42":{"loc":{"start":{"line":223,"column":10},"end":{"line":223,"column":89}},"type":"if","locations":[{"start":{"line":223,"column":10},"end":{"line":223,"column":89}}]},"43":{"loc":{"start":{"line":223,"column":14},"end":{"line":223,"column":74}},"type":"binary-expr","locations":[{"start":{"line":223,"column":14},"end":{"line":223,"column":33}},{"start":{"line":223,"column":37},"end":{"line":223,"column":49}},{"start":{"line":223,"column":53},"end":{"line":223,"column":74}}]},"44":{"loc":{"start":{"line":224,"column":10},"end":{"line":224,"column":89}},"type":"if","locations":[{"start":{"line":224,"column":10},"end":{"line":224,"column":89}}]},"45":{"loc":{"start":{"line":224,"column":14},"end":{"line":224,"column":74}},"type":"binary-expr","locations":[{"start":{"line":224,"column":14},"end":{"line":224,"column":33}},{"start":{"line":224,"column":37},"end":{"line":224,"column":49}},{"start":{"line":224,"column":53},"end":{"line":224,"column":74}}]},"46":{"loc":{"start":{"line":235,"column":4},"end":{"line":235,"column":38}},"type":"if","locations":[{"start":{"line":235,"column":4},"end":{"line":235,"column":38}}]},"47":{"loc":{"start":{"line":237,"column":6},"end":{"line":237,"column":56}},"type":"binary-expr","locations":[{"start":{"line":237,"column":6},"end":{"line":237,"column":46}},{"start":{"line":237,"column":50},"end":{"line":237,"column":56}}]},"48":{"loc":{"start":{"line":243,"column":8},"end":{"line":243,"column":59}},"type":"if","locations":[{"start":{"line":243,"column":8},"end":{"line":243,"column":59}}]},"49":{"loc":{"start":{"line":243,"column":30},"end":{"line":243,"column":58}},"type":"cond-expr","locations":[{"start":{"line":243,"column":48},"end":{"line":243,"column":51}},{"start":{"line":243,"column":54},"end":{"line":243,"column":58}}]},"50":{"loc":{"start":{"line":260,"column":4},"end":{"line":270,"column":5}},"type":"if","locations":[{"start":{"line":260,"column":4},"end":{"line":270,"column":5}}]},"51":{"loc":{"start":{"line":263,"column":6},"end":{"line":268,"column":7}},"type":"if","locations":[{"start":{"line":263,"column":6},"end":{"line":268,"column":7}},{"start":{"line":266,"column":13},"end":{"line":268,"column":7}}]},"52":{"loc":{"start":{"line":263,"column":10},"end":{"line":263,"column":53}},"type":"binary-expr","locations":[{"start":{"line":263,"column":10},"end":{"line":263,"column":34}},{"start":{"line":263,"column":38},"end":{"line":263,"column":53}}]},"53":{"loc":{"start":{"line":271,"column":4},"end":{"line":272,"column":27}},"type":"if","locations":[{"start":{"line":271,"column":4},"end":{"line":272,"column":27}},{"start":{"line":272,"column":9},"end":{"line":272,"column":27}}]},"54":{"loc":{"start":{"line":287,"column":4},"end":{"line":287,"column":53}},"type":"binary-expr","locations":[{"start":{"line":287,"column":5},"end":{"line":287,"column":25}},{"start":{"line":287,"column":31},"end":{"line":287,"column":46}},{"start":{"line":287,"column":50},"end":{"line":287,"column":53}}]},"55":{"loc":{"start":{"line":323,"column":17},"end":{"line":323,"column":47}},"type":"cond-expr","locations":[{"start":{"line":323,"column":26},"end":{"line":323,"column":42}},{"start":{"line":323,"column":45},"end":{"line":323,"column":47}}]},"56":{"loc":{"start":{"line":335,"column":13},"end":{"line":335,"column":33}},"type":"binary-expr","locations":[{"start":{"line":335,"column":13},"end":{"line":335,"column":23}},{"start":{"line":335,"column":27},"end":{"line":335,"column":33}}]},"57":{"loc":{"start":{"line":342,"column":14},"end":{"line":368,"column":15}},"type":"if","locations":[{"start":{"line":342,"column":14},"end":{"line":368,"column":15}}]},"58":{"loc":{"start":{"line":343,"column":28},"end":{"line":343,"column":87}},"type":"cond-expr","locations":[{"start":{"line":343,"column":60},"end":{"line":343,"column":75}},{"start":{"line":343,"column":78},"end":{"line":343,"column":87}}]},"59":{"loc":{"start":{"line":351,"column":31},"end":{"line":351,"column":44}},"type":"binary-expr","locations":[{"start":{"line":351,"column":31},"end":{"line":351,"column":38}},{"start":{"line":351,"column":42},"end":{"line":351,"column":44}}]},"60":{"loc":{"start":{"line":353,"column":46},"end":{"line":353,"column":97}},"type":"cond-expr","locations":[{"start":{"line":353,"column":70},"end":{"line":353,"column":72}},{"start":{"line":353,"column":75},"end":{"line":353,"column":97}}]},"61":{"loc":{"start":{"line":360,"column":31},"end":{"line":360,"column":44}},"type":"binary-expr","locations":[{"start":{"line":360,"column":31},"end":{"line":360,"column":38}},{"start":{"line":360,"column":42},"end":{"line":360,"column":44}}]},"62":{"loc":{"start":{"line":362,"column":55},"end":{"line":362,"column":106}},"type":"cond-expr","locations":[{"start":{"line":362,"column":79},"end":{"line":362,"column":81}},{"start":{"line":362,"column":84},"end":{"line":362,"column":106}}]},"63":{"loc":{"start":{"line":370,"column":14},"end":{"line":394,"column":15}},"type":"if","locations":[{"start":{"line":370,"column":14},"end":{"line":394,"column":15}}]},"64":{"loc":{"start":{"line":370,"column":18},"end":{"line":370,"column":74}},"type":"binary-expr","locations":[{"start":{"line":370,"column":18},"end":{"line":370,"column":35}},{"start":{"line":370,"column":39},"end":{"line":370,"column":51}},{"start":{"line":370,"column":55},"end":{"line":370,"column":74}}]},"65":{"loc":{"start":{"line":371,"column":28},"end":{"line":371,"column":86}},"type":"cond-expr","locations":[{"start":{"line":371,"column":58},"end":{"line":371,"column":74}},{"start":{"line":371,"column":77},"end":{"line":371,"column":86}}]},"66":{"loc":{"start":{"line":372,"column":28},"end":{"line":372,"column":50}},"type":"binary-expr","locations":[{"start":{"line":372,"column":28},"end":{"line":372,"column":37}},{"start":{"line":372,"column":41},"end":{"line":372,"column":50}}]},"67":{"loc":{"start":{"line":381,"column":26},"end":{"line":381,"column":92}},"type":"cond-expr","locations":[{"start":{"line":381,"column":57},"end":{"line":381,"column":66}},{"start":{"line":381,"column":70},"end":{"line":381,"column":92}}]},"68":{"loc":{"start":{"line":397,"column":26},"end":{"line":397,"column":84}},"type":"cond-expr","locations":[{"start":{"line":397,"column":56},"end":{"line":397,"column":72}},{"start":{"line":397,"column":75},"end":{"line":397,"column":84}}]},"69":{"loc":{"start":{"line":403,"column":27},"end":{"line":403,"column":42}},"type":"binary-expr","locations":[{"start":{"line":403,"column":27},"end":{"line":403,"column":36}},{"start":{"line":403,"column":40},"end":{"line":403,"column":42}}]},"70":{"loc":{"start":{"line":409,"column":13},"end":{"line":409,"column":33}},"type":"binary-expr","locations":[{"start":{"line":409,"column":13},"end":{"line":409,"column":23}},{"start":{"line":409,"column":27},"end":{"line":409,"column":33}}]},"71":{"loc":{"start":{"line":415,"column":11},"end":{"line":425,"column":14}},"type":"binary-expr","locations":[{"start":{"line":415,"column":11},"end":{"line":415,"column":18}},{"start":{"line":416,"column":12},"end":{"line":425,"column":14}}]},"72":{"loc":{"start":{"line":423,"column":17},"end":{"line":423,"column":37}},"type":"binary-expr","locations":[{"start":{"line":423,"column":17},"end":{"line":423,"column":27}},{"start":{"line":423,"column":31},"end":{"line":423,"column":37}}]},"73":{"loc":{"start":{"line":428,"column":11},"end":{"line":433,"column":null}},"type":"binary-expr","locations":[{"start":{"line":428,"column":11},"end":{"line":428,"column":19}},{"start":{"line":428,"column":23},"end":{"line":428,"column":28}},{"start":{"line":429,"column":12},"end":{"line":432,"column":null}}]},"74":{"loc":{"start":{"line":430,"column":66},"end":{"line":430,"column":84}},"type":"cond-expr","locations":[{"start":{"line":430,"column":79},"end":{"line":430,"column":80}},{"start":{"line":430,"column":83},"end":{"line":430,"column":84}}]},"75":{"loc":{"start":{"line":435,"column":11},"end":{"line":440,"column":null}},"type":"binary-expr","locations":[{"start":{"line":435,"column":11},"end":{"line":435,"column":19}},{"start":{"line":435,"column":23},"end":{"line":435,"column":29}},{"start":{"line":435,"column":33},"end":{"line":435,"column":53}},{"start":{"line":436,"column":12},"end":{"line":439,"column":null}}]},"76":{"loc":{"start":{"line":437,"column":66},"end":{"line":437,"column":84}},"type":"cond-expr","locations":[{"start":{"line":437,"column":79},"end":{"line":437,"column":80}},{"start":{"line":437,"column":83},"end":{"line":437,"column":84}}]},"77":{"loc":{"start":{"line":444,"column":11},"end":{"line":492,"column":14}},"type":"binary-expr","locations":[{"start":{"line":444,"column":11},"end":{"line":444,"column":19}},{"start":{"line":445,"column":12},"end":{"line":445,"column":18}},{"start":{"line":446,"column":12},"end":{"line":492,"column":14}}]},"78":{"loc":{"start":{"line":454,"column":36},"end":{"line":454,"column":74}},"type":"if","locations":[{"start":{"line":454,"column":36},"end":{"line":454,"column":74}}]},"79":{"loc":{"start":{"line":459,"column":20},"end":{"line":459,"column":78}},"type":"cond-expr","locations":[{"start":{"line":459,"column":31},"end":{"line":459,"column":47}},{"start":{"line":459,"column":50},"end":{"line":459,"column":78}}]},"80":{"loc":{"start":{"line":459,"column":50},"end":{"line":459,"column":78}},"type":"cond-expr","locations":[{"start":{"line":459,"column":62},"end":{"line":459,"column":65}},{"start":{"line":459,"column":69},"end":{"line":459,"column":78}}]},"81":{"loc":{"start":{"line":460,"column":34},"end":{"line":460,"column":76}},"type":"binary-expr","locations":[{"start":{"line":460,"column":34},"end":{"line":460,"column":53}},{"start":{"line":460,"column":57},"end":{"line":460,"column":76}}]},"82":{"loc":{"start":{"line":463,"column":18},"end":{"line":482,"column":19}},"type":"if","locations":[{"start":{"line":463,"column":18},"end":{"line":482,"column":19}}]},"83":{"loc":{"start":{"line":465,"column":66},"end":{"line":465,"column":91}},"type":"cond-expr","locations":[{"start":{"line":465,"column":76},"end":{"line":465,"column":86}},{"start":{"line":465,"column":89},"end":{"line":465,"column":91}}]},"84":{"loc":{"start":{"line":467,"column":27},"end":{"line":476,"column":null}},"type":"binary-expr","locations":[{"start":{"line":467,"column":27},"end":{"line":467,"column":34}},{"start":{"line":468,"column":28},"end":{"line":473,"column":null}}]},"85":{"loc":{"start":{"line":485,"column":47},"end":{"line":485,"column":79}},"type":"cond-expr","locations":[{"start":{"line":485,"column":57},"end":{"line":485,"column":67}},{"start":{"line":485,"column":70},"end":{"line":485,"column":79}}]},"86":{"loc":{"start":{"line":490,"column":17},"end":{"line":490,"column":78}},"type":"binary-expr","locations":[{"start":{"line":490,"column":17},"end":{"line":490,"column":27}},{"start":{"line":490,"column":31},"end":{"line":490,"column":78}}]},"87":{"loc":{"start":{"line":499,"column":50},"end":{"line":499,"column":80}},"type":"cond-expr","locations":[{"start":{"line":499,"column":72},"end":{"line":499,"column":74}},{"start":{"line":499,"column":77},"end":{"line":499,"column":80}}]},"88":{"loc":{"start":{"line":533,"column":7},"end":{"line":557,"column":null}},"type":"binary-expr","locations":[{"start":{"line":533,"column":7},"end":{"line":533,"column":16}},{"start":{"line":534,"column":8},"end":{"line":556,"column":null}}]},"89":{"loc":{"start":{"line":548,"column":25},"end":{"line":548,"column":88}},"type":"cond-expr","locations":[{"start":{"line":548,"column":36},"end":{"line":548,"column":58}},{"start":{"line":548,"column":61},"end":{"line":548,"column":88}}]},"90":{"loc":{"start":{"line":548,"column":61},"end":{"line":548,"column":88}},"type":"cond-expr","locations":[{"start":{"line":548,"column":73},"end":{"line":548,"column":76}},{"start":{"line":548,"column":79},"end":{"line":548,"column":88}}]}},"s":{"0":0,"1":0,"2":0,"3":0,"4":0,"5":0,"6":0,"7":0,"8":0,"9":0,"10":0,"11":0,"12":0,"13":0,"14":0,"15":0,"16":0,"17":0,"18":0,"19":0,"20":0,"21":0,"22":0,"23":0,"24":0,"25":0,"26":0,"27":0,"28":0,"29":0,"30":0,"31":0,"32":0,"33":0,"34":0,"35":0,"36":0,"37":0,"38":0,"39":0,"40":0,"41":0,"42":0,"43":0,"44":0,"45":0,"46":0,"47":0,"48":0,"49":0,"50":0,"51":0,"52":0,"53":0,"54":0,"55":0,"56":0,"57":0,"58":0,"59":0,"60":0,"61":0,"62":0,"63":0,"64":0,"65":0,"66":0,"67":0,"68":0,"69":0,"70":0,"71":0,"72":0,"73":0,"74":0,"75":0,"76":0,"77":0,"78":0,"79":0,"80":0,"81":0,"82":0,"83":0,"84":0,"85":0,"86":0,"87":0,"88":0,"89":0,"90":0,"91":0,"92":0,"93":0,"94":0,"95":0,"96":0,"97":0,"98":0,"99":0,"100":0,"101":0,"102":0,"103":0,"104":0,"105":0,"106":0,"107":0,"108":0,"109":0,"110":0,"111":0,"112":0,"113":0,"114":0,"115":0,"116":0,"117":0,"118":0,"119":0,"120":0,"121":0,"122":0,"123":0,"124":0,"125":0,"126":0,"127":0,"128":0,"129":0,"130":0,"131":0,"132":0,"133":0,"134":0,"135":0,"136":0,"137":0,"138":0,"139":0,"140":0,"141":0,"142":0,"143":0,"144":0,"145":0,"146":0,"147":0,"148":0,"149":0,"150":0,"151":0,"152":0,"153":0,"154":0,"155":0,"156":0,"157":0,"158":0,"159":0,"160":0,"161":0,"162":0,"163":0,"164":0,"165":0,"166":0,"167":0,"168":0,"169":0,"170":0,"171":0,"172":0,"173":0,"174":0,"175":0,"176":0,"177":0,"178":0,"179":0,"180":0,"181":0,"182":0,"183":0,"184":0,"185":0,"186":0,"187":0,"188":0,"189":0,"190":0,"191":0,"192":0,"193":0,"194":0,"195":0,"196":0,"197":0,"198":0,"199":0},"f":{"0":0,"1":0,"2":0,"3":0,"4":0,"5":0,"6":0,"7":0,"8":0,"9":0,"10":0,"11":0,"12":0,"13":0,"14":0,"15":0,"16":0,"17":0,"18":0,"19":0,"20":0,"21":0,"22":0,"23":0,"24":0,"25":0,"26":0,"27":0,"28":0,"29":0,"30":0,"31":0,"32":0,"33":0,"34":0,"35":0,"36":0,"37":0,"38":0,"39":0,"40":0,"41":0,"42":0,"43":0,"44":0,"45":0,"46":0,"47":0,"48":0,"49":0,"50":0,"51":0,"52":0,"53":0,"54":0,"55":0,"56":0,"57":0,"58":0,"59":0,"60":0,"61":0},"b":{"0":[0,0],"1":[0,0],"2":[0,0],"3":[0],"4":[0],"5":[0],"6":[0],"7":[0],"8":[0,0],"9":[0],"10":[0],"11":[0],"12":[0],"13":[0,0],"14":[0,0],"15":[0,0],"16":[0,0],"17":[0,0],"18":[0,0],"19":[0],"20":[0],"21":[0,0],"22":[0,0],"23":[0],"24":[0,0,0],"25":[0,0],"26":[0],"27":[0,0],"28":[0,0],"29":[0],"30":[0],"31":[0,0],"32":[0],"33":[0],"34":[0,0],"35":[0],"36":[0,0],"37":[0,0],"38":[0],"39":[0,0],"40":[0],"41":[0,0],"42":[0],"43":[0,0,0],"44":[0],"45":[0,0,0],"46":[0],"47":[0,0],"48":[0],"49":[0,0],"50":[0],"51":[0,0],"52":[0,0],"53":[0,0],"54":[0,0,0],"55":[0,0],"56":[0,0],"57":[0],"58":[0,0],"59":[0,0],"60":[0,0],"61":[0,0],"62":[0,0],"63":[0],"64":[0,0,0],"65":[0,0],"66":[0,0],"67":[0,0],"68":[0,0],"69":[0,0],"70":[0,0],"71":[0,0],"72":[0,0],"73":[0,0,0],"74":[0,0],"75":[0,0,0,0],"76":[0,0],"77":[0,0,0],"78":[0],"79":[0,0],"80":[0,0],"81":[0,0],"82":[0],"83":[0,0],"84":[0,0],"85":[0,0],"86":[0,0],"87":[0,0],"88":[0,0],"89":[0,0],"90":[0,0]}}
,"/home/runner/work/Replit_Front_End_ECC/Replit_Front_End_ECC/src/components/DevDiagBar.tsx": {"path":"/home/runner/work/Replit_Front_End_ECC/Replit_Front_End_ECC/src/components/DevDiagBar.tsx","statementMap":{"0":{"start":{"line":3,"column":0},"end":{"line":3,"column":24}},"1":{"start":{"line":1,"column":0},"end":{"line":1,"column":51}},"2":{"start":{"line":4,"column":23},"end":{"line":4,"column":42}},"3":{"start":{"line":5,"column":2},"end":{"line":11,"column":12}},"4":{"start":{"line":6,"column":14},"end":{"line":9,"column":11}},"5":{"start":{"line":7,"column":17},"end":{"line":7,"column":50}},"6":{"start":{"line":8,"column":6},"end":{"line":8,"column":31}},"7":{"start":{"line":8,"column":21},"end":{"line":8,"column":31}},"8":{"start":{"line":10,"column":4},"end":{"line":10,"column":32}},"9":{"start":{"line":10,"column":15},"end":{"line":10,"column":31}},"10":{"start":{"line":12,"column":2},"end":{"line":12,"column":48}},"11":{"start":{"line":12,"column":36},"end":{"line":12,"column":48}},"12":{"start":{"line":13,"column":2},"end":{"line":21,"column":4}}},"fnMap":{"0":{"name":"DevDiagBar","decl":{"start":{"line":3,"column":24},"end":{"line":3,"column":34}},"loc":{"start":{"line":3,"column":34},"end":{"line":22,"column":1}}},"1":{"name":"(anonymous_1)","decl":{"start":{"line":5,"column":12},"end":{"line":5,"column":14}},"loc":{"start":{"line":5,"column":16},"end":{"line":11,"column":3}}},"2":{"name":"(anonymous_2)","decl":{"start":{"line":6,"column":26},"end":{"line":6,"column":28}},"loc":{"start":{"line":6,"column":30},"end":{"line":9,"column":5}}},"3":{"name":"(anonymous_3)","decl":{"start":{"line":10,"column":11},"end":{"line":10,"column":13}},"loc":{"start":{"line":10,"column":15},"end":{"line":10,"column":31}}}},"branchMap":{"0":{"loc":{"start":{"line":8,"column":6},"end":{"line":8,"column":31}},"type":"if","locations":[{"start":{"line":8,"column":6},"end":{"line":8,"column":31}}]},"1":{"loc":{"start":{"line":12,"column":2},"end":{"line":12,"column":48}},"type":"if","locations":[{"start":{"line":12,"column":2},"end":{"line":12,"column":48}}]},"2":{"loc":{"start":{"line":12,"column":6},"end":{"line":12,"column":34}},"type":"binary-expr","locations":[{"start":{"line":12,"column":6},"end":{"line":12,"column":26}},{"start":{"line":12,"column":30},"end":{"line":12,"column":34}}]},"3":{"loc":{"start":{"line":18,"column":16},"end":{"line":18,"column":64}},"type":"binary-expr","locations":[{"start":{"line":18,"column":16},"end":{"line":18,"column":35}},{"start":{"line":18,"column":39},"end":{"line":18,"column":49}},{"start":{"line":18,"column":53},"end":{"line":18,"column":64}}]}},"s":{"0":0,"1":0,"2":0,"3":0,"4":0,"5":0,"6":0,"7":0,"8":0,"9":0,"10":0,"11":0,"12":0},"f":{"0":0,"1":0,"2":0,"3":0},"b":{"0":[0],"1":[0],"2":[0,0],"3":[0,0,0]}}
,"/home/runner/work/Replit_Front_End_ECC/Replit_Front_End_ECC/src/components/EccErrorBoundary.tsx": {"path":"/home/runner/work/Replit_Front_End_ECC/Replit_Front_End_ECC/src/components/EccErrorBoundary.tsx","statementMap":{"0":{"start":{"line":1,"column":0},"end":{"line":1,"column":26}},"1":{"start":{"line":4,"column":2},"end":{"line":4,"column":null}},"2":{"start":{"line":5,"column":49},"end":{"line":5,"column":66}},"3":{"start":{"line":7,"column":4},"end":{"line":7,"column":130}},"4":{"start":{"line":7,"column":26},"end":{"line":7,"column":130}},"5":{"start":{"line":8,"column":4},"end":{"line":8,"column":31}},"6":{"start":{"line":3,"column":0},"end":{"line":3,"column":21}}},"fnMap":{"0":{"name":"(anonymous_0)","decl":{"start":{"line":3,"column":0},"end":{"line":3,"column":21}},"loc":{"start":{"line":3,"column":0},"end":{"line":10,"column":1}}},"1":{"name":"(anonymous_1)","decl":{"start":{"line":5,"column":2},"end":{"line":5,"column":8}},"loc":{"start":{"line":5,"column":46},"end":{"line":5,"column":68}}},"2":{"name":"(anonymous_2)","decl":{"start":{"line":6,"column":2},"end":{"line":6,"column":8}},"loc":{"start":{"line":6,"column":8},"end":{"line":9,"column":3}}}},"branchMap":{"0":{"loc":{"start":{"line":7,"column":4},"end":{"line":7,"column":130}},"type":"if","locations":[{"start":{"line":7,"column":4},"end":{"line":7,"column":130}}]}},"s":{"0":0,"1":0,"2":0,"3":0,"4":0,"5":0,"6":0},"f":{"0":0,"1":0,"2":0},"b":{"0":[0]}}
,"/home/runner/work/Replit_Front_End_ECC/Replit_Front_End_ECC/src/components/ErrorBoundary.tsx": {"path":"/home/runner/work/Replit_Front_End_ECC/Replit_Front_End_ECC/src/components/ErrorBoundary.tsx","statementMap":{"0":{"start":{"line":1,"column":0},"end":{"line":1,"column":45}},"1":{"start":{"line":4,"column":26},"end":{"line":4,"column":39}},"2":{"start":{"line":4,"column":40},"end":{"line":4,"column":86}},"3":{"start":{"line":5,"column":45},"end":{"line":5,"column":101}},"4":{"start":{"line":6,"column":30},"end":{"line":6,"column":64}},"5":{"start":{"line":8,"column":4},"end":{"line":13,"column":28}},"6":{"start":{"line":3,"column":0},"end":{"line":3,"column":13}},"7":{"start":{"line":17,"column":0},"end":{"line":17,"column":29}}},"fnMap":{"0":{"name":"(anonymous_0)","decl":{"start":{"line":4,"column":2},"end":{"line":4,"column":14}},"loc":{"start":{"line":4,"column":23},"end":{"line":4,"column":88}}},"1":{"name":"(anonymous_1)","decl":{"start":{"line":5,"column":2},"end":{"line":5,"column":8}},"loc":{"start":{"line":5,"column":42},"end":{"line":5,"column":103}}},"2":{"name":"(anonymous_2)","decl":{"start":{"line":6,"column":2},"end":{"line":6,"column":19}},"loc":{"start":{"line":6,"column":27},"end":{"line":6,"column":66}}},"3":{"name":"(anonymous_3)","decl":{"start":{"line":7,"column":2},"end":{"line":7,"column":8}},"loc":{"start":{"line":7,"column":8},"end":{"line":14,"column":3}}}},"branchMap":{"0":{"loc":{"start":{"line":5,"column":80},"end":{"line":5,"column":97}},"type":"binary-expr","locations":[{"start":{"line":5,"column":80},"end":{"line":5,"column":92}},{"start":{"line":5,"column":94},"end":{"line":5,"column":97}}]},"1":{"loc":{"start":{"line":8,"column":11},"end":{"line":13,"column":27}},"type":"cond-expr","locations":[{"start":{"line":9,"column":8},"end":{"line":11,"column":null}},{"start":{"line":13,"column":8},"end":{"line":13,"column":27}}]}},"s":{"0":0,"1":0,"2":0,"3":0,"4":0,"5":0,"6":0,"7":0},"f":{"0":0,"1":0,"2":0,"3":0},"b":{"0":[0,0],"1":[0,0]}}
,"/home/runner/work/Replit_Front_End_ECC/Replit_Front_End_ECC/src/components/FieldRows.tsx": {"path":"/home/runner/work/Replit_Front_End_ECC/Replit_Front_End_ECC/src/components/FieldRows.tsx","statementMap":{"0":{"start":{"line":4,"column":0},"end":{"line":4,"column":16}},"1":{"start":{"line":1,"column":0},"end":{"line":1,"column":26}},"2":{"start":{"line":5,"column":2},"end":{"line":14,"column":4}},"3":{"start":{"line":8,"column":8},"end":{"line":8,"column":21}}},"fnMap":{"0":{"name":"FieldRows","decl":{"start":{"line":4,"column":16},"end":{"line":4,"column":25}},"loc":{"start":{"line":4,"column":90},"end":{"line":15,"column":1}}},"1":{"name":"(anonymous_1)","decl":{"start":{"line":7,"column":16},"end":{"line":7,"column":17}},"loc":{"start":{"line":8,"column":8},"end":{"line":8,"column":21}}}},"branchMap":{"0":{"loc":{"start":{"line":10,"column":50},"end":{"line":10,"column":64}},"type":"binary-expr","locations":[{"start":{"line":10,"column":50},"end":{"line":10,"column":57}},{"start":{"line":10,"column":61},"end":{"line":10,"column":64}}]}},"s":{"0":0,"1":0,"2":0,"3":0},"f":{"0":0,"1":0},"b":{"0":[0,0]}}
,"/home/runner/work/Replit_Front_End_ECC/Replit_Front_End_ECC/src/components/FileButtons.tsx": {"path":"/home/runner/work/Replit_Front_End_ECC/Replit_Front_End_ECC/src/components/FileButtons.tsx","statementMap":{"0":{"start":{"line":3,"column":0},"end":{"line":3,"column":24}},"1":{"start":{"line":1,"column":0},"end":{"line":1,"column":26}},"2":{"start":{"line":10,"column":2},"end":{"line":16,"column":4}},"3":{"start":{"line":12,"column":96},"end":{"line":12,"column":125}},"4":{"start":{"line":13,"column":95},"end":{"line":13,"column":124}},"5":{"start":{"line":14,"column":94},"end":{"line":14,"column":115}}},"fnMap":{"0":{"name":"FileButtons","decl":{"start":{"line":3,"column":24},"end":{"line":3,"column":35}},"loc":{"start":{"line":9,"column":1},"end":{"line":17,"column":1}}},"1":{"name":"(anonymous_1)","decl":{"start":{"line":12,"column":92},"end":{"line":12,"column":94}},"loc":{"start":{"line":12,"column":96},"end":{"line":12,"column":125}}},"2":{"name":"(anonymous_2)","decl":{"start":{"line":13,"column":91},"end":{"line":13,"column":93}},"loc":{"start":{"line":13,"column":95},"end":{"line":13,"column":124}}},"3":{"name":"(anonymous_3)","decl":{"start":{"line":14,"column":90},"end":{"line":14,"column":92}},"loc":{"start":{"line":14,"column":94},"end":{"line":14,"column":115}}}},"branchMap":{"0":{"loc":{"start":{"line":12,"column":77},"end":{"line":12,"column":126}},"type":"binary-expr","locations":[{"start":{"line":12,"column":77},"end":{"line":12,"column":87}},{"start":{"line":12,"column":92},"end":{"line":12,"column":125}}]},"1":{"loc":{"start":{"line":13,"column":77},"end":{"line":13,"column":125}},"type":"binary-expr","locations":[{"start":{"line":13,"column":77},"end":{"line":13,"column":86}},{"start":{"line":13,"column":91},"end":{"line":13,"column":124}}]},"2":{"loc":{"start":{"line":14,"column":77},"end":{"line":14,"column":116}},"type":"binary-expr","locations":[{"start":{"line":14,"column":77},"end":{"line":14,"column":85}},{"start":{"line":14,"column":90},"end":{"line":14,"column":115}}]}},"s":{"0":0,"1":0,"2":0,"3":0,"4":0,"5":0},"f":{"0":0,"1":0,"2":0,"3":0},"b":{"0":[0,0],"1":[0,0],"2":[0,0]}}
,"/home/runner/work/Replit_Front_End_ECC/Replit_Front_End_ECC/src/components/FilterBar.tsx": {"path":"/home/runner/work/Replit_Front_End_ECC/Replit_Front_End_ECC/src/components/FilterBar.tsx","statementMap":{"0":{"start":{"line":13,"column":0},"end":{"line":13,"column":24}},"1":{"start":{"line":1,"column":0},"end":{"line":1,"column":26}},"2":{"start":{"line":14,"column":2},"end":{"line":30,"column":4}},"3":{"start":{"line":21,"column":27},"end":{"line":21,"column":51}}},"fnMap":{"0":{"name":"FilterBar","decl":{"start":{"line":13,"column":24},"end":{"line":13,"column":33}},"loc":{"start":{"line":13,"column":137},"end":{"line":31,"column":1}}},"1":{"name":"(anonymous_1)","decl":{"start":{"line":21,"column":20},"end":{"line":21,"column":21}},"loc":{"start":{"line":21,"column":27},"end":{"line":21,"column":51}}}},"branchMap":{"0":{"loc":{"start":{"line":13,"column":43},"end":{"line":13,"column":66}},"type":"default-arg","locations":[{"start":{"line":13,"column":57},"end":{"line":13,"column":66}}]},"1":{"loc":{"start":{"line":13,"column":95},"end":{"line":13,"column":117}},"type":"default-arg","locations":[{"start":{"line":13,"column":109},"end":{"line":13,"column":117}}]},"2":{"loc":{"start":{"line":25,"column":9},"end":{"line":26,"column":null}},"type":"binary-expr","locations":[{"start":{"line":25,"column":9},"end":{"line":25,"column":17}},{"start":{"line":26,"column":10},"end":{"line":26,"column":92}}]}},"s":{"0":0,"1":0,"2":0,"3":0},"f":{"0":0,"1":0},"b":{"0":[0],"1":[0],"2":[0,0]}}
,"/home/runner/work/Replit_Front_End_ECC/Replit_Front_End_ECC/src/components/GeoMap.tsx": {"path":"/home/runner/work/Replit_Front_End_ECC/Replit_Front_End_ECC/src/components/GeoMap.tsx","statementMap":{"0":{"start":{"line":5,"column":0},"end":{"line":5,"column":24}},"1":{"start":{"line":1,"column":0},"end":{"line":1,"column":26}},"2":{"start":{"line":2,"column":0},"end":{"line":2,"column":32}},"3":{"start":{"line":3,"column":0},"end":{"line":3,"column":63}},"4":{"start":{"line":16,"column":20},"end":{"line":16,"column":62}},"5":{"start":{"line":17,"column":21},"end":{"line":17,"column":49}},"6":{"start":{"line":19,"column":27},"end":{"line":19,"column":31}},"7":{"start":{"line":20,"column":2},"end":{"line":27,"column":3}},"8":{"start":{"line":22,"column":16},"end":{"line":22,"column":21}},"9":{"start":{"line":23,"column":17},"end":{"line":23,"column":75}},"10":{"start":{"line":24,"column":4},"end":{"line":24,"column":107}},"11":{"start":{"line":25,"column":9},"end":{"line":27,"column":3}},"12":{"start":{"line":26,"column":4},"end":{"line":26,"column":87}},"13":{"start":{"line":29,"column":2},"end":{"line":45,"column":4}}},"fnMap":{"0":{"name":"GeoMap","decl":{"start":{"line":5,"column":24},"end":{"line":5,"column":30}},"loc":{"start":{"line":15,"column":1},"end":{"line":46,"column":1}}}},"branchMap":{"0":{"loc":{"start":{"line":6,"column":2},"end":{"line":6,"column":26}},"type":"default-arg","locations":[{"start":{"line":6,"column":10},"end":{"line":6,"column":26}}]},"1":{"loc":{"start":{"line":16,"column":20},"end":{"line":16,"column":62}},"type":"binary-expr","locations":[{"start":{"line":16,"column":20},"end":{"line":16,"column":39}},{"start":{"line":16,"column":43},"end":{"line":16,"column":62}}]},"2":{"loc":{"start":{"line":17,"column":21},"end":{"line":17,"column":49}},"type":"binary-expr","locations":[{"start":{"line":17,"column":21},"end":{"line":17,"column":30}},{"start":{"line":17,"column":34},"end":{"line":17,"column":49}}]},"3":{"loc":{"start":{"line":20,"column":2},"end":{"line":27,"column":3}},"type":"if","locations":[{"start":{"line":20,"column":2},"end":{"line":27,"column":3}},{"start":{"line":25,"column":9},"end":{"line":27,"column":3}}]},"4":{"loc":{"start":{"line":25,"column":9},"end":{"line":27,"column":3}},"type":"if","locations":[{"start":{"line":25,"column":9},"end":{"line":27,"column":3}}]},"5":{"loc":{"start":{"line":30,"column":36},"end":{"line":30,"column":140}},"type":"cond-expr","locations":[{"start":{"line":30,"column":49},"end":{"line":30,"column":133}},{"start":{"line":30,"column":136},"end":{"line":30,"column":140}}]},"6":{"loc":{"start":{"line":31,"column":7},"end":{"line":42,"column":null}},"type":"cond-expr","locations":[{"start":{"line":32,"column":8},"end":{"line":39,"column":null}},{"start":{"line":42,"column":8},"end":{"line":42,"column":80}}]}},"s":{"0":0,"1":0,"2":0,"3":0,"4":0,"5":0,"6":0,"7":0,"8":0,"9":0,"10":0,"11":0,"12":0,"13":0},"f":{"0":0},"b":{"0":[0],"1":[0,0],"2":[0,0],"3":[0,0],"4":[0],"5":[0,0],"6":[0,0]}}
,"/home/runner/work/Replit_Front_End_ECC/Replit_Front_End_ECC/src/components/KPIBar.tsx": {"path":"/home/runner/work/Replit_Front_End_ECC/Replit_Front_End_ECC/src/components/KPIBar.tsx","statementMap":{"0":{"start":{"line":5,"column":0},"end":{"line":5,"column":24}},"1":{"start":{"line":1,"column":0},"end":{"line":1,"column":26}},"2":{"start":{"line":2,"column":0},"end":{"line":2,"column":29}},"3":{"start":{"line":6,"column":2},"end":{"line":15,"column":4}},"4":{"start":{"line":9,"column":8},"end":{"line":9,"column":21}}},"fnMap":{"0":{"name":"KPIBar","decl":{"start":{"line":5,"column":24},"end":{"line":5,"column":30}},"loc":{"start":{"line":5,"column":58},"end":{"line":16,"column":1}}},"1":{"name":"(anonymous_1)","decl":{"start":{"line":8,"column":17},"end":{"line":8,"column":18}},"loc":{"start":{"line":9,"column":8},"end":{"line":9,"column":21}}}},"branchMap":{"0":{"loc":{"start":{"line":9,"column":39},"end":{"line":9,"column":51}},"type":"binary-expr","locations":[{"start":{"line":9,"column":39},"end":{"line":9,"column":45}},{"start":{"line":9,"column":49},"end":{"line":9,"column":51}}]},"1":{"loc":{"start":{"line":11,"column":47},"end":{"line":11,"column":105}},"type":"cond-expr","locations":[{"start":{"line":11,"column":55},"end":{"line":11,"column":98}},{"start":{"line":11,"column":101},"end":{"line":11,"column":105}}]}},"s":{"0":0,"1":0,"2":0,"3":0,"4":0},"f":{"0":0,"1":0},"b":{"0":[0,0],"1":[0,0]}}
,"/home/runner/work/Replit_Front_End_ECC/Replit_Front_End_ECC/src/components/Sidebar.tsx": {"path":"/home/runner/work/Replit_Front_End_ECC/Replit_Front_End_ECC/src/components/Sidebar.tsx","statementMap":{"0":{"start":{"line":132,"column":0},"end":{"line":132,"column":24}},"1":{"start":{"line":1,"column":0},"end":{"line":1,"column":59}},"2":{"start":{"line":2,"column":0},"end":{"line":2,"column":43}},"3":{"start":{"line":3,"column":0},"end":{"line":3,"column":41}},"4":{"start":{"line":4,"column":0},"end":{"line":4,"column":38}},"5":{"start":{"line":9,"column":18},"end":{"line":9,"column":41}},"6":{"start":{"line":10,"column":20},"end":{"line":10,"column":43}},"7":{"start":{"line":13,"column":22},"end":{"line":13,"column":36}},"8":{"start":{"line":14,"column":2},"end":{"line":14,"column":43}},"9":{"start":{"line":14,"column":20},"end":{"line":14,"column":32}},"10":{"start":{"line":15,"column":2},"end":{"line":15,"column":23}},"11":{"start":{"line":15,"column":11},"end":{"line":15,"column":23}},"12":{"start":{"line":16,"column":2},"end":{"line":16,"column":123}},"13":{"start":{"line":16,"column":88},"end":{"line":16,"column":100}},"14":{"start":{"line":32,"column":25},"end":{"line":94,"column":2}},"15":{"start":{"line":100,"column":20},"end":{"line":100,"column":43}},"16":{"start":{"line":101,"column":22},"end":{"line":101,"column":24}},"17":{"start":{"line":102,"column":23},"end":{"line":102,"column":26}},"18":{"start":{"line":103,"column":21},"end":{"line":103,"column":24}},"19":{"start":{"line":106,"column":2},"end":{"line":106,"column":56}},"20":{"start":{"line":109,"column":13},"end":{"line":109,"column":30}},"21":{"start":{"line":110,"column":13},"end":{"line":110,"column":31}},"22":{"start":{"line":111,"column":11},"end":{"line":111,"column":25}},"23":{"start":{"line":112,"column":11},"end":{"line":112,"column":25}},"24":{"start":{"line":113,"column":2},"end":{"line":113,"column":39}},"25":{"start":{"line":113,"column":23},"end":{"line":113,"column":39}},"26":{"start":{"line":114,"column":2},"end":{"line":114,"column":39}},"27":{"start":{"line":114,"column":23},"end":{"line":114,"column":39}},"28":{"start":{"line":115,"column":2},"end":{"line":115,"column":26}},"29":{"start":{"line":118,"column":36},"end":{"line":121,"column":4}},"30":{"start":{"line":119,"column":4},"end":{"line":120,"column":27}},"31":{"start":{"line":119,"column":10},"end":{"line":119,"column":74}},"32":{"start":{"line":120,"column":12},"end":{"line":120,"column":25}},"33":{"start":{"line":122,"column":2},"end":{"line":124,"column":18}},"34":{"start":{"line":123,"column":4},"end":{"line":123,"column":82}},"35":{"start":{"line":123,"column":10},"end":{"line":123,"column":71}},"36":{"start":{"line":125,"column":2},"end":{"line":125,"column":37}},"37":{"start":{"line":133,"column":21},"end":{"line":133,"column":34}},"38":{"start":{"line":134,"column":38},"end":{"line":134,"column":52}},"39":{"start":{"line":135,"column":44},"end":{"line":135,"column":73}},"40":{"start":{"line":137,"column":2},"end":{"line":140,"column":17}},"41":{"start":{"line":138,"column":25},"end":{"line":138,"column":133}},"42":{"start":{"line":138,"column":39},"end":{"line":138,"column":132}},"43":{"start":{"line":138,"column":61},"end":{"line":138,"column":88}},"44":{"start":{"line":139,"column":4},"end":{"line":139,"column":50}},"45":{"start":{"line":142,"column":32},"end":{"line":142,"column":47}},"46":{"start":{"line":143,"column":34},"end":{"line":143,"column":46}},"47":{"start":{"line":144,"column":32},"end":{"line":144,"column":73}},"48":{"start":{"line":145,"column":34},"end":{"line":145,"column":58}},"49":{"start":{"line":146,"column":34},"end":{"line":146
[...]
ine":31,"column":16}},"9":{"start":{"line":11,"column":2},"end":{"line":11,"column":72}},"10":{"start":{"line":11,"column":60},"end":{"line":11,"column":72}},"11":{"start":{"line":12,"column":2},"end":{"line":12,"column":45}},"12":{"start":{"line":16,"column":12},"end":{"line":16,"column":75}},"13":{"start":{"line":17,"column":2},"end":{"line":17,"column":33}},"14":{"start":{"line":21,"column":2},"end":{"line":21,"column":23}},"15":{"start":{"line":21,"column":12},"end":{"line":21,"column":23}},"16":{"start":{"line":22,"column":12},"end":{"line":22,"column":25}},"17":{"start":{"line":23,"column":2},"end":{"line":23,"column":37}},"18":{"start":{"line":23,"column":26},"end":{"line":23,"column":37}},"19":{"start":{"line":24,"column":2},"end":{"line":28,"column":5}},"20":{"start":{"line":32,"column":2},"end":{"line":32,"column":63}},"21":{"start":{"line":32,"column":52},"end":{"line":32,"column":63}},"22":{"start":{"line":33,"column":2},"end":{"line":33,"column":86}}},"fnMap":{"0":{"name":"fmtMoney","decl":{"start":{"line":3,"column":16},"end":{"line":3,"column":24}},"loc":{"start":{"line":9,"column":3},"end":{"line":13,"column":1}}},"1":{"name":"fmtPct","decl":{"start":{"line":15,"column":16},"end":{"line":15,"column":22}},"loc":{"start":{"line":15,"column":56},"end":{"line":18,"column":1}}},"2":{"name":"fmtDate","decl":{"start":{"line":20,"column":16},"end":{"line":20,"column":23}},"loc":{"start":{"line":20,"column":43},"end":{"line":29,"column":1}}},"3":{"name":"fmtCompact","decl":{"start":{"line":31,"column":16},"end":{"line":31,"column":26}},"loc":{"start":{"line":31,"column":44},"end":{"line":34,"column":1}}}},"branchMap":{"0":{"loc":{"start":{"line":5,"column":2},"end":{"line":9,"column":null}},"type":"default-arg","locations":[{"start":{"line":5,"column":35},"end":{"line":9,"column":null}}]},"1":{"loc":{"start":{"line":11,"column":2},"end":{"line":11,"column":72}},"type":"if","locations":[{"start":{"line":11,"column":2},"end":{"line":11,"column":72}}]},"2":{"loc":{"start":{"line":11,"column":6},"end":{"line":11,"column":58}},"type":"binary-expr","locations":[{"start":{"line":11,"column":6},"end":{"line":11,"column":31}},{"start":{"line":11,"column":35},"end":{"line":11,"column":58}}]},"3":{"loc":{"start":{"line":15,"column":46},"end":{"line":15,"column":56}},"type":"default-arg","locations":[{"start":{"line":15,"column":55},"end":{"line":15,"column":56}}]},"4":{"loc":{"start":{"line":16,"column":12},"end":{"line":16,"column":75}},"type":"cond-expr","locations":[{"start":{"line":16,"column":66},"end":{"line":16,"column":71}},{"start":{"line":16,"column":74},"end":{"line":16,"column":75}}]},"5":{"loc":{"start":{"line":16,"column":12},"end":{"line":16,"column":63}},"type":"binary-expr","locations":[{"start":{"line":16,"column":12},"end":{"line":16,"column":37}},{"start":{"line":16,"column":41},"end":{"line":16,"column":63}}]},"6":{"loc":{"start":{"line":21,"column":2},"end":{"line":21,"column":23}},"type":"if","locations":[{"start":{"line":21,"column":2},"end":{"line":21,"column":23}}]},"7":{"loc":{"start":{"line":23,"column":2},"end":{"line":23,"column":37}},"type":"if","locations":[{"start":{"line":23,"column":2},"end":{"line":23,"column":37}}]},"8":{"loc":{"start":{"line":32,"column":2},"end":{"line":32,"column":63}},"type":"if","locations":[{"start":{"line":32,"column":2},"end":{"line":32,"column":63}}]},"9":{"loc":{"start":{"line":32,"column":6},"end":{"line":32,"column":50}},"type":"binary-expr","locations":[{"start":{"line":32,"column":6},"end":{"line":32,"column":27}},{"start":{"line":32,"column":31},"end":{"line":32,"column":50}}]}},"s":{"0":0,"1":0,"2":0,"3":0,"4":0,"5":0,"6":0,"7":0,"8":0,"9":0,"10":0,"11":0,"12":0,"13":0,"14":0,"15":0,"16":0,"17":0,"18":0,"19":0,"20":0,"21":0,"22":0},"f":{"0":0,"1":0,"2":0,"3":0},"b":{"0":[0],"1":[0],"2":[0,0],"3":[0],"4":[0,0],"5":[0,0],"6":[0],"7":[0],"8":[0],"9":[0,0]}}
,"/home/runner/work/Replit_Front_End_ECC/Replit_Front_End_ECC/src/utils/ids.ts": {"path":"/home/runner/work/Replit_Front_End_ECC/Replit_Front_End_ECC/src/utils/ids.ts","statementMap":{"0":{"start":{"line":1,"column":27},"end":{"line":4,"column":1}},"1":{"start":{"line":2,"column":2},"end":{"line":2,"column":47}},"2":{"start":{"line":2,"column":37},"end":{"line":2,"column":47}},"3":{"start":{"line":3,"column":2},"end":{"line":3,"column":19}},"4":{"start":{"line":1,"column":13},"end":{"line":1,"column":27}}},"fnMap":{"0":{"name":"(anonymous_0)","decl":{"start":{"line":1,"column":27},"end":{"line":1,"column":28}},"loc":{"start":{"line":1,"column":50},"end":{"line":4,"column":1}}}},"branchMap":{"0":{"loc":{"start":{"line":2,"column":2},"end":{"line":2,"column":47}},"type":"if","locations":[{"start":{"line":2,"column":2},"end":{"line":2,"column":47}}]},"1":{"loc":{"start":{"line":2,"column":6},"end":{"line":2,"column":35}},"type":"binary-expr","locations":[{"start":{"line":2,"column":6},"end":{"line":2,"column":16}},{"start":{"line":2,"column":20},"end":{"line":2,"column":35}}]}},"s":{"0":0,"1":0,"2":0,"3":0,"4":0},"f":{"0":0},"b":{"0":[0],"1":[0,0]}}
,"/home/runner/work/Replit_Front_End_ECC/Replit_Front_End_ECC/src/utils/net.ts": {"path":"/home/runner/work/Replit_Front_End_ECC/Replit_Front_End_ECC/src/utils/net.ts","statementMap":{"0":{"start":{"line":3,"column":0},"end":{"line":3,"column":7}},"1":{"start":{"line":4,"column":2},"end":{"line":17,"column":3}},"2":{"start":{"line":5,"column":16},"end":{"line":5,"column":87}},"3":{"start":{"line":6,"column":4},"end":{"line":6,"column":77}},"4":{"start":{"line":6,"column":17},"end":{"line":6,"column":77}},"5":{"start":{"line":7,"column":4},"end":{"line":7,"column":36}},"6":{"start":{"line":10,"column":4},"end":{"line":15,"column":5}},"7":{"start":{"line":12,"column":28},"end":{"line":12,"column":56}},"8":{"start":{"line":13,"column":6},"end":{"line":13,"column":40}},"9":{"start":{"line":14,"column":6},"end":{"line":14,"column":26}},"10":{"start":{"line":16,"column":4},"end":{"line":16,"column":14}},"11":{"start":{"line":20,"column":28},"end":{"line":21,"column":87}},"12":{"start":{"line":21,"column":3},"end":{"line":21,"column":87}},"13":{"start":{"line":20,"column":13},"end":{"line":20,"column":28}},"14":{"start":{"line":24,"column":0},"end":{"line":30,"column":1}},"15":{"start":{"line":25,"column":2},"end":{"line":29,"column":5}},"16":{"start":{"line":26,"column":4},"end":{"line":28,"column":5}},"17":{"start":{"line":27,"column":6},"end":{"line":27,"column":26}}},"fnMap":{"0":{"name":"fetchJSON","decl":{"start":{"line":3,"column":22},"end":{"line":3,"column":31}},"loc":{"start":{"line":3,"column":68},"end":{"line":18,"column":1}}},"1":{"name":"(anonymous_1)","decl":{"start":{"line":20,"column":28},"end":{"line":20,"column":29}},"loc":{"start":{"line":21,"column":3},"end":{"line":21,"column":87}}},"2":{"name":"(anonymous_2)","decl":{"start":{"line":25,"column":48},"end":{"line":25,"column":49}},"loc":{"start":{"line":25,"column":55},"end":{"line":29,"column":3}}}},"branchMap":{"0":{"loc":{"start":{"line":6,"column":4},"end":{"line":6,"column":77}},"type":"if","locations":[{"start":{"line":6,"column":4},"end":{"line":6,"column":77}}]},"1":{"loc":{"start":{"line":10,"column":4},"end":{"line":15,"column":5}},"type":"if","locations":[{"start":{"line":10,"column":4},"end":{"line":15,"column":5}}]},"2":{"loc":{"start":{"line":21,"column":3},"end":{"line":21,"column":87}},"type":"binary-expr","locations":[{"start":{"line":21,"column":3},"end":{"line":21,"column":35}},{"start":{"line":21,"column":39},"end":{"line":21,"column":87}}]},"3":{"loc":{"start":{"line":21,"column":62},"end":{"line":21,"column":86}},"type":"binary-expr","locations":[{"start":{"line":21,"column":62},"end":{"line":21,"column":80}},{"start":{"line":21,"column":84},"end":{"line":21,"column":86}}]},"4":{"loc":{"start":{"line":24,"column":0},"end":{"line":30,"column":1}},"type":"if","locations":[{"start":{"line":24,"column":0},"end":{"line":30,"column":1}}]},"5":{"loc":{"start":{"line":26,"column":4},"end":{"line":28,"column":5}},"type":"if","locations":[{"start":{"line":26,"column":4},"end":{"line":28,"column":5}}]}},"s":{"0":0,"1":0,"2":0,"3":0,"4":0,"5":0,"6":0,"7":0,"8":0,"9":0,"10":0,"11":0,"12":0,"13":0,"14":0,"15":0,"16":0,"17":0},"f":{"0":0,"1":0,"2":0},"b":{"0":[0],"1":[0],"2":[0,0],"3":[0,0],"4":[0],"5":[0]}}
,"/home/runner/work/Replit_Front_End_ECC/Replit_Front_End_ECC/src/utils/pick.ts": {"path":"/home/runner/work/Replit_Front_End_ECC/Replit_Front_End_ECC/src/utils/pick.ts","statementMap":{"0":{"start":{"line":3,"column":0},"end":{"line":3,"column":16}},"1":{"start":{"line":7,"column":2},"end":{"line":7,"column":22}},"2":{"start":{"line":7,"column":12},"end":{"line":7,"column":22}},"3":{"start":{"line":8,"column":22},"end":{"line":8,"column":24}},"4":{"start":{"line":9,"column":2},"end":{"line":17,"column":3}},"5":{"start":{"line":10,"column":4},"end":{"line":16,"column":5}},"6":{"start":{"line":11,"column":18},"end":{"line":11,"column":86}},"7":{"start":{"line":11,"column":33},"end":{"line":11,"column":44}},"8":{"start":{"line":11,"column":56},"end":{"line":11,"column":85}},"9":{"start":{"line":12,"column":6},"end":{"line":12,"column":47}},"10":{"start":{"line":12,"column":29},"end":{"line":12,"column":47}},"11":{"start":{"line":14,"column":18},"end":{"line":14,"column":33}},"12":{"start":{"line":15,"column":6},"end":{"line":15,"column":47}},"13":{"start":{"line":15,"column":29},"end":{"line":15,"column":47}},"14":{"start":{"line":18,"column":2},"end":{"line":18,"column":13}},"15":{"start":{"line":22,"column":2},"end":{"line":22,"column":90}},"16":{"start":{"line":22,"column":47},"end":{"line":22,"column":75}}},"fnMap":{"0":{"name":"pick","decl":{"start":{"line":3,"column":16},"end":{"line":3,"column":20}},"loc":{"start":{"line":5,"column":40},"end":{"line":19,"column":1}}},"1":{"name":"(anonymous_1)","decl":{"start":{"line":11,"column":28},"end":{"line":11,"column":29}},"loc":{"start":{"line":11,"column":33},"end":{"line":11,"column":44}}},"2":{"name":"(anonymous_2)","decl":{"start":{"line":11,"column":51},"end":{"line":11,"column":52}},"loc":{"start":{"line":11,"column":56},"end":{"line":11,"column":85}}},"3":{"name":"get","decl":{"start":{"line":21,"column":9},"end":{"line":21,"column":12}},"loc":{"start":{"line":21,"column":38},"end":{"line":23,"column":1}}},"4":{"name":"(anonymous_4)","decl":{"start":{"line":22,"column":32},"end":{"line":22,"column":33}},"loc":{"start":{"line":22,"column":47},"end":{"line":22,"column":75}}}},"branchMap":{"0":{"loc":{"start":{"line":7,"column":2},"end":{"line":7,"column":22}},"type":"if","locations":[{"start":{"line":7,"column":2},"end":{"line":7,"column":22}}]},"1":{"loc":{"start":{"line":10,"column":4},"end":{"line":16,"column":5}},"type":"if","locations":[{"start":{"line":10,"column":4},"end":{"line":16,"column":5}},{"start":{"line":13,"column":11},"end":{"line":16,"column":5}}]},"2":{"loc":{"start":{"line":11,"column":56},"end":{"line":11,"column":85}},"type":"binary-expr","locations":[{"start":{"line":11,"column":56},"end":{"line":11,"column":71}},{"start":{"line":11,"column":75},"end":{"line":11,"column":85}}]},"3":{"loc":{"start":{"line":12,"column":6},"end":{"line":12,"column":47}},"type":"if","locations":[{"start":{"line":12,"column":6},"end":{"line":12,"column":47}}]},"4":{"loc":{"start":{"line":15,"column":6},"end":{"line":15,"column":47}},"type":"if","locations":[{"start":{"line":15,"column":6},"end":{"line":15,"column":47}}]},"5":{"loc":{"start":{"line":22,"column":47},"end":{"line":22,"column":75}},"type":"cond-expr","locations":[{"start":{"line":22,"column":61},"end":{"line":22,"column":64}},{"start":{"line":22,"column":67},"end":{"line":22,"column":75}}]}},"s":{"0":0,"1":0,"2":0,"3":0,"4":0,"5":0,"6":0,"7":0,"8":0,"9":0,"10":0,"11":0,"12":0,"13":0,"14":0,"15":0,"16":0},"f":{"0":0,"1":0,"2":0,"3":0,"4":0},"b":{"0":[0],"1":[0,0],"2":[0,0],"3":[0],"4":[0],"5":[0,0]}}
,"/home/runner/work/Replit_Front_End_ECC/Replit_Front_End_ECC/src/utils/statusHelpers.ts": {"path":"/home/runner/work/Replit_Front_End_ECC/Replit_Front_End_ECC/src/utils/statusHelpers.ts","statementMap":{"0":{"start":{"line":12,"column":0},"end":{"line":12,"column":16}},"1":{"start":{"line":43,"column":0},"end":{"line":43,"column":16}},"2":{"start":{"line":51,"column":0},"end":{"line":51,"column":16}},"3":{"start":{"line":59,"column":0},"end":{"line":59,"column":16}},"4":{"start":{"line":80,"column":0},"end":{"line":80,"column":16}},"5":{"start":{"line":93,"column":0},"end":{"line":93,"column":16}},"6":{"start":{"line":109,"column":0},"end":{"line":109,"column":16}},"7":{"start":{"line":13,"column":2},"end":{"line":13,"column":32}},"8":{"start":{"line":13,"column":15},"end":{"line":13,"column":32}},"9":{"start":{"line":15,"column":21},"end":{"line":15,"column":48}},"10":{"start":{"line":18,"column":2},"end":{"line":36,"column":3}},"11":{"start":{"line":21,"column":6},"end":{"line":21,"column":22}},"12":{"start":{"line":24,"column":6},"end":{"line":24,"column":24}},"13":{"start":{"line":26,"column":6},"end":{"line":26,"column":22}},"14":{"start":{"line":28,"column":6},"end":{"line":28,"column":24}},"15":{"start":{"line":31,"column":6},"end":{"line":31,"column":23}},"16":{"start":{"line":33,"column":6},"end":{"line":33,"column":25}},"17":{"start":{"line":35,"column":6},"end":{"line":35,"column":23}},"18":{"start":{"line":44,"column":21},"end":{"line":44,"column":44}},"19":{"start":{"line":45,"column":2},"end":{"line":45,"column":62}},"20":{"start":{"line":52,"column":21},"end":{"line":52,"column":44}},"21":{"start":{"line":53,"column":2},"end":{"line":53,"column":62}},"22":{"start":{"line":60,"column":21},"end":{"line":60,"column":44}},"23":{"start":{"line":61,"column":25},"end":{"line":61,"column":44}},"24":{"start":{"line":63,"column":2},"end":{"line":74,"column":3}},"25":{"start":{"line":66,"column":6},"end":{"line":66,"column":57}},"26":{"start":{"line":69,"column":6},"end":{"line":69,"column":57}},"27":{"start":{"line":71,"column":6},"end":{"line":71,"column":58}},"28":{"start":{"line":73,"column":6},"end":{"line":73,"column":55}},"29":{"start":{"line":85,"column":24},"end":{"line":85,"column":45}},"30":{"start":{"line":86,"column":2},"end":{"line":86,"column":39}},"31":{"start":{"line":94,"column":2},"end":{"line":103,"column":5}},"32":{"start":{"line":96,"column":23},"end":{"line":96,"column":38}},"33":{"start":{"line":97,"column":28},"end":{"line":97,"column":53}},"34":{"start":{"line":100,"column":4},"end":{"line":102,"column":23}},"35":{"start":{"line":110,"column":16},"end":{"line":110,"column":33}},"36":{"start":{"line":111,"column":17},"end":{"line":111,"column":58}},"37":{"start":{"line":112,"column":19},"end":{"line":114,"column":10}},"38":{"start":{"line":113,"column":4},"end":{"line":113,"column":76}},"39":{"start":{"line":116,"column":2},"end":{"line":121,"column":4}}},"fnMap":{"0":{"name":"normalizeStatus","decl":{"start":{"line":12,"column":16},"end":{"line":12,"column":31}},"loc":{"start":{"line":12,"column":65},"end":{"line":37,"column":1}}},"1":{"name":"isActiveStatus","decl":{"start":{"line":43,"column":16},"end":{"line":43,"column":30}},"loc":{"start":{"line":43,"column":64},"end":{"line":46,"column":1}}},"2":{"name":"isInactiveStatus","decl":{"start":{"line":51,"column":16},"end":{"line":51,"column":32}},"loc":{"start":{"line":51,"column":66},"end":{"line":54,"column":1}}},"3":{"name":"getStatusBadge","decl":{"start":{"line":59,"column":16},"end":{"line":59,"column":30}},"loc":{"start":{"line":59,"column":64},"end":{"line":75,"column":1}}},"4":{"name":"getOwnerStatusBadge","decl":{"start":{"line":80,"column":16},"end":{"line":80,"column":35}},"loc":{"start":{"line":82,"column":40},"end":{"line":87,"column":1}}},"5":{"name":"filterActiveProperties","decl":{"start":{"line":93,"column":16},"end":{"line":93,"column":38}},"loc":{"start":{"line":93,"column":56},"end":{"line":104,"column":1}}},"6":{"name":"(anonymous_6)","decl":{"start":{"line":94,"column":27},"end":{"line":94,"column":35}},"loc":{"start":{"line":94,"column":38},"end":{"line":103,"column":3}}},"7":{"name":"calculatePortfolioMetrics","decl":{"start":{"line":109,"column":16},"end":{"line":109,"column":41}},"loc":{"start":{"line":109,"column":59},"end":{"line":122,"column":1}}},"8":{"name":"(anonymous_8)","decl":{"start":{"line":112,"column":37},"end":{"line":112,"column":41}},"loc":{"start":{"line":113,"column":4},"end":{"line":113,"column":76}}}},"branchMap":{"0":{"loc":{"start":{"line":13,"column":2},"end":{"line":13,"column":32}},"type":"if","locations":[{"start":{"line":13,"column":2},"end":{"line":13,"column":32}}]},"1":{"loc":{"start":{"line":18,"column":2},"end":{"line":36,"column":3}},"type":"switch","locations":[{"start":{"line":19,"column":4},"end":{"line":19,"column":18}},{"start":{"line":20,"column":4},"end":{"line":21,"column":22}},{"start":{"line":22,"column":4},"end":{"line":22,"column":20}},{"start":{"line":23,"column":4},"end":{"line":24,"column":24}},{"start":{"line":25,"column":4},"end":{"line":26,"column":22}},{"start":{"line":27,"column":4},"end":{"line":28,"column":24}},{"start":{"line":29,"column":4},"end":{"line":29,"column":19}},{"start":{"line":30,"column":4},"end":{"line":31,"column":23}},{"start":{"line":32,"column":4},"end":{"line":33,"column":25}},{"start":{"line":34,"column":4},"end":{"line":35,"column":23}}]},"2":{"loc":{"start":{"line":45,"column":9},"end":{"line":45,"column":61}},"type":"binary-expr","locations":[{"start":{"line":45,"column":9},"end":{"line":45,"column":32}},{"start":{"line":45,"column":36},"end":{"line":45,"column":61}}]},"3":{"loc":{"start":{"line":53,"column":9},"end":{"line":53,"column":61}},"type":"binary-expr","locations":[{"start":{"line":53,"column":9},"end":{"line":53,"column":34}},{"start":{"line":53,"column":38},"end":{"line":53,"column":61}}]},"4":{"loc":{"start":{"line":61,"column":25},"end":{"line":61,"column":44}},"type":"binary-expr","locations":[{"start":{"line":61,"column":25},"end":{"line":61,"column":31}},{"start":{"line":61,"column":35},"end":{"line":61,"column":44}}]},"5":{"loc":{"start":{"line":63,"column":2},"end":{"line":74,"column":3}},"type":"switch","locations":[{"start":{"line":64,"column":4},"end":{"line":64,"column":18}},{"start":{"line":65,"column":4},"end":{"line":66,"column":57}},{"start":{"line":67,"column":4},"end":{"line":67,"column":20}},{"start":{"line":68,"column":4},"end":{"line":69,"column":57}},{"start":{"line":70,"column":4},"end":{"line":71,"column":58}},{"start":{"line":72,"column":4},"end":{"line":73,"column":55}}]},"6":{"loc":{"start":{"line":85,"column":24},"end":{"line":85,"column":45}},"type":"binary-expr","locations":[{"start":{"line":85,"column":24},"end":{"line":85,"column":35}},{"start":{"line":85,"column":39},"end":{"line":85,"column":45}}]},"7":{"loc":{"start":{"line":100,"column":11},"end":{"line":102,"column":22}},"type":"binary-expr","locations":[{"start":{"line":100,"column":11},"end":{"line":100,"column":37}},{"start":{"line":101,"column":11},"end":{"line":101,"column":42}},{"start":{"line":102,"column":11},"end":{"line":102,"column":22}}]},"8":{"loc":{"start":{"line":113,"column":4},"end":{"line":113,"column":76}},"type":"binary-expr","locations":[{"start":{"line":113,"column":4},"end":{"line":113,"column":33}},{"start":{"line":113,"column":37},"end":{"line":113,"column":76}}]},"9":{"loc":{"start":{"line":120,"column":16},"end":{"line":120,"column":66}},"type":"cond-expr","locations":[{"start":{"line":120,"column":28},"end":{"line":120,"column":62}},{"start":{"line":120,"column":65},"end":{"line":120,"column":66}}]}},"s":{"0":0,"1":0,"2":0,"3":0,"4":0,"5":0,"6":0,"7":0,"8":0,"9":0,"10":0,"11":0,"12":0,"13":0,"14":0,"15":0,"16":0,"17":0,"18":0,"19":0,"20":0,"21":0,"22":0,"23":0,"24":0,"25":0,"26":0,"27":0,"28":0,"29":0,"30":0,"31":0,"32":0,"33":0,"34":0,"35":0,"36":0,"37":0,"38":0,"39":0},"f":{"0":0,"1":0,"2":0,"3":0,"4":0,"5":0,"6":0,"7":0,"8":0},"b":{"0":[0],"1":[0,0,0,0,0,0,0,0,0,0],"2":[0,0],"3":[0,0],"4":[0,0],"5":[0,0,0,0,0,0],"6":[0,0],"7":[0,0,0],"8":[0,0],"9":[0,0]}}
}
