TN:
SF:src/App.tsx
FN:56,HomeRedirect
FN:58,(anonymous_1)
FN:65,NotFound
FN:81,App
FNF:4
FNH:0
FNDA:0,HomeRedirect
FNDA:0,(anonymous_1)
FNDA:0,NotFound
FNDA:0,App
DA:1,0
DA:2,0
DA:3,0
DA:4,0
DA:16,0
DA:17,0
DA:18,0
DA:19,0
DA:20,0
DA:23,0
DA:24,0
DA:25,0
DA:26,0
DA:27,0
DA:30,0
DA:31,0
DA:32,0
DA:35,0
DA:36,0
DA:37,0
DA:40,0
DA:43,0
DA:44,0
DA:47,0
DA:50,0
DA:53,0
DA:57,0
DA:58,0
DA:60,0
DA:62,0
DA:66,0
DA:81,0
DA:83,0
LF:33
LH:0
BRF:0
BRH:0
end_of_record
TN:
SF:src/_probe.tsx
FNF:0
FNH:0
DA:1,0
DA:2,0
DA:4,0
DA:5,0
LF:4
LH:0
BRF:0
BRH:0
end_of_record
TN:
SF:src/main-debug.tsx
FN:6,(anonymous_0)
FN:6,(anonymous_1)
FN:9,(anonymous_2)
FN:10,(anonymous_3)
FN:25,(anonymous_4)
FNF:5
FNH:0
FNDA:0,(anonymous_0)
FNDA:0,(anonymous_1)
FNDA:0,(anonymous_2)
FNDA:0,(anonymous_3)
FNDA:0,(anonymous_4)
DA:2,0
DA:4,0
DA:5,0
DA:6,0
DA:7,0
DA:9,0
DA:11,0
DA:13,0
DA:14,0
DA:16,0
DA:17,0
DA:18,0
DA:20,0
DA:21,0
DA:23,0
DA:26,0
DA:27,0
DA:28,0
DA:29,0
DA:37,0
DA:38,0
DA:39,0
DA:40,0
LF:23
LH:0
BRDA:16,0,0,0
BRDA:16,0,1,0
BRDA:28,1,0,0
BRDA:39,2,0,0
BRF:4
BRH:0
end_of_record
TN:
SF:src/main-minimal.tsx
FN:5,MinimalApp
FNF:1
FNH:0
FNDA:0,MinimalApp
DA:1,0
DA:2,0
DA:6,0
DA:9,0
DA:10,0
DA:11,0
DA:12,0
DA:13,0
DA:14,0
DA:15,0
DA:16,0
DA:18,0
DA:19,0
DA:22,0
LF:14
LH:0
BRDA:10,0,0,0
BRDA:10,0,1,0
BRF:2
BRH:0
end_of_record
TN:
SF:src/boot/mountEnhancer.tsx
FN:5,mountEnhancer
FN:10,withMountEnhancer
FNF:2
FNH:0
FNDA:0,mountEnhancer
FNDA:0,withMountEnhancer
DA:5,0
DA:6,0
DA:10,0
DA:11,0
LF:4
LH:0
BRF:0
BRH:0
end_of_record
TN:
SF:src/components/ActivityTimeline.tsx
FN:11,ActivityTimeline
FN:15,(anonymous_1)
FNF:2
FNH:0
FNDA:0,ActivityTimeline
FNDA:0,(anonymous_1)
DA:1,0
DA:11,0
DA:12,0
DA:13,0
DA:16,0
LF:5
LH:0
BRDA:12,0,0,0
BRDA:19,1,0,0
BRDA:19,1,1,0
BRF:3
BRH:0
end_of_record
TN:
SF:src/components/AssetCardShell.tsx
FN:3,AssetCardShell
FNF:1
FNH:0
FNDA:0,AssetCardShell
DA:1,0
DA:3,0
DA:16,0
LF:3
LH:0
BRDA:28,0,0,0
BRDA:28,0,1,0
BRF:2
BRH:0
end_of_record
TN:
SF:src/components/DataTable.tsx
FN:59,(anonymous_0)
FN:60,(anonymous_1)
FN:61,(anonymous_2)
FN:64,inferType
FN:65,(anonymous_4)
FN:73,compare
FN:83,downloadCSV
FN:84,(anonymous_7)
FN:89,(anonymous_8)
FN:118,DataTable
FN:133,(anonymous_10)
FN:140,(anonymous_11)
FN:141,(anonymous_12)
FN:142,(anonymous_13)
FN:146,(anonymous_14)
FN:147,(anonymous_15)
FN:168,toggleSort
FN:169,(anonymous_17)
FN:170,(anonymous_18)
FN:189,(anonymous_19)
FN:195,(anonymous_20)
FN:196,(anonymous_21)
FN:199,(anonymous_22)
FN:203,(anonymous_23)
FN:234,(anonymous_24)
FN:236,(anonymous_25)
FN:237,(anonymous_26)
FN:239,(anonymous_27)
FN:256,(anonymous_28)
FN:258,handleDbl
FN:276,setTextFilter
FN:277,(anonymous_31)
FN:279,setEnumFilter
FN:280,(anonymous_33)
FN:282,setNumFilter
FN:283,(anonymous_35)
FN:286,(anonymous_36)
FN:298,(anonymous_37)
FN:303,(anonymous_38)
FN:319,(anonymous_39)
FN:320,(anonymous_40)
FN:328,(anonymous_41)
FN:340,(anonymous_42)
FN:352,(anonymous_43)
FN:361,(anonymous_44)
FN:378,(anonymous_45)
FN:386,(anonymous_46)
FN:404,(anonymous_47)
FN:416,(anonymous_48)
FN:418,(anonymous_49)
FN:446,(anonymous_50)
FN:450,(anonymous_51)
FN:454,(anonymous_52)
FN:456,(anonymous_53)
FN:471,(anonymous_54)
FN:505,(anonymous_55)
FN:505,(anonymous_56)
FN:513,(anonymous_57)
FN:513,(anonymous_58)
FN:521,(anonymous_59)
FN:523,(anonymous_60)
FN:542,(anonymous_61)
FNF:62
FNH:0
FNDA:0,(anonymous_0)
FNDA:0,(anonymous_1)
FNDA:0,(anonymous_2)
FNDA:0,inferType
FNDA:0,(anonymous_4)
FNDA:0,compare
FNDA:0,downloadCSV
FNDA:0,(anonymous_7)
FNDA:0,(anonymous_8)
FNDA:0,DataTable
FNDA:0,(anonymous_10)
FNDA:0,(anonymous_11)
FNDA:0,(anonymous_12)
FNDA:0,(anonymous_13)
FNDA:0,(anonymous_14)
FNDA:0,(anonymous_15)
FNDA:0,toggleSort
FNDA:0,(anonymous_17)
FNDA:0,(anonymous_18)
FNDA:0,(anonymous_19)
FNDA:0,(anonymous_20)
FNDA:0,(anonymous_21)
FNDA:0,(anonymous_22)
FNDA:0,(anonymous_23)
FNDA:0,(anonymous_24)
FNDA:0,(anonymous_25)
FNDA:0,(anonymous_26)
FNDA:0,(anonymous_27)
FNDA:0,(anonymous_28)
FNDA:0,handleDbl
FNDA:0,setTextFilter
FNDA:0,(anonymous_31)
FNDA:0,setEnumFilter
FNDA:0,(anonymous_33)
FNDA:0,setNumFilter
FNDA:0,(anonymous_35)
FNDA:0,(anonymous_36)
FNDA:0,(anonymous_37)
FNDA:0,(anonymous_38)
FNDA:0,(anonymous_39)
FNDA:0,(anonymous_40)
FNDA:0,(anonymous_41)
FNDA:0,(anonymous_42)
FNDA:0,(anonymous_43)
FNDA:0,(anonymous_44)
FNDA:0,(anonymous_45)
FNDA:0,(anonymous_46)
FNDA:0,(anonymous_47)
FNDA:0,(anonymous_48)
FNDA:0,(anonymous_49)
FNDA:0,(anonymous_50)
FNDA:0,(anonymous_51)
FNDA:0,(anonymous_52)
FNDA:0,(anonymous_53)
FNDA:0,(anonymous_54)
FNDA:0,(anonymous_55)
FNDA:0,(anonymous_56)
FNDA:0,(anonymous_57)
FNDA:0,(anonymous_58)
FNDA:0,(anonymous_59)
FNDA:0,(anonymous_60)
FNDA:0,(anonymous_61)
DA:16,0
DA:17,0
DA:18,0
DA:56,0
DA:59,0
DA:60,0
DA:61,0
DA:62,0
DA:65,0
DA:66,0
DA:67,0
DA:68,0
DA:69,0
DA:70,0
DA:74,0
DA:75,0
DA:76,0
DA:78,0
DA:79,0
DA:80,0
DA:84,0
DA:85,0
DA:87,0
DA:88,0
DA:90,0
DA:92,0
DA:102,0
DA:103,0
DA:106,0
DA:109,0
DA:110,0
DA:111,0
DA:112,0
DA:113,0
DA:114,0
DA:118,0
DA:129,0
DA:131,0
DA:133,0
DA:134,0
DA:135,0
DA:140,0
DA:141,0
DA:142,0
DA:143,0
DA:144,0
DA:146,0
DA:147,0
DA:149,0
DA:151,0
DA:162,0
DA:163,0
DA:166,0
DA:169,0
DA:170,0
DA:171,0
DA:173,0
DA:176,0
DA:177,0
DA:178,0
DA:179,0
DA:180,0
DA:181,0
DA:186,0
DA:187,0
DA:189,0
DA:191,0
DA:195,0
DA:196,0
DA:197,0
DA:199,0
DA:201,0
DA:202,0
DA:204,0
DA:205,0
DA:208,0
DA:212,0
DA:213,0
DA:214,0
DA:215,0
DA:217,0
DA:218,0
DA:219,0
DA:220,0
DA:221,0
DA:222,0
DA:223,0
DA:224,0
DA:227,0
DA:230,0
DA:234,0
DA:235,0
DA:236,0
DA:237,0
DA:238,0
DA:239,0
DA:240,0
DA:241,0
DA:242,0
DA:243,0
DA:245,0
DA:247,0
DA:251,0
DA:252,0
DA:255,0
DA:256,0
DA:260,0
DA:261,0
DA:262,0
DA:263,0
DA:264,0
DA:265,0
DA:267,0
DA:269,0
DA:271,0
DA:272,0
DA:277,0
DA:280,0
DA:283,0
DA:286,0
DA:287,0
DA:290,0
DA:298,0
DA:304,0
DA:320,0
DA:322,0
DA:324,0
DA:328,0
DA:341,0
DA:342,0
DA:343,0
DA:344,0
DA:353,0
DA:362,0
DA:370,0
DA:371,0
DA:372,0
DA:373,0
DA:379,0
DA:387,0
DA:397,0
DA:398,0
DA:404,0
DA:417,0
DA:419,0
DA:447,0
DA:450,0
DA:454,0
DA:457,0
DA:459,0
DA:460,0
DA:461,0
DA:463,0
DA:464,0
DA:471,0
DA:484,0
DA:505,0
DA:513,0
DA:521,0
DA:524,0
DA:543,0
DA:544,0
LF:162
LH:0
BRDA:59,0,0,0
BRDA:59,0,1,0
BRDA:62,1,0,0
BRDA:62,1,1,0
BRDA:65,2,0,0
BRDA:65,2,1,0
BRDA:66,3,0,0
BRDA:67,4,0,0
BRDA:68,5,0,0
BRDA:69,6,0,0
BRDA:74,7,0,0
BRDA:74,8,0,0
BRDA:74,8,1,0
BRDA:75,9,0,0
BRDA:76,10,0,0
BRDA:78,11,0,0
BRDA:79,12,0,0
BRDA:92,13,0,0
BRDA:92,13,1,0
BRDA:94,14,0,0
BRDA:94,14,1,0
BRDA:96,15,0,0
BRDA:96,15,1,0
BRDA:98,16,0,0
BRDA:98,16,1,0
BRDA:99,17,0,0
BRDA:99,17,1,0
BRDA:103,18,0,0
BRDA:103,18,1,0
BRDA:128,19,0,0
BRDA:134,20,0,0
BRDA:135,21,0,0
BRDA:135,21,1,0
BRDA:143,22,0,0
BRDA:143,22,1,0
BRDA:146,23,0,0
BRDA:146,24,0,0
BRDA:146,24,1,0
BRDA:146,24,2,0
BRDA:147,25,0,0
BRDA:147,25,1,0
BRDA:171,26,0,0
BRDA:173,27,0,0
BRDA:173,27,1,0
BRDA:178,28,0,0
BRDA:178,28,1,0
BRDA:180,29,0,0
BRDA:201,30,0,0
BRDA:205,31,0,0
BRDA:205,31,1,0
BRDA:208,32,0,0
BRDA:214,33,0,0
BRDA:217,34,0,0
BRDA:217,34,1,0
BRDA:218,35,0,0
BRDA:218,36,0,0
BRDA:218,36,1,0
BRDA:219,37,0,0
BRDA:219,37,1,0
BRDA:220,38,0,0
BRDA:220,39,0,0
BRDA:220,39,1,0
BRDA:221,40,0,0
BRDA:222,41,0,0
BRDA:222,41,1,0
BRDA:223,42,0,0
BRDA:223,43,0,0
BRDA:223,43,1,0
BRDA:223,43,2,0
BRDA:224,44,0,0
BRDA:224,45,0,0
BRDA:224,45,1,0
BRDA:224,45,2,0
BRDA:235,46,0,0
BRDA:237,47,0,0
BRDA:237,47,1,0
BRDA:243,48,0,0
BRDA:243,49,0,0
BRDA:243,49,1,0
BRDA:260,50,0,0
BRDA:263,51,0,0
BRDA:263,51,1,0
BRDA:263,52,0,0
BRDA:263,52,1,0
BRDA:271,53,0,0
BRDA:271,53,1,0
BRDA:287,54,0,0
BRDA:287,54,1,0
BRDA:287,54,2,0
BRDA:323,55,0,0
BRDA:323,55,1,0
BRDA:335,56,0,0
BRDA:335,56,1,0
BRDA:342,57,0,0
BRDA:343,58,0,0
BRDA:343,58,1,0
BRDA:351,59,0,0
BRDA:351,59,1,0
BRDA:353,60,0,0
BRDA:353,60,1,0
BRDA:360,61,0,0
BRDA:360,61,1,0
BRDA:362,62,0,0
BRDA:362,62,1,0
BRDA:370,63,0,0
BRDA:370,64,0,0
BRDA:370,64,1,0
BRDA:370,64,2,0
BRDA:371,65,0,0
BRDA:371,65,1,0
BRDA:372,66,0,0
BRDA:372,66,1,0
BRDA:381,67,0,0
BRDA:381,67,1,0
BRDA:397,68,0,0
BRDA:397,68,1,0
BRDA:403,69,0,0
BRDA:403,69,1,0
BRDA:409,70,0,0
BRDA:409,70,1,0
BRDA:415,71,0,0
BRDA:415,71,1,0
BRDA:423,72,0,0
BRDA:423,72,1,0
BRDA:428,73,0,0
BRDA:428,73,1,0
BRDA:428,73,2,0
BRDA:430,74,0,0
BRDA:430,74,1,0
BRDA:435,75,0,0
BRDA:435,75,1,0
BRDA:435,75,2,0
BRDA:435,75,3,0
BRDA:437,76,0,0
BRDA:437,76,1,0
BRDA:444,77,0,0
BRDA:444,77,1,0
BRDA:444,77,2,0
BRDA:454,78,0,0
BRDA:459,79,0,0
BRDA:459,79,1,0
BRDA:459,80,0,0
BRDA:459,80,1,0
BRDA:460,81,0,0
BRDA:460,81,1,0
BRDA:463,82,0,0
BRDA:465,83,0,0
BRDA:465,83,1,0
BRDA:467,84,0,0
BRDA:467,84,1,0
BRDA:485,85,0,0
BRDA:485,85,1,0
BRDA:490,86,0,0
BRDA:490,86,1,0
BRDA:499,87,0,0
BRDA:499,87,1,0
BRDA:533,88,0,0
BRDA:533,88,1,0
BRDA:548,89,0,0
BRDA:548,89,1,0
BRDA:548,90,0,0
BRDA:548,90,1,0
BRF:162
BRH:0
end_of_record
TN:
SF:src/components/DevDiagBar.tsx
FN:3,DevDiagBar
FN:5,(anonymous_1)
FN:6,(anonymous_2)
FN:10,(anonymous_3)
FNF:4
FNH:0
FNDA:0,DevDiagBar
FNDA:0,(anonymous_1)
FNDA:0,(anonymous_2)
FNDA:0,(anonymous_3)
DA:1,0
DA:3,0
DA:4,0
DA:5,0
DA:6,0
DA:7,0
DA:8,0
DA:10,0
DA:12,0
DA:13,0
LF:10
LH:0
BRDA:8,0,0,0
BRDA:12,1,0,0
BRDA:12,2,0,0
BRDA:12,2,1,0
BRDA:18,3,0,0
BRDA:18,3,1,0
BRDA:18,3,2,0
BRF:7
BRH:0
end_of_record
TN:
SF:src/components/EccErrorBoundary.tsx
FN:3,(anonymous_0)
FN:5,(anonymous_1)
FN:6,(anonymous_2)
FNF:3
FNH:0
FNDA:0,(anonymous_0)
FNDA:0,(anonymous_1)
FNDA:0,(anonymous_2)
DA:1,0
DA:3,0
DA:4,0
DA:5,0
DA:7,0
DA:8,0
LF:6
LH:0
BRDA:7,0,0,0
BRF:1
BRH:0
end_of_record
TN:
SF:src/components/ErrorBoundary.tsx
FN:4,(anonymous_0)
FN:5,(anonymous_1)
FN:6,(anonymous_2)
FN:7,(anonymous_3)
FNF:4
FNH:0
FNDA:0,(anonymous_0)
FNDA:0,(anonymous_1)
FNDA:0,(anonymous_2)
FNDA:0,(anonymous_3)
DA:1,0
DA:3,0
DA:4,0
DA:5,0
DA:6,0
DA:8,0
DA:17,0
LF:7
LH:0
BRDA:5,0,0,0
BRDA:5,0,1,0
BRDA:8,1,0,0
BRDA:8,1,1,0
BRF:4
BRH:0
end_of_record
TN:
SF:src/components/FieldRows.tsx
FN:4,FieldRows
FN:7,(anonymous_1)
FNF:2
FNH:0
FNDA:0,FieldRows
FNDA:0,(anonymous_1)
DA:1,0
DA:4,0
DA:5,0
DA:8,0
LF:4
LH:0
BRDA:10,0,0,0
BRDA:10,0,1,0
BRF:2
BRH:0
end_of_record
TN:
SF:src/components/FileButtons.tsx
FN:3,FileButtons
FN:12,(anonymous_1)
FN:13,(anonymous_2)
FN:14,(anonymous_3)
FNF:4
FNH:0
FNDA:0,FileButtons
FNDA:0,(anonymous_1)
FNDA:0,(anonymous_2)
FNDA:0,(anonymous_3)
DA:1,0
DA:3,0
DA:10,0
DA:12,0
DA:13,0
DA:14,0
LF:6
LH:0
BRDA:12,0,0,0
BRDA:12,0,1,0
BRDA:13,1,0,0
BRDA:13,1,1,0
BRDA:14,2,0,0
BRDA:14,2,1,0
BRF:6
BRH:0
end_of_record
TN:
SF:src/components/FilterBar.tsx
FN:13,FilterBar
FN:21,(anonymous_1)
FNF:2
FNH:0
FNDA:0,FilterBar
FNDA:0,(anonymous_1)
DA:1,0
DA:13,0
DA:14,0
DA:21,0
LF:4
LH:0
BRDA:13,0,0,0
BRDA:13,1,0,0
BRDA:25,2,0,0
BRDA:25,2,1,0
BRF:4
BRH:0
end_of_record
TN:
SF:src/components/GeoMap.tsx
FN:5,GeoMap
FNF:1
FNH:0
FNDA:0,GeoMap
DA:1,0
DA:2,0
DA:3,0
DA:5,0
DA:16,0
DA:17,0
DA:19,0
DA:20,0
DA:22,0
DA:23,0
DA:24,0
DA:25,0
DA:26,0
DA:29,0
LF:14
LH:0
BRDA:6,0,0,0
BRDA:16,1,0,0
BRDA:16,1,1,0
BRDA:17,2,0,0
BRDA:17,2,1,0
BRDA:20,3,0,0
BRDA:20,3,1,0
BRDA:25,4,0,0
BRDA:30,5,0,0
BRDA:30,5,1,0
BRDA:31,6,0,0
BRDA:31,6,1,0
BRF:12
BRH:0
end_of_record
TN:
SF:src/components/KPIBar.tsx
FN:5,KPIBar
FN:8,(anonymous_1)
FNF:2
FNH:0
FNDA:0,KPIBar
FNDA:0,(anonymous_1)
DA:1,0
DA:2,0
DA:5,0
DA:6,0
DA:9,0
LF:5
LH:0
BRDA:9,0,0,0
BRDA:9,0,1,0
BRDA:11,1,0,0
BRDA:11,1,1,0
BRF:4
BRH:0
end_of_record
TN:
SF:src/components/Sidebar.tsx
FN:12,SafeImg
FN:14,(anonymous_1)
FN:16,(anonymous_2)
FN:105,iconOf
FN:108,clampToViewport
FN:117,useCollapsed
FN:118,(anonymous_6)
FN:122,(anonymous_7)
FN:132,Sidebar
FN:137,(anonymous_9)
FN:138,(anonymous_10)
FN:138,(anonymous_11)
FN:153,(anonymous_12)
FN:158,(anonymous_13)
FN:161,(anonymous_14)
FN:163,(anonymous_15)
FN:172,(anonymous_16)
FN:174,(anonymous_17)
FN:176,(anonymous_18)
FN:178,(anonymous_19)
FN:216,(anonymous_20)
FN:220,(anonymous_21)
FN:226,(anonymous_22)
FN:230,(anonymous_23)
FN:261,(anonymous_24)
FN:268,(anonymous_25)
FN:286,(anonymous_26)
FN:297,(anonymous_27)
FN:298,(anonymous_28)
FN:302,(anonymous_29)
FNF:30
FNH:0
FNDA:0,SafeImg
FNDA:0,(anonymous_1)
FNDA:0,(anonymous_2)
FNDA:0,iconOf
FNDA:0,clampToViewport
FNDA:0,useCollapsed
FNDA:0,(anonymous_6)
FNDA:0,(anonymous_7)
FNDA:0,Sidebar
FNDA:0,(anonymous_9)
FNDA:0,(anonymous_10)
FNDA:0,(anonymous_11)
FNDA:0,(anonymous_12)
FNDA:0,(anonymous_13)
FNDA:0,(anonymous_14)
FNDA:0,(anonymous_15)
FNDA:0,(anonymous_16)
FNDA:0,(anonymous_17)
FNDA:0,(anonymous_18)
FNDA:0,(anonymous_19)
FNDA:0,(anonymous_20)
FNDA:0,(anonymous_21)
FNDA:0,(anonymous_22)
FNDA:0,(anonymous_23)
FNDA:0,(anonymous_24)
FNDA:0,(anonymous_25)
FNDA:0,(anonymous_26)
FNDA:0,(anonymous_27)
FNDA:0,(anonymous_28)
FNDA:0,(anonymous_29)
DA:1,1
DA:2,1
DA:3,1
DA:4,1
DA:9,1
DA:10,1
DA:13,0
DA:14,0
DA:15,0
DA:16,0
DA:32,1
DA:100,1
DA:101,1
DA:102,1
DA:103,1
DA:106,0
DA:109,0
DA:110,0
DA:111,0
DA:112,0
DA:113,0
DA:114,0
DA:115,0
DA:118,0
DA:119,0
DA:120,0
DA:122,0
DA:123,0
DA:125,0
DA:132,1
DA:133,0
DA:134,0
DA:135,0
DA:137,0
DA:138,0
DA:139,0
DA:142,0
DA:143,0
DA:144,0
DA:145,0
DA:146,0
DA:147,0
DA:148,0
DA:149,0
DA:150,0
DA:151,0
DA:153,0
DA:154,0
DA:155,0
DA:156,0
DA:157,0
DA:158,0
DA:161,0
DA:163,0
DA:164,0
DA:165,0
DA:166,0
DA:167,0
DA:168,0
DA:169,0
DA:170,0
DA:172,0
DA:173,0
DA:174,0
DA:176,0
DA:177,0
DA:178,0
DA:179,0
DA:180,0
DA:185,0
DA:217,0
DA:218,0
DA:219,0
DA:220,0
DA:221,0
DA:224,0
DA:227,0
DA:228,0
DA:231,0
DA:232,0
DA:246,0
DA:247,0
DA:257,0
DA:261,0
DA:269,0
DA:270,0
DA:271,0
DA:286,0
DA:297,0
DA:298,0
DA:303,0
DA:304,0
LF:92
LH:12
BRDA:15,0,0,0
BRDA:106,1,0,0
BRDA:106,1,1,0
BRDA:106,1,2,0
BRDA:113,2,0,0
BRDA:114,3,0,0
BRDA:119,4,0,0
BRDA:119,4,1,0
BRDA:138,5,0,0
BRDA:138,5,1,0
BRDA:138,5,2,0
BRDA:139,6,0,0
BRDA:139,6,1,0
BRDA:161,7,0,0
BRDA:161,7,1,0
BRDA:161,7,2,0
BRDA:164,8,0,0
BRDA:164,8,1,0
BRDA:168,9,0,0
BRDA:168,9,1,0
BRDA:173,10,0,0
BRDA:177,11,0,0
BRDA:179,12,0,0
BRDA:179,13,0,0
BRDA:179,13,1,0
BRDA:186,14,0,0
BRDA:186,14,1,0
BRDA:202,15,0,0
BRDA:202,15,1,0
BRDA:207,16,0,0
BRDA:207,16,1,0
BRDA:220,17,0,0
BRDA:220,17,1,0
BRDA:220,17,2,0
BRDA:228,18,0,0
BRDA:228,19,0,0
BRDA:228,19,1,0
BRDA:228,19,2,0
BRDA:232,20,0,0
BRDA:236,21,0,0
BRDA:236,21,1,0
BRDA:239,22,0,0
BRDA:239,22,1,0
BRDA:239,23,0,0
BRDA:239,23,1,0
BRDA:246,24,0,0
BRDA:246,25,0,0
BRDA:246,25,1,0
BRDA:249,26,0,0
BRDA:249,26,1,0
BRDA:258,27,0,0
BRDA:258,27,1,0
BRDA:261,28,0,0
BRDA:261,28,1,0
BRDA:266,29,0,0
BRDA:266,29,1,0
BRDA:266,29,2,0
BRDA:266,29,3,0
BRDA:272,30,0,0
BRDA:272,30,1,0
BRDA:287,31,0,0
BRDA:287,31,1,0
BRDA:288,32,0,0
BRDA:288,32,1,0
BRDA:293,33,0,0
BRDA:293,33,1,0
BRDA:293,33,2,0
BRDA:293,33,3,0
BRDA:293,33,4,0
BRDA:297,34,0,0
BRF:70
BRH:0
end_of_record
TN:
SF:src/components/Skeleton.tsx
FN:4,Line
FN:22,Block
FNF:2
FNH:0
FNDA:0,Line
FNDA:0,Block
DA:1,0
DA:4,0
DA:5,0
DA:22,0
DA:23,0
LF:5
LH:0
BRDA:4,0,0,0
BRDA:4,1,0,0
BRDA:10,2,0,0
BRDA:10,2,1,0
BRDA:22,3,0,0
BRF:5
BRH:0
end_of_record
TN:
SF:src/components/Skeletons.tsx
FN:3,KPIBlockSkeleton
FNF:1
FNH:0
FNDA:0,KPIBlockSkeleton
DA:1,0
DA:3,0
DA:4,0
LF:3
LH:0
BRF:0
BRH:0
end_of_record
TN:
SF:src/components/Table.tsx
FN:6,SimpleTable
FN:20,(anonymous_1)
FN:37,(anonymous_2)
FN:39,(anonymous_3)
FN:52,display
FNF:5
FNH:0
FNDA:0,SimpleTable
FNDA:0,(anonymous_1)
FNDA:0,(anonymous_2)
FNDA:0,(anonymous_3)
FNDA:0,display
DA:1,0
DA:2,0
DA:6,0
DA:15,0
DA:21,0
DA:38,0
DA:40,0
DA:53,0
DA:54,0
DA:55,0
DA:56,0
LF:11
LH:0
BRDA:9,0,0,0
BRDA:23,1,0,0
BRDA:23,1,1,0
BRDA:24,2,0,0
BRDA:24,2,1,0
BRDA:32,3,0,0
BRDA:32,3,1,0
BRDA:40,4,0,0
BRDA:40,4,1,0
BRDA:53,5,0,0
BRDA:54,6,0,0
BRDA:55,7,0,0
BRDA:55,8,0,0
BRDA:55,8,1,0
BRF:14
BRH:0
end_of_record
TN:
SF:src/components/Tabs.tsx
FN:6,Tabs
FN:8,(anonymous_1)
FN:13,(anonymous_2)
FN:14,(anonymous_3)
FNF:4
FNH:0
FNDA:0,Tabs
FNDA:0,(anonymous_1)
FNDA:0,(anonymous_2)
FNDA:0,(anonymous_3)
DA:1,0
DA:2,0
DA:6,0
DA:7,0
DA:8,0
DA:10,0
DA:14,0
LF:7
LH:0
BRDA:7,0,0,0
BRDA:7,0,1,0
BRDA:20,1,0,0
BRDA:20,1,1,0
BRF:4
BRH:0
end_of_record
TN:
SF:src/components/cardkit/CardPanel.tsx
FN:2,(anonymous_0)
FNF:1
FNH:0
FNDA:0,(anonymous_0)
DA:1,0
DA:2,0
DA:3,0
DA:5,0
DA:6,0
LF:5
LH:0
BRDA:3,0,0,0
BRDA:3,0,1,0
BRF:2
BRH:0
end_of_record
TN:
SF:src/components/cardkit/CardShell.tsx
FN:15,CardShell
FN:31,(anonymous_1)
FN:31,(anonymous_2)
FN:33,(anonymous_3)
FN:46,(anonymous_4)
FN:61,(anonymous_5)
FN:80,(anonymous_6)
FN:84,(anonymous_7)
FNF:8
FNH:0
FNDA:0,CardShell
FNDA:0,(anonymous_1)
FNDA:0,(anonymous_2)
FNDA:0,(anonymous_3)
FNDA:0,(anonymous_4)
FNDA:0,(anonymous_5)
FNDA:0,(anonymous_6)
FNDA:0,(anonymous_7)
DA:1,0
DA:2,0
DA:15,0
DA:30,0
DA:31,0
DA:33,0
DA:34,0
DA:35,0
DA:37,0
DA:40,0
DA:47,0
DA:62,0
DA:81,0
DA:84,0
DA:109,0
LF:15
LH:0
BRDA:34,0,0,0
BRDA:43,1,0,0
BRDA:43,1,1,0
BRDA:43,1,2,0
BRDA:49,2,0,0
BRDA:49,2,1,0
BRDA:59,3,0,0
BRDA:59,3,1,0
BRDA:59,3,2,0
BRDA:64,4,0,0
BRDA:64,4,1,0
BRDA:76,5,0,0
BRDA:76,5,1,0
BRDA:85,6,0,0
BRDA:85,6,1,0
BRDA:93,7,0,0
BRDA:93,7,1,0
BRDA:95,8,0,0
BRDA:95,8,1,0
BRDA:95,8,2,0
BRDA:96,9,0,0
BRDA:96,9,1,0
BRDA:98,10,0,0
BRDA:98,10,1,0
BRDA:98,11,0,0
BRDA:98,11,1,0
BRDA:102,12,0,0
BRDA:102,12,1,0
BRF:28
BRH:0
end_of_record
TN:
SF:src/components/cardkit/FieldGroup.tsx
FN:3,(anonymous_0)
FNF:1
FNH:0
FNDA:0,(anonymous_0)
DA:1,0
DA:3,0
DA:4,0
DA:9,0
DA:10,0
LF:5
LH:0
BRDA:4,0,0,0
BRDA:4,0,1,0
BRDA:6,1,0,0
BRDA:6,1,1,0
BRF:4
BRH:0
end_of_record
TN:
SF:src/components/cardkit/KPI.tsx
FN:10,(anonymous_0)
FN:23,(anonymous_1)
FNF:2
FNH:1
FNDA:52,(anonymous_0)
FNDA:0,(anonymous_1)
DA:1,5
DA:10,5
DA:11,52
DA:12,52
DA:13,52
DA:21,5
DA:22,5
DA:23,5
DA:24,0
LF:9
LH:8
BRDA:11,0,0,52
BRDA:11,0,1,0
BRDA:14,1,0,52
BRDA:14,1,1,52
BRDA:16,2,0,52
BRDA:16,2,1,0
BRDA:24,3,0,0
BRDA:24,3,1,0
BRF:8
BRH:4
end_of_record
TN:
SF:src/components/cardkit/KPIRow.tsx
FN:3,KPIRow
FNF:1
FNH:1
FNDA:13,KPIRow
DA:3,5
DA:4,13
LF:2
LH:2
BRF:0
BRH:0
end_of_record
TN:
SF:src/components/cardkit/PrefetchLink.tsx
FN:4,PrefetchLink
FN:18,(anonymous_1)
FNF:2
FNH:0
FNDA:0,PrefetchLink
FNDA:0,(anonymous_1)
DA:1,0
DA:2,0
DA:14,0
DA:15,0
DA:19,0
DA:20,0
DA:30,0
DA:31,0
LF:8
LH:0
BRDA:19,0,0,0
BRDA:19,1,0,0
BRDA:19,1,1,0
BRF:3
BRH:0
end_of_record
TN:
SF:src/components/cardkit/ProgressBar.tsx
FN:1,ProgressBar
FNF:1
FNH:0
FNDA:0,ProgressBar
DA:1,0
DA:14,0
DA:15,0
DA:16,0
DA:17,0
DA:18,0
LF:6
LH:0
BRDA:4,0,0,0
BRDA:5,1,0,0
BRDA:14,2,0,0
BRDA:14,2,1,0
BRDA:14,3,0,0
BRDA:14,3,1,0
BRDA:14,4,0,0
BRDA:14,4,1,0
BRDA:15,5,0,0
BRDA:19,6,0,0
BRDA:19,6,1,0
BRF:11
BRH:0
end_of_record
TN:
SF:src/components/cardkit/RightRailPanel.tsx
FN:2,(anonymous_0)
FNF:1
FNH:0
FNDA:0,(anonymous_0)
DA:1,0
DA:2,0
DA:3,0
DA:5,0
DA:6,0
LF:5
LH:0
BRDA:3,0,0,0
BRDA:3,0,1,0
BRF:2
BRH:0
end_of_record
TN:
SF:src/components/cardkit/Skeleton.tsx
FN:1,Skeleton
FNF:1
FNH:0
FNDA:0,Skeleton
DA:4,0
DA:7,0
DA:8,0
LF:3
LH:0
BRDA:1,0,0,0
BRF:1
BRH:0
end_of_record
TN:
SF:src/components/cardkit/StatusTag.tsx
FN:2,StatusTag
FNF:1
FNH:0
FNDA:0,StatusTag
DA:2,0
DA:3,0
DA:5,0
DA:9,0
DA:13,0
LF:5
LH:0
BRDA:2,0,0,0
BRDA:3,1,0,0
BRDA:3,1,1,0
BRDA:5,2,0,0
BRDA:5,2,1,0
BRDA:5,3,0,0
BRDA:5,3,1,0
BRDA:5,3,2,0
BRDA:6,4,0,0
BRDA:6,4,1,0
BRDA:6,5,0,0
BRDA:6,5,1,0
BRDA:7,6,0,0
BRDA:7,6,1,0
BRDA:7,7,0,0
BRDA:7,7,1,0
BRDA:7,7,2,0
BRDA:9,8,0,0
BRDA:9,8,1,0
BRDA:10,9,0,0
BRDA:10,9,1,0
BRDA:11,10,0,0
BRDA:11,10,1,0
BRDA:15,11,0,0
BRDA:15,11,1,0
BRF:25
BRH:0
end_of_record
TN:
SF:src/components/data/Sparkline.tsx
FN:6,Sparkline
FN:15,(anonymous_1)
FNF:2
FNH:0
FNDA:0,Sparkline
FNDA:0,(anonymous_1)
DA:2,0
DA:6,0
DA:7,0
DA:8,0
DA:10,0
DA:11,0
DA:12,0
DA:13,0
DA:14,0
DA:16,0
DA:17,0
DA:18,0
DA:22,0
LF:13
LH:0
BRDA:6,0,0,0
BRDA:6,1,0,0
BRDA:6,2,0,0
BRDA:7,3,0,0
BRDA:7,4,0,0
BRDA:7,4,1,0
BRDA:12,5,0,0
BRDA:12,5,1,0
BRDA:13,6,0,0
BRDA:13,6,1,0
BRF:10
BRH:0
end_of_record
TN:
SF:src/components/financials/DelinquencySummary.tsx
FN:6,DelinquencySummary
FN:15,(anonymous_1)
FNF:2
FNH:0
FNDA:0,DelinquencySummary
FNDA:0,(anonymous_1)
DA:1,0
DA:2,0
DA:6,0
DA:15,0
DA:16,0
DA:17,0
DA:18,0
DA:19,0
DA:20,0
DA:22,0
DA:25,0
LF:11
LH:0
BRDA:16,0,0,0
BRDA:19,1,0,0
BRDA:19,1,1,0
BRDA:20,2,0,0
BRDA:38,3,0,0
BRDA:38,3,1,0
BRF:6
BRH:0
end_of_record
TN:
SF:src/components/genesis/Badges.tsx
FN:2,Badges
FN:10,(anonymous_1)
FNF:2
FNH:0
FNDA:0,Badges
FNDA:0,(anonymous_1)
DA:1,0
DA:2,0
DA:3,0
DA:9,0
DA:10,0
LF:5
LH:0
BRDA:4,0,0,0
BRDA:4,0,1,0
BRDA:5,1,0,0
BRDA:5,1,1,0
BRDA:6,2,0,0
BRDA:6,2,1,0
BRDA:7,3,0,0
BRDA:7,3,1,0
BRDA:9,4,0,0
BRF:9
BRH:0
end_of_record
TN:
SF:src/components/genesis/MiniList.tsx
FN:2,MiniRow
FN:10,MiniList
FN:12,(anonymous_2)
FNF:3
FNH:0
FNDA:0,MiniRow
FNDA:0,MiniList
FNDA:0,(anonymous_2)
DA:1,0
DA:2,0
DA:3,0
DA:10,0
DA:11,0
DA:12,0
LF:6
LH:0
BRDA:4,0,0,0
BRDA:4,0,1,0
BRDA:6,1,0,0
BRDA:6,1,1,0
BRDA:11,2,0,0
BRDA:11,3,0,0
BRDA:11,3,1,0
BRF:7
BRH:0
end_of_record
TN:
SF:src/components/genesis/RightRail.tsx
FN:2,Widget
FN:10,RightRail
FNF:2
FNH:0
FNDA:0,Widget
FNDA:0,RightRail
DA:1,0
DA:2,0
DA:3,0
DA:10,0
LF:4
LH:0
BRF:0
BRH:0
end_of_record
TN:
SF:src/components/layout/Breadcrumbs.tsx
FN:13,Breadcrumbs
FN:20,(anonymous_1)
FNF:2
FNH:0
FNDA:0,Breadcrumbs
FNDA:0,(anonymous_1)
DA:1,0
DA:2,0
DA:13,0
DA:14,0
DA:21,0
LF:5
LH:0
BRDA:22,0,0,0
BRDA:22,0,1,0
BRDA:23,1,0,0
BRDA:23,1,1,0
BRF:4
BRH:0
end_of_record
TN:
SF:src/components/layout/navConfig.ts
FN:42,(anonymous_0)
FNF:1
FNH:0
FNDA:0,(anonymous_0)
DA:16,0
DA:42,0
DA:45,0
DA:46,0
LF:4
LH:0
BRF:0
BRH:0
end_of_record
TN:
SF:src/components/ledger/LedgerTable.tsx
FN:13,LedgerTable
FN:42,(anonymous_1)
FNF:2
FNH:0
FNDA:0,LedgerTable
FNDA:0,(anonymous_1)
DA:1,0
DA:2,0
DA:13,0
DA:22,0
DA:23,0
DA:29,0
DA:30,0
DA:36,0
DA:43,0
DA:44,0
DA:45,0
DA:46,0
LF:12
LH:0
BRDA:16,0,0,0
BRDA:22,1,0,0
BRDA:29,2,0,0
BRDA:43,3,0,0
BRDA:43,3,1,0
BRDA:43,4,0,0
BRDA:43,4,1,0
BRDA:50,5,0,0
BRDA:50,5,1,0
BRDA:52,6,0,0
BRDA:52,6,1,0
BRF:11
BRH:0
end_of_record
TN:
SF:src/components/legal/AssessorBlock.tsx
FN:3,AssessorBlock
FNF:1
FNH:0
FNDA:0,AssessorBlock
DA:1,0
DA:3,0
DA:6,0
LF:3
LH:0
BRDA:9,0,0,0
BRDA:9,0,1,0
BRDA:11,1,0,0
BRDA:11,1,1,0
BRF:4
BRH:0
end_of_record
TN:
SF:src/components/legal/LegalCasesList.tsx
FN:11,LegalCasesList
FN:15,(anonymous_1)
FNF:2
FNH:0
FNDA:0,LegalCasesList
FNDA:0,(anonymous_1)
DA:1,0
DA:11,0
DA:12,0
DA:13,0
DA:16,0
LF:5
LH:0
BRDA:12,0,0,0
BRDA:21,1,0,0
BRDA:21,1,1,0
BRF:3
BRH:0
end_of_record
TN:
SF:src/components/ui/Badge.tsx
FN:3,Badge
FNF:1
FNH:0
FNDA:0,Badge
DA:3,0
DA:10,0
LF:2
LH:0
BRDA:4,0,0,0
BRF:1
BRH:0
end_of_record
TN:
SF:src/components/ui/SmartTable.tsx
FN:5,primitiveColumns
FN:7,(anonymous_1)
FN:9,(anonymous_2)
FN:13,fmt
FN:20,SmartTable
FN:36,(anonymous_5)
FN:42,(anonymous_6)
FN:44,(anonymous_7)
FNF:8
FNH:0
FNDA:0,primitiveColumns
FNDA:0,(anonymous_1)
FNDA:0,(anonymous_2)
FNDA:0,fmt
FNDA:0,SmartTable
FNDA:0,(anonymous_5)
FNDA:0,(anonymous_6)
FNDA:0,(anonymous_7)
DA:1,0
DA:6,0
DA:7,0
DA:8,0
DA:9,0
DA:14,0
DA:15,0
DA:16,0
DA:17,0
DA:20,0
DA:21,0
DA:22,0
DA:37,0
DA:43,0
DA:45,0
LF:15
LH:0
BRDA:6,0,0,0
BRDA:7,1,0,0
BRDA:7,1,1,0
BRDA:7,2,0,0
BRDA:7,2,1,0
BRDA:14,3,0,0
BRDA:15,4,0,0
BRDA:15,5,0,0
BRDA:15,5,1,0
BRDA:16,6,0,0
BRDA:24,7,0,0
BRDA:24,7,1,0
BRDA:25,8,0,0
BRDA:25,8,1,0
BRDA:27,9,0,0
BRDA:27,9,1,0
BRDA:28,10,0,0
BRDA:28,10,1,0
BRDA:29,11,0,0
BRDA:29,11,1,0
BRDA:43,12,0,0
BRDA:43,12,1,0
BRDA:43,12,2,0
BRF:23
BRH:0
end_of_record
TN:
SF:src/components/ui/SourceBadges.tsx
FN:11,(anonymous_0)
FN:21,SourceBadges
FNF:2
FNH:0
FNDA:0,(anonymous_0)
FNDA:0,SourceBadges
DA:1,0
DA:11,0
DA:12,0
DA:21,0
DA:22,0
DA:23,0
DA:24,0
DA:25,0
DA:26,0
DA:27,0
DA:28,0
LF:11
LH:0
BRDA:23,0,0,0
BRDA:24,1,0,0
BRDA:25,2,0,0
BRDA:26,3,0,0
BRDA:27,4,0,0
BRDA:28,5,0,0
BRDA:28,5,1,0
BRF:7
BRH:0
end_of_record
TN:
SF:src/components/ui/Table.tsx
FN:24,defaultSort
FN:37,Table
FN:46,(anonymous_2)
FN:48,(anonymous_3)
FN:51,(anonymous_4)
FN:56,(anonymous_5)
FN:57,(anonymous_6)
FN:64,(anonymous_7)
FN:72,(anonymous_8)
FN:76,(anonymous_9)
FN:94,(anonymous_10)
FN:96,(anonymous_11)
FNF:12
FNH:0
FNDA:0,defaultSort
FNDA:0,Table
FNDA:0,(anonymous_2)
FNDA:0,(anonymous_3)
FNDA:0,(anonymous_4)
FNDA:0,(anonymous_5)
FNDA:0,(anonymous_6)
FNDA:0,(anonymous_7)
FNDA:0,(anonymous_8)
FNDA:0,(anonymous_9)
FNDA:0,(anonymous_10)
FNDA:0,(anonymous_11)
DA:2,0
DA:26,0
DA:27,0
DA:28,0
DA:29,0
DA:31,0
DA:32,0
DA:33,0
DA:34,0
DA:37,0
DA:43,0
DA:44,0
DA:46,0
DA:47,0
DA:48,0
DA:50,0
DA:51,0
DA:52,0
DA:53,0
DA:56,0
DA:57,0
DA:59,0
DA:60,0
DA:64,0
DA:65,0
DA:67,0
DA:73,0
DA:76,0
DA:95,0
DA:97,0
LF:30
LH:0
BRDA:26,0,0,0
BRDA:26,0,1,0
BRDA:27,1,0,0
BRDA:27,1,1,0
BRDA:28,2,0,0
BRDA:29,3,0,0
BRDA:29,4,0,0
BRDA:29,4,1,0
BRDA:33,5,0,0
BRDA:33,6,0,0
BRDA:33,6,1,0
BRDA:41,7,0,0
BRDA:43,8,0,0
BRDA:43,8,1,0
BRDA:47,9,0,0
BRDA:50,10,0,0
BRDA:50,10,1,0
BRDA:53,11,0,0
BRDA:53,11,1,0
BRDA:57,12,0,0
BRDA:57,12,1,0
BRDA:57,13,0,0
BRDA:57,13,1,0
BRDA:65,14,0,0
BRDA:65,14,1,0
BRDA:65,15,0,0
BRDA:65,15,1,0
BRDA:87,16,0,0
BRDA:87,16,1,0
BRDA:98,17,0,0
BRDA:98,17,1,0
BRDA:98,18,0,0
BRDA:98,18,1,0
BRDA:95,19,0,0
BRDA:95,19,1,0
BRDA:106,20,0,0
BRDA:106,20,1,0
BRF:37
BRH:0
end_of_record
TN:
SF:src/components/ui/ToastContainer.tsx
FN:4,ToastContainer
FN:10,(anonymous_1)
FNF:2
FNH:0
FNDA:0,ToastContainer
FNDA:0,(anonymous_1)
DA:1,0
DA:2,0
DA:4,0
DA:5,0
DA:6,0
DA:8,0
DA:11,0
LF:7
LH:0
BRDA:6,0,0,0
BRDA:6,0,1,0
BRDA:6,0,2,0
BRDA:14,1,0,0
BRDA:14,1,1,0
BRDA:16,2,0,0
BRDA:16,2,1,0
BRDA:18,3,0,0
BRDA:18,3,1,0
BRDA:24,4,0,0
BRDA:24,4,1,0
BRF:11
BRH:0
end_of_record
TN:
SF:src/components/ui/Typeahead.tsx
FN:21,Typeahead
FN:39,(anonymous_1)
FN:43,(anonymous_2)
FN:64,(anonymous_3)
FN:80,(anonymous_4)
FN:86,(anonymous_5)
FN:93,(anonymous_6)
FN:97,(anonymous_7)
FN:133,(anonymous_8)
FN:152,(anonymous_9)
FN:158,(anonymous_10)
FN:160,(anonymous_11)
FN:192,(anonymous_12)
FN:195,(anonymous_13)
FN:225,(anonymous_14)
FNF:15
FNH:0
FNDA:0,Typeahead
FNDA:0,(anonymous_1)
FNDA:0,(anonymous_2)
FNDA:0,(anonymous_3)
FNDA:0,(anonymous_4)
FNDA:0,(anonymous_5)
FNDA:0,(anonymous_6)
FNDA:0,(anonymous_7)
FNDA:0,(anonymous_8)
FNDA:0,(anonymous_9)
FNDA:0,(anonymous_10)
FNDA:0,(anonymous_11)
FNDA:0,(anonymous_12)
FNDA:0,(anonymous_13)
FNDA:0,(anonymous_14)
DA:1,0
DA:21,0
DA:31,0
DA:32,0
DA:33,0
DA:34,0
DA:35,0
DA:36,0
DA:37,0
DA:39,0
DA:40,0
DA:43,0
DA:44,0
DA:45,0
DA:46,0
DA:47,0
DA:50,0
DA:51,0
DA:52,0
DA:53,0
DA:54,0
DA:55,0
DA:57,0
DA:58,0
DA:60,0
DA:64,0
DA:65,0
DA:67,0
DA:68,0
DA:69,0
DA:70,0
DA:71,0
DA:72,0
DA:74,0
DA:76,0
DA:80,0
DA:81,0
DA:82,0
DA:83,0
DA:86,0
DA:87,0
DA:89,0
DA:91,0
DA:92,0
DA:93,0
DA:94,0
DA:96,0
DA:97,0
DA:98,0
DA:100,0
DA:101,0
DA:102,0
DA:103,0
DA:104,0
DA:105,0
DA:107,0
DA:109,0
DA:110,0
DA:111,0
DA:115,0
DA:134,0
DA:135,0
DA:136,0
DA:153,0
DA:154,0
DA:155,0
DA:159,0
DA:160,0
DA:193,0
DA:195,0
DA:225,0
LF:71
LH:0
BRDA:44,0,0,0
BRDA:65,1,0,0
BRDA:87,2,0,0
BRDA:89,3,0,0
BRDA:89,3,1,0
BRDA:89,3,2,0
BRDA:89,3,3,0
BRDA:92,4,0,0
BRDA:92,4,1,0
BRDA:101,5,0,0
BRDA:102,6,0,0
BRDA:102,6,1,0
BRDA:102,7,0,0
BRDA:102,7,1,0
BRDA:104,8,0,0
BRDA:117,9,0,0
BRDA:117,9,1,0
BRDA:154,10,0,0
BRDA:162,11,0,0
BRDA:162,11,1,0
BRDA:165,12,0,0
BRDA:165,12,1,0
BRDA:180,13,0,0
BRDA:180,13,1,0
BRDA:182,14,0,0
BRDA:182,14,1,0
BRDA:199,15,0,0
BRDA:199,15,1,0
BRDA:200,16,0,0
BRDA:200,16,1,0
BRDA:202,17,0,0
BRDA:202,17,1,0
BRDA:211,18,0,0
BRDA:211,18,1,0
BRDA:211,18,2,0
BRDA:217,19,0,0
BRDA:217,19,1,0
BRDA:223,20,0,0
BRDA:223,20,1,0
BRDA:223,20,2,0
BRDA:223,20,3,0
BRDA:223,20,4,0
BRDA:229,21,0,0
BRDA:229,21,1,0
BRDA:230,22,0,0
BRDA:230,22,1,0
BRDA:232,23,0,0
BRDA:232,23,1,0
BRF:48
BRH:0
end_of_record
TN:
SF:src/components/ui/src/components/Table.tsx
FN:6,SimpleTable
FN:20,(anonymous_1)
FN:37,(anonymous_2)
FN:39,(anonymous_3)
FN:52,display
FNF:5
FNH:0
FNDA:0,SimpleTable
FNDA:0,(anonymous_1)
FNDA:0,(anonymous_2)
FNDA:0,(anonymous_3)
FNDA:0,display
DA:1,0
DA:2,0
DA:6,0
DA:15,0
DA:21,0
DA:38,0
DA:40,0
DA:53,0
DA:54,0
DA:55,0
DA:56,0
LF:11
LH:0
BRDA:9,0,0,0
BRDA:23,1,0,0
BRDA:23,1,1,0
BRDA:24,2,0,0
BRDA:24,2,1,0
BRDA:32,3,0,0
BRDA:32,3,1,0
BRDA:40,4,0,0
BRDA:40,4,1,0
BRDA:53,5,0,0
BRDA:54,6,0,0
BRDA:55,7,0,0
BRDA:55,8,0,0
BRDA:55,8,1,0
BRF:14
BRH:0
end_of_record
TN:
SF:src/config/navigation.ts
FNF:0
FNH:0
DA:22,1
LF:1
LH:1
BRF:0
BRH:0
end_of_record
TN:
SF:src/dev/UiInspector.tsx
FN:3,UiInspector
FNF:1
FNH:0
FNDA:0,UiInspector
DA:1,0
DA:3,0
DA:4,0
DA:5,0
LF:4
LH:0
BRDA:4,0,0,0
BRF:1
BRH:0
end_of_record
TN:
SF:src/dev/auditDashboard.ts
FN:42,runDashboardAudit
FN:49,(anonymous_1)
FN:62,(anonymous_2)
FN:72,(anonymous_3)
FN:79,(anonymous_4)
FN:81,(anonymous_5)
FN:84,(anonymous_6)
FN:88,(anonymous_7)
FN:105,(anonymous_8)
FN:113,(anonymous_9)
FN:122,(anonymous_10)
FN:142,(anonymous_11)
FNF:12
FNH:0
FNDA:0,runDashboardAudit
FNDA:0,(anonymous_1)
FNDA:0,(anonymous_2)
FNDA:0,(anonymous_3)
FNDA:0,(anonymous_4)
FNDA:0,(anonymous_5)
FNDA:0,(anonymous_6)
FNDA:0,(anonymous_7)
FNDA:0,(anonymous_8)
FNDA:0,(anonymous_9)
FNDA:0,(anonymous_10)
FNDA:0,(anonymous_11)
DA:42,0
DA:43,0
DA:44,0
DA:47,0
DA:50,0
DA:55,0
DA:56,0
DA:61,0
DA:62,0
DA:63,0
DA:64,0
DA:68,0
DA:69,0
DA:70,0
DA:72,0
DA:73,0
DA:74,0
DA:75,0
DA:79,0
DA:80,0
DA:81,0
DA:84,0
DA:85,0
DA:88,0
DA:89,0
DA:93,0
DA:100,0
DA:105,0
DA:113,0
DA:122,0
DA:132,0
DA:134,0
DA:140,0
DA:141,0
DA:142,0
DA:149,0
DA:150,0
DA:153,0
DA:154,0
DA:157,0
DA:158,0
DA:161,0
DA:166,0
DA:168,0
DA:170,0
DA:173,0
LF:46
LH:0
BRDA:48,0,0,0
BRDA:48,0,1,0
BRDA:49,1,0,0
BRDA:49,1,1,0
BRDA:50,2,0,0
BRDA:50,2,1,0
BRDA:50,2,2,0
BRDA:50,2,3,0
BRDA:50,2,4,0
BRDA:50,2,5,0
BRDA:55,3,0,0
BRDA:63,4,0,0
BRDA:63,4,1,0
BRDA:64,5,0,0
BRDA:64,5,1,0
BRDA:72,6,0,0
BRDA:72,6,1,0
BRDA:73,7,0,0
BRDA:75,8,0,0
BRDA:75,8,1,0
BRDA:75,8,2,0
BRDA:79,9,0,0
BRDA:79,9,1,0
BRDA:80,10,0,0
BRDA:80,10,1,0
BRDA:84,11,0,0
BRDA:84,11,1,0
BRDA:94,12,0,0
BRDA:94,12,1,0
BRDA:95,13,0,0
BRDA:95,13,1,0
BRDA:106,14,0,0
BRDA:106,14,1,0
BRDA:107,15,0,0
BRDA:107,15,1,0
BRDA:115,16,0,0
BRDA:115,16,1,0
BRDA:123,17,0,0
BRDA:123,17,1,0
BRDA:124,18,0,0
BRDA:124,18,1,0
BRDA:140,19,0,0
BRDA:149,20,0,0
BRDA:153,21,0,0
BRDA:157,22,0,0
BRF:45
BRH:0
end_of_record
TN:
SF:src/dev/auditPortfolio.ts
FN:4,runPortfolioAudit
FN:40,(anonymous_1)
FN:51,(anonymous_2)
FN:57,(anonymous_3)
FN:63,(anonymous_4)
FN:66,(anonymous_5)
FNF:6
FNH:0
FNDA:0,runPortfolioAudit
FNDA:0,(anonymous_1)
FNDA:0,(anonymous_2)
FNDA:0,(anonymous_3)
FNDA:0,(anonymous_4)
FNDA:0,(anonymous_5)
DA:4,0
DA:5,0
DA:7,0
DA:8,0
DA:9,0
DA:12,0
DA:20,0
DA:21,0
DA:22,0
DA:23,0
DA:24,0
DA:25,0
DA:28,0
DA:29,0
DA:31,0
DA:32,0
DA:33,0
DA:37,0
DA:39,0
DA:40,0
DA:41,0
DA:42,0
DA:46,0
DA:50,0
DA:51,0
DA:54,0
DA:57,0
DA:58,0
DA:62,0
DA:63,0
DA:64,0
DA:66,0
DA:67,0
DA:69,0
DA:73,0
DA:79,0
LF:36
LH:0
BRDA:5,0,0,0
BRDA:5,1,0,0
BRDA:5,1,1,0
BRDA:23,2,0,0
BRDA:29,3,0,0
BRDA:29,3,1,0
BRDA:31,4,0,0
BRDA:42,5,0,0
BRDA:42,5,1,0
BRDA:42,5,2,0
BRDA:42,5,3,0
BRDA:43,6,0,0
BRDA:43,6,1,0
BRDA:62,7,0,0
BRDA:64,8,0,0
BRDA:64,8,1,0
BRDA:67,9,0,0
BRDA:67,9,1,0
BRF:18
BRH:0
end_of_record
TN:
SF:src/dev/index.ts
FN:1,enableInspector
FN:6,(anonymous_1)
FN:9,(anonymous_2)
FN:13,(anonymous_3)
FNF:4
FNH:0
FNDA:0,enableInspector
FNDA:0,(anonymous_1)
FNDA:0,(anonymous_2)
FNDA:0,(anonymous_3)
DA:1,0
DA:2,0
DA:3,0
DA:5,0
DA:6,0
DA:7,0
DA:9,0
DA:10,0
DA:13,0
DA:14,0
DA:15,0
DA:17,0
LF:12
LH:0
BRDA:3,0,0,0
BRDA:7,1,0,0
BRDA:7,1,1,0
BRDA:7,2,0,0
BRDA:7,2,1,0
BRDA:10,3,0,0
BRDA:10,3,1,0
BRF:7
BRH:0
end_of_record
TN:
SF:src/dev/tap.ts
FN:4,install
FN:13,(anonymous_1)
FN:27,(anonymous_2)
FN:28,(anonymous_3)
FN:28,(anonymous_4)
FN:31,(anonymous_5)
FNF:6
FNH:0
FNDA:0,install
FNDA:0,(anonymous_1)
FNDA:0,(anonymous_2)
FNDA:0,(anonymous_3)
FNDA:0,(anonymous_4)
FNDA:0,(anonymous_5)
DA:4,0
DA:5,0
DA:6,0
DA:7,0
DA:8,0
DA:9,0
DA:12,0
DA:13,0
DA:14,0
DA:15,0
DA:16,0
DA:17,0
DA:18,0
DA:20,0
DA:21,0
DA:26,0
DA:27,0
DA:28,0
DA:31,0
DA:32,0
LF:20
LH:0
BRDA:6,0,0,0
BRDA:7,1,0,0
BRDA:20,2,0,0
BRDA:20,2,1,0
BRDA:28,3,0,0
BRDA:28,3,1,0
BRF:6
BRH:0
end_of_record
TN:
SF:src/dev/_disabled/AtomsGallery.tsx
FN:6,AtomsGallery
FNF:1
FNH:0
FNDA:0,AtomsGallery
DA:1,0
DA:2,0
DA:3,0
DA:4,0
DA:6,0
DA:7,0
DA:15,0
LF:7
LH:0
BRF:0
BRH:0
end_of_record
TN:
SF:src/features/activity/ActivityFeed.tsx
FN:7,getJSON
FN:13,ActivityFeed
FN:20,(anonymous_2)
FN:20,(anonymous_3)
FN:31,(anonymous_4)
FN:32,(anonymous_5)
FN:49,(anonymous_6)
FN:56,(anonymous_7)
FN:57,(anonymous_8)
FN:65,(anonymous_9)
FN:80,titleFor
FN:81,(anonymous_11)
FN:84,iconFor
FNF:13
FNH:0
FNDA:0,getJSON
FNDA:0,ActivityFeed
FNDA:0,(anonymous_2)
FNDA:0,(anonymous_3)
FNDA:0,(anonymous_4)
FNDA:0,(anonymous_5)
FNDA:0,(anonymous_6)
FNDA:0,(anonymous_7)
FNDA:0,(anonymous_8)
FNDA:0,(anonymous_9)
FNDA:0,titleFor
FNDA:0,(anonymous_11)
FNDA:0,iconFor
DA:1,0
DA:8,0
DA:9,0
DA:10,0
DA:13,0
DA:14,0
DA:15,0
DA:16,0
DA:17,0
DA:18,0
DA:20,0
DA:21,0
DA:22,0
DA:24,0
DA:26,0
DA:27,0
DA:28,0
DA:31,0
DA:32,0
DA:33,0
DA:34,0
DA:35,0
DA:36,0
DA:37,0
DA:41,0
DA:49,0
DA:56,0
DA:57,0
DA:66,0
DA:81,0
DA:82,0
DA:85,0
DA:86,0
DA:87,0
DA:88,0
DA:89,0
DA:90,0
LF:37
LH:0
BRDA:9,0,0,0
BRDA:26,1,0,0
BRDA:26,1,1,0
BRDA:26,1,2,0
BRDA:26,1,3,0
BRDA:26,2,0,0
BRDA:26,2,1,0
BRDA:27,3,0,0
BRDA:27,3,1,0
BRDA:33,4,0,0
BRDA:33,5,0,0
BRDA:33,5,1,0
BRDA:33,6,0,0
BRDA:33,6,1,0
BRDA:34,7,0,0
BRDA:34,7,1,0
BRDA:35,8,0,0
BRDA:35,9,0,0
BRDA:35,9,1,0
BRDA:35,9,2,0
BRDA:36,10,0,0
BRDA:36,11,0,0
BRDA:36,11,1,0
BRDA:36,11,2,0
BRDA:45,12,0,0
BRDA:45,12,1,0
BRDA:61,13,0,0
BRDA:61,13,1,0
BRDA:63,14,0,0
BRDA:63,14,1,0
BRDA:66,15,0,0
BRDA:66,15,1,0
BRDA:66,16,0,0
BRDA:66,16,1,0
BRDA:70,17,0,0
BRDA:70,17,1,0
BRDA:72,18,0,0
BRDA:72,18,1,0
BRDA:66,19,0,0
BRDA:66,19,1,0
BRDA:81,20,0,0
BRDA:85,21,0,0
BRDA:85,21,1,0
BRDA:86,22,0,0
BRDA:87,23,0,0
BRDA:88,24,0,0
BRDA:89,25,0,0
BRF:47
BRH:0
end_of_record
TN:
SF:src/features/admin/pages/AdminGeocodeManagementPage.tsx
FN:10,apiCall
FN:19,AdminGeocodeManagementPage
FN:25,(anonymous_2)
FN:29,loadStats
FN:50,updateBatchSize
FN:57,(anonymous_5)
FN:65,triggerManualRun
FN:71,(anonymous_7)
FN:139,(anonymous_8)
FNF:9
FNH:0
FNDA:0,apiCall
FNDA:0,AdminGeocodeManagementPage
FNDA:0,(anonymous_2)
FNDA:0,loadStats
FNDA:0,updateBatchSize
FNDA:0,(anonymous_5)
FNDA:0,triggerManualRun
FNDA:0,(anonymous_7)
FNDA:0,(anonymous_8)
DA:1,0
DA:11,0
DA:15,0
DA:16,0
DA:19,0
DA:20,0
DA:21,0
DA:22,0
DA:23,0
DA:25,0
DA:26,0
DA:30,0
DA:32,0
DA:33,0
DA:35,0
DA:36,0
DA:37,0
DA:46,0
DA:51,0
DA:52,0
DA:53,0
DA:56,0
DA:57,0
DA:59,0
DA:61,0
DA:66,0
DA:67,0
DA:68,0
DA:70,0
DA:71,0
DA:72,0
DA:74,0
DA:76,0
DA:80,0
DA:139,0
LF:35
LH:0
BRDA:10,0,0,0
BRDA:15,1,0,0
BRDA:33,2,0,0
BRDA:36,3,0,0
BRDA:39,4,0,0
BRDA:39,4,1,0
BRDA:40,5,0,0
BRDA:40,5,1,0
BRDA:41,6,0,0
BRDA:41,6,1,0
BRDA:91,7,0,0
BRDA:91,7,1,0
BRDA:115,8,0,0
BRDA:115,8,1,0
BRDA:160,9,0,0
BRDA:160,9,1,0
BRDA:178,10,0,0
BRDA:178,10,1,0
BRDA:180,11,0,0
BRDA:180,11,1,0
BRDA:180,12,0,0
BRDA:180,12,1,0
BRF:22
BRH:0
end_of_record
TN:
SF:src/features/admin/pages/AdminSyncPage.tsx
FN:31,AdminSyncPage
FN:44,(anonymous_1)
FN:44,(anonymous_2)
FN:47,(anonymous_3)
FN:59,(anonymous_4)
FN:62,(anonymous_5)
FN:65,run
FN:68,(anonymous_7)
FN:85,quickRun
FN:103,resetLock
FN:121,(anonymous_10)
FN:134,(anonymous_11)
FN:201,(anonymous_12)
FN:212,(anonymous_13)
FN:226,(anonymous_14)
FN:236,(anonymous_15)
FN:241,(anonymous_16)
FNF:17
FNH:0
FNDA:0,AdminSyncPage
FNDA:0,(anonymous_1)
FNDA:0,(anonymous_2)
FNDA:0,(anonymous_3)
FNDA:0,(anonymous_4)
FNDA:0,(anonymous_5)
FNDA:0,run
FNDA:0,(anonymous_7)
FNDA:0,quickRun
FNDA:0,resetLock
FNDA:0,(anonymous_10)
FNDA:0,(anonymous_11)
FNDA:0,(anonymous_12)
FNDA:0,(anonymous_13)
FNDA:0,(anonymous_14)
FNDA:0,(anonymous_15)
FNDA:0,(anonymous_16)
DA:2,0
DA:4,0
DA:31,0
DA:32,0
DA:33,0
DA:34,0
DA:37,0
DA:38,0
DA:39,0
DA:40,0
DA:41,0
DA:42,0
DA:44,0
DA:47,0
DA:48,0
DA:49,0
DA:50,0
DA:51,0
DA:52,0
DA:53,0
DA:55,0
DA:59,0
DA:60,0
DA:61,0
DA:62,0
DA:66,0
DA:67,0
DA:68,0
DA:69,0
DA:74,0
DA:75,0
DA:76,0
DA:77,0
DA:79,0
DA:81,0
DA:86,0
DA:87,0
DA:88,0
DA:92,0
DA:93,0
DA:94,0
DA:95,0
DA:97,0
DA:99,0
DA:104,0
DA:105,0
DA:106,0
DA:110,0
DA:111,0
DA:112,0
DA:113,0
DA:115,0
DA:117,0
DA:121,0
DA:122,0
DA:123,0
DA:124,0
DA:125,0
DA:126,0
DA:128,0
DA:129,0
DA:130,0
DA:131,0
DA:134,0
DA:135,0
DA:136,0
DA:137,0
DA:138,0
DA:139,0
DA:142,0
DA:201,0
DA:212,0
DA:226,0
DA:237,0
DA:241,0
LF:75
LH:0
BRDA:50,0,0,0
BRDA:75,1,0,0
BRDA:75,2,0,0
BRDA:75,2,1,0
BRDA:93,3,0,0
BRDA:93,4,0,0
BRDA:93,4,1,0
BRDA:111,5,0,0
BRDA:111,6,0,0
BRDA:111,6,1,0
BRDA:122,7,0,0
BRDA:128,8,0,0
BRDA:129,9,0,0
BRDA:130,10,0,0
BRDA:135,11,0,0
BRDA:136,12,0,0
BRDA:137,13,0,0
BRDA:138,14,0,0
BRDA:138,15,0,0
BRDA:138,15,1,0
BRDA:149,16,0,0
BRDA:149,16,1,0
BRDA:151,17,0,0
BRDA:151,17,1,0
BRDA:154,18,0,0
BRDA:154,18,1,0
BRDA:175,19,0,0
BRDA:175,19,1,0
BRDA:184,20,0,0
BRDA:184,20,1,0
BRDA:186,21,0,0
BRDA:186,21,1,0
BRDA:219,22,0,0
BRDA:219,22,1,0
BRDA:253,23,0,0
BRDA:253,23,1,0
BRDA:257,24,0,0
BRDA:257,24,1,0
BRDA:262,25,0,0
BRDA:262,25,1,0
BRDA:271,26,0,0
BRDA:271,26,1,0
BRDA:279,27,0,0
BRDA:279,27,1,0
BRDA:285,28,0,0
BRDA:285,28,1,0
BRF:46
BRH:0
end_of_record
TN:
SF:src/features/admin/pages/AdminTransferManagementPage.tsx
FN:21,apiCall
FN:30,AdminTransferManagementPage
FN:35,(anonymous_2)
FN:39,loadSummary
FN:50,(anonymous_4)
FN:81,getStatusColor
FN:119,(anonymous_6)
FN:141,(anonymous_7)
FNF:8
FNH:0
FNDA:0,apiCall
FNDA:0,AdminTransferManagementPage
FNDA:0,(anonymous_2)
FNDA:0,loadSummary
FNDA:0,(anonymous_4)
FNDA:0,getStatusColor
FNDA:0,(anonymous_6)
FNDA:0,(anonymous_7)
DA:1,0
DA:2,0
DA:22,0
DA:26,0
DA:27,0
DA:30,0
DA:31,0
DA:32,0
DA:33,0
DA:35,0
DA:36,0
DA:40,0
DA:41,0
DA:43,0
DA:44,0
DA:47,0
DA:48,0
DA:50,0
DA:51,0
DA:52,0
DA:53,0
DA:54,0
DA:56,0
DA:69,0
DA:75,0
DA:77,0
DA:82,0
DA:83,0
DA:84,0
DA:85,0
DA:86,0
DA:87,0
DA:88,0
DA:92,0
DA:120,0
DA:142,0
LF:36
LH:0
BRDA:21,0,0,0
BRDA:26,1,0,0
BRDA:44,2,0,0
BRDA:44,2,1,0
BRDA:51,3,0,0
BRDA:51,3,1,0
BRDA:52,4,0,0
BRDA:53,5,0,0
BRDA:53,5,1,0
BRDA:54,6,0,0
BRDA:54,6,1,0
BRDA:59,7,0,0
BRDA:59,7,1,0
BRDA:60,8,0,0
BRDA:60,8,1,0
BRDA:61,9,0,0
BRDA:61,9,1,0
BRDA:62,10,0,0
BRDA:62,10,1,0
BRDA:82,11,0,0
BRDA:82,11,1,0
BRDA:82,11,2,0
BRDA:82,11,3,0
BRDA:82,11,4,0
BRDA:82,11,5,0
BRDA:110,12,0,0
BRDA:110,12,1,0
BRDA:139,13,0,0
BRDA:139,13,1,0
BRDA:161,14,0,0
BRDA:161,14,1,0
BRDA:190,15,0,0
BRDA:190,15,1,0
BRDA:207,16,0,0
BRDA:207,16,1,0
BRDA:209,17,0,0
BRDA:209,17,1,0
BRDA:209,18,0,0
BRDA:209,18,1,0
BRF:39
BRH:0
end_of_record
TN:
SF:src/features/dashboard/components/ActionButton.tsx
FN:17,ActionButton
FNF:1
FNH:0
FNDA:0,ActionButton
DA:3,0
DA:4,0
DA:17,0
DA:27,0
DA:33,0
DA:42,0
DA:48,0
DA:49,0
DA:58,0
LF:9
LH:0
BRDA:21,0,0,0
BRDA:22,1,0,0
BRDA:24,2,0,0
BRDA:25,3,0,0
BRDA:37,4,0,0
BRDA:37,4,1,0
BRDA:43,5,0,0
BRDA:43,5,1,0
BRDA:48,6,0,0
BRDA:48,7,0,0
BRDA:48,7,1,0
BRF:11
BRH:0
end_of_record
TN:
SF:src/features/dashboard/components/ActionCenter.tsx
FN:33,ActionSection
FN:58,ActionCenter
FN:60,(anonymous_2)
FN:72,(anonymous_3)
FN:79,(anonymous_4)
FN:88,(anonymous_5)
FN:100,(anonymous_6)
FN:107,(anonymous_7)
FN:116,(anonymous_8)
FN:128,(anonymous_9)
FN:135,(anonymous_10)
FNF:11
FNH:0
FNDA:0,ActionSection
FNDA:0,ActionCenter
FNDA:0,(anonymous_2)
FNDA:0,(anonymous_3)
FNDA:0,(anonymous_4)
FNDA:0,(anonymous_5)
FNDA:0,(anonymous_6)
FNDA:0,(anonymous_7)
FNDA:0,(anonymous_8)
FNDA:0,(anonymous_9)
FNDA:0,(anonymous_10)
DA:2,0
DA:3,0
DA:4,0
DA:42,0
DA:58,0
DA:60,0
DA:61,0
DA:72,0
DA:79,0
DA:88,0
DA:89,0
DA:100,0
DA:107,0
DA:116,0
DA:117,0
DA:128,0
DA:135,0
DA:143,0
LF:18
LH:0
BRDA:45,0,0,0
BRDA:45,0,1,0
BRF:2
BRH:0
end_of_record
TN:
SF:src/features/dashboard/components/ChartContainer.tsx
FN:13,ChartContainer
FNF:1
FNH:0
FNDA:0,ChartContainer
DA:3,0
DA:13,0
DA:20,0
LF:3
LH:0
BRDA:18,0,0,0
BRDA:25,1,0,0
BRDA:25,1,1,0
BRDA:29,2,0,0
BRDA:29,2,1,0
BRF:5
BRH:0
end_of_record
TN:
SF:src/features/dashboard/components/FinancialSnapshot.tsx
FN:25,FinancialSnapshot
FN:29,(anonymous_1)
FN:34,(anonymous_2)
FN:39,(anonymous_3)
FN:44,(anonymous_4)
FN:55,(anonymous_5)
FN:57,(anonymous_6)
FN:60,(anonymous_7)
FN:93,(anonymous_8)
FN:142,(anonymous_9)
FNF:10
FNH:0
FNDA:0,FinancialSnapshot
FNDA:0,(anonymous_1)
FNDA:0,(anonymous_2)
FNDA:0,(anonymous_3)
FNDA:0,(anonymous_4)
FNDA:0,(anonymous_5)
FNDA:0,(anonymous_6)
FNDA:0,(anonymous_7)
FNDA:0,(anonymous_8)
FNDA:0,(anonymous_9)
DA:2,0
DA:3,0
DA:18,0
DA:25,0
DA:26,0
DA:29,0
DA:30,0
DA:31,0
DA:34,0
DA:35,0
DA:36,0
DA:39,0
DA:40,0
DA:41,0
DA:45,0
DA:52,0
DA:55,0
DA:56,0
DA:58,0
DA:60,0
DA:73,0
DA:93,0
DA:142,0
LF:23
LH:0
BRDA:30,0,0,0
BRDA:30,0,1,0
BRDA:30,1,0,0
BRDA:30,1,1,0
BRDA:35,2,0,0
BRDA:35,2,1,0
BRDA:35,3,0,0
BRDA:35,3,1,0
BRDA:40,4,0,0
BRDA:40,5,0,0
BRDA:40,5,1,0
BRDA:40,5,2,0
BRDA:62,6,0,0
BRDA:62,6,1,0
BRF:14
BRH:0
end_of_record
TN:
SF:src/features/dashboard/components/FinancialsAndLeasing.tsx
FN:25,CashFlowTooltip
FN:28,(anonymous_1)
FN:29,(anonymous_2)
FN:30,(anonymous_3)
FN:71,RangeToggle
FN:82,(anonymous_5)
FN:85,(anonymous_6)
FN:100,LeasingFunnel
FN:109,(anonymous_8)
FN:113,(anonymous_9)
FN:152,FinancialsAndLeasing
FN:191,(anonymous_11)
FNF:12
FNH:0
FNDA:0,CashFlowTooltip
FNDA:0,(anonymous_1)
FNDA:0,(anonymous_2)
FNDA:0,(anonymous_3)
FNDA:0,RangeToggle
FNDA:0,(anonymous_5)
FNDA:0,(anonymous_6)
FNDA:0,LeasingFunnel
FNDA:0,(anonymous_8)
FNDA:0,(anonymous_9)
FNDA:0,FinancialsAndLeasing
FNDA:0,(anonymous_11)
DA:3,0
DA:4,0
DA:15,0
DA:16,0
DA:26,0
DA:28,0
DA:29,0
DA:30,0
DA:32,0
DA:80,0
DA:83,0
DA:85,0
DA:101,0
DA:109,0
DA:111,0
DA:114,0
DA:115,0
DA:119,0
DA:152,0
DA:153,0
DA:155,0
DA:161,0
DA:191,0
LF:23
LH:0
BRDA:26,0,0,0
BRDA:26,1,0,0
BRDA:26,1,1,0
BRDA:26,1,2,0
BRDA:28,2,0,0
BRDA:28,2,1,0
BRDA:29,3,0,0
BRDA:29,3,1,0
BRDA:30,4,0,0
BRDA:30,4,1,0
BRDA:87,5,0,0
BRDA:87,5,1,0
BRDA:109,6,0,0
BRDA:109,6,1,0
BRDA:114,7,0,0
BRDA:114,7,1,0
BRDA:115,8,0,0
BRDA:115,8,1,0
BRDA:115,9,0,0
BRDA:115,9,1,0
BRDA:129,10,0,0
BRDA:129,10,1,0
BRF:22
BRH:0
end_of_record
TN:
SF:src/features/dashboard/components/KpiCard.tsx
FN:3,(anonymous_0)
FN:6,KpiCard
FNF:2
FNH:0
FNDA:0,(anonymous_0)
FNDA:0,KpiCard
DA:1,0
DA:2,0
DA:3,0
DA:4,0
DA:6,0
DA:12,0
LF:6
LH:0
BRDA:3,0,0,0
BRDA:4,1,0,0
BRDA:4,1,1,0
BRDA:9,2,0,0
BRF:4
BRH:0
end_of_record
TN:
SF:src/features/dashboard/components/KpiTicker.tsx
FN:8,KpiTicker
FNF:1
FNH:0
FNDA:0,KpiTicker
DA:3,0
DA:4,0
DA:5,0
DA:6,0
DA:8,0
DA:9,0
DA:11,0
LF:7
LH:0
BRF:0
BRH:0
end_of_record
TN:
SF:src/features/dashboard/components/LeasingFunnel.tsx
FN:15,LeasingFunnel
FN:45,(anonymous_1)
FN:67,(anonymous_2)
FN:86,(anonymous_3)
FNF:4
FNH:0
FNDA:0,LeasingFunnel
FNDA:0,(anonymous_1)
FNDA:0,(anonymous_2)
FNDA:0,(anonymous_3)
DA:2,0
DA:5,0
DA:15,0
DA:17,0
DA:39,0
DA:45,0
DA:46,0
DA:47,0
DA:48,0
DA:55,0
DA:58,0
DA:68,0
DA:69,0
DA:70,0
DA:72,0
DA:86,0
LF:16
LH:0
BRDA:40,0,0,0
BRDA:40,0,1,0
BRDA:41,1,0,0
BRDA:41,1,1,0
BRDA:42,2,0,0
BRDA:42,2,1,0
BRDA:46,3,0,0
BRDA:46,4,0,0
BRDA:46,4,1,0
BRDA:46,4,2,0
BRDA:70,5,0,0
BRDA:70,5,1,0
BRDA:106,6,0,0
BRDA:106,6,1,0
BRDA:108,7,0,0
BRDA:108,7,1,0
BRF:16
BRH:0
end_of_record
TN:
SF:src/features/dashboard/components/OccupancyBreakdown.tsx
FN:17,OccupancyBreakdown
FN:18,(anonymous_1)
FN:22,(anonymous_2)
FN:33,(anonymous_3)
FN:62,(anonymous_4)
FN:65,(anonymous_5)
FNF:6
FNH:0
FNDA:0,OccupancyBreakdown
FNDA:0,(anonymous_1)
FNDA:0,(anonymous_2)
FNDA:0,(anonymous_3)
FNDA:0,(anonymous_4)
FNDA:0,(anonymous_5)
DA:2,0
DA:17,0
DA:18,0
DA:19,0
DA:22,0
DA:23,0
DA:32,0
DA:33,0
DA:42,0
DA:44,0
DA:63,0
DA:65,0
LF:12
LH:0
BRDA:42,0,0,0
BRDA:42,0,1,0
BRDA:141,1,0,0
BRDA:141,1,1,0
BRF:4
BRH:0
end_of_record
TN:
SF:src/features/dashboard/components/OccupancyByCity.tsx
FN:16,SortIcon
FN:28,ProgressBar
FN:40,CityRow
FN:86,OccupancyByCity
FN:93,(anonymous_4)
FN:103,(anonymous_5)
FN:104,(anonymous_6)
FN:109,(anonymous_7)
FN:134,(anonymous_8)
FN:157,(anonymous_9)
FN:165,(anonymous_10)
FN:191,(anonymous_11)
FN:198,(anonymous_12)
FN:205,(anonymous_13)
FN:212,(anonymous_14)
FN:219,(anonymous_15)
FN:227,(anonymous_16)
FN:235,(anonymous_17)
FN:246,(anonymous_18)
FNF:19
FNH:0
FNDA:0,SortIcon
FNDA:0,ProgressBar
FNDA:0,CityRow
FNDA:0,OccupancyByCity
FNDA:0,(anonymous_4)
FNDA:0,(anonymous_5)
FNDA:0,(anonymous_6)
FNDA:0,(anonymous_7)
FNDA:0,(anonymous_8)
FNDA:0,(anonymous_9)
FNDA:0,(anonymous_10)
FNDA:0,(anonymous_11)
FNDA:0,(anonymous_12)
FNDA:0,(anonymous_13)
FNDA:0,(anonymous_14)
FNDA:0,(anonymous_15)
FNDA:0,(anonymous_16)
FNDA:0,(anonymous_17)
FNDA:0,(anonymous_18)
DA:3,0
DA:5,0
DA:17,0
DA:18,0
DA:20,0
DA:29,0
DA:55,0
DA:86,0
DA:87,0
DA:88,0
DA:89,0
DA:90,0
DA:93,0
DA:94,0
DA:95,0
DA:97,0
DA:98,0
DA:103,0
DA:104,0
DA:105,0
DA:109,0
DA:110,0
DA:111,0
DA:113,0
DA:114,0
DA:115,0
DA:118,0
DA:119,0
DA:121,0
DA:126,0
DA:127,0
DA:130,0
DA:134,0
DA:135,0
DA:138,0
DA:157,0
DA:165,0
DA:191,0
DA:198,0
DA:205,0
DA:212,0
DA:219,0
DA:228,0
DA:235,0
DA:246,0
LF:45
LH:0
BRDA:17,0,0,0
BRDA:22,1,0,0
BRDA:22,1,1,0
BRDA:67,2,0,0
BRDA:67,2,1,0
BRDA:70,3,0,0
BRDA:70,3,1,0
BRDA:75,4,0,0
BRDA:75,4,1,0
BRDA:78,5,0,0
BRDA:78,5,1,0
BRDA:94,6,0,0
BRDA:94,6,1,0
BRDA:95,7,0,0
BRDA:95,7,1,0
BRDA:113,8,0,0
BRDA:118,9,0,0
BRDA:118,9,1,0
BRDA:119,10,0,0
BRDA:119,10,1,0
BRDA:119,11,0,0
BRDA:119,11,1,0
BRDA:121,12,0,0
BRDA:121,12,1,0
BRDA:121,13,0,0
BRDA:121,13,1,0
BRDA:126,14,0,0
BRDA:163,15,0,0
BRDA:163,15,1,0
BRDA:163,15,2,0
BRDA:174,16,0,0
BRDA:174,16,1,0
BRDA:181,17,0,0
BRDA:181,17,1,0
BRDA:194,18,0,0
BRDA:194,18,1,0
BRDA:201,19,0,0
BRDA:201,19,1,0
BRDA:208,20,0,0
BRDA:208,20,1,0
BRDA:215,21,0,0
BRDA:215,21,1,0
BRDA:222,22,0,0
BRDA:222,22,1,0
BRDA:243,23,0,0
BRDA:243,23,1,0
BRDA:243,23,2,0
BRF:47
BRH:0
end_of_record
TN:
SF:src/features/dashboard/components/PortfolioGoogleMap.tsx
FN:9,(anonymous_0)
FN:20,(anonymous_1)
FN:31,PropertyPin
FN:50,(anonymous_3)
FN:53,(anonymous_4)
FN:60,PortfolioGoogleMap
FN:81,(anonymous_6)
FN:105,(anonymous_7)
FN:106,(anonymous_8)
FN:125,(anonymous_9)
FN:129,(anonymous_10)
FN:133,(anonymous_11)
FN:141,(anonymous_12)
FNF:13
FNH:0
FNDA:0,(anonymous_0)
FNDA:0,(anonymous_1)
FNDA:0,PropertyPin
FNDA:0,(anonymous_3)
FNDA:0,(anonymous_4)
FNDA:0,PortfolioGoogleMap
FNDA:0,(anonymous_6)
FNDA:0,(anonymous_7)
FNDA:0,(anonymous_8)
FNDA:0,(anonymous_9)
FNDA:0,(anonymous_10)
FNDA:0,(anonymous_11)
FNDA:0,(anonymous_12)
DA:3,0
DA:4,0
DA:5,0
DA:6,0
DA:9,0
DA:10,0
DA:11,0
DA:12,0
DA:13,0
DA:14,0
DA:15,0
DA:20,0
DA:21,0
DA:22,0
DA:23,0
DA:24,0
DA:25,0
DA:26,0
DA:35,0
DA:37,0
DA:51,0
DA:54,0
DA:60,0
DA:61,0
DA:62,0
DA:65,0
DA:67,0
DA:68,0
DA:80,0
DA:81,0
DA:84,0
DA:91,0
DA:92,0
DA:104,0
DA:105,0
DA:106,0
DA:109,0
DA:126,0
DA:129,0
DA:133,0
DA:141,0
LF:41
LH:0
BRDA:10,0,0,0
BRDA:10,0,1,0
BRDA:10,0,2,0
BRDA:10,0,3,0
BRDA:10,0,4,0
BRDA:21,1,0,0
BRDA:21,1,1,0
BRDA:21,1,2,0
BRDA:21,1,3,0
BRDA:21,1,4,0
BRDA:67,2,0,0
BRDA:81,3,0,0
BRDA:81,3,1,0
BRDA:81,3,2,0
BRDA:81,3,3,0
BRDA:91,4,0,0
BRDA:104,5,0,0
BRDA:104,5,1,0
BRDA:138,6,0,0
BRDA:138,6,1,0
BRDA:145,7,0,0
BRDA:145,7,1,0
BRF:22
BRH:0
end_of_record
TN:
SF:src/features/dashboard/components/PriorityActionFeed.tsx
FN:7,FeedSection
FN:26,(anonymous_1)
FN:46,PriorityActionFeed
FNF:3
FNH:0
FNDA:0,FeedSection
FNDA:0,(anonymous_1)
FNDA:0,PriorityActionFeed
DA:3,0
DA:4,0
DA:16,0
DA:27,0
DA:46,0
DA:47,0
DA:49,0
LF:7
LH:0
BRDA:19,0,0,0
BRDA:19,0,1,0
BRF:2
BRH:0
end_of_record
TN:
SF:src/features/dashboard/components/Sparkline.tsx
FN:6,Sparkline
FN:16,(anonymous_1)
FNF:2
FNH:0
FNDA:0,Sparkline
FNDA:0,(anonymous_1)
DA:1,0
DA:2,0
DA:6,0
DA:7,0
DA:8,0
DA:16,0
LF:6
LH:0
BRDA:7,0,0,0
BRDA:7,0,1,0
BRDA:7,1,0,0
BRDA:7,1,1,0
BRF:4
BRH:0
end_of_record
TN:
SF:src/features/dashboard/components/TrendIndicator.tsx
FN:10,TrendIndicator
FNF:1
FNH:0
FNDA:0,TrendIndicator
DA:2,0
DA:10,0
DA:11,0
DA:12,0
DA:14,0
DA:15,0
DA:17,0
DA:18,0
DA:26,0
DA:27,0
DA:28,0
DA:30,0
LF:12
LH:0
BRDA:10,0,0,0
BRDA:10,1,0,0
BRDA:14,2,0,0
BRDA:14,2,1,0
BRDA:15,3,0,0
BRDA:15,3,1,0
BRDA:17,4,0,0
BRDA:21,5,0,0
BRDA:21,5,1,0
BRDA:26,6,0,0
BRDA:26,6,1,0
BRDA:27,7,0,0
BRDA:27,7,1,0
BRDA:28,8,0,0
BRDA:28,8,1,0
BRDA:28,9,0,0
BRDA:28,9,1,0
BRDA:33,10,0,0
BRDA:33,10,1,0
BRF:19
BRH:0
end_of_record
TN:
SF:src/features/dashboard/hooks/useDashboardData.ts
FN:109,(anonymous_0)
FN:110,(anonymous_1)
FN:111,(anonymous_2)
FN:112,(anonymous_3)
FN:115,useDashboardData
FN:121,(anonymous_5)
FN:122,(anonymous_6)
FN:130,(anonymous_7)
FN:133,fetchData
FN:143,(anonymous_9)
FN:177,(anonymous_10)
FN:220,(anonymous_11)
FN:230,(anonymous_12)
FN:234,(anonymous_13)
FN:237,(anonymous_14)
FN:241,(anonymous_15)
FN:247,(anonymous_16)
FN:259,(anonymous_17)
FN:261,(anonymous_18)
FN:268,(anonymous_19)
FN:276,(anonymous_20)
FN:284,(anonymous_21)
FN:311,(anonymous_22)
FN:315,(anonymous_23)
FN:316,(anonymous_24)
FN:317,(anonymous_25)
FN:340,(anonymous_26)
FN:345,(anonymous_27)
FN:346,(anonymous_28)
FN:347,(anonymous_29)
FN:370,(anonymous_30)
FN:371,(anonymous_31)
FN:374,(anonymous_32)
FN:393,(anonymous_33)
FN:407,(anonymous_34)
FN:419,(anonymous_35)
FN:423,(anonymous_36)
FN:435,(anonymous_37)
FN:448,(anonymous_38)
FN:478,(anonymous_39)
FN:489,(anonymous_40)
FN:503,(anonymous_41)
FN:516,(anonymous_42)
FN:517,(anonymous_43)
FN:519,(anonymous_44)
FN:520,(anonymous_45)
FN:522,(anonymous_46)
FN:523,(anonymous_47)
FNF:48
FNH:0
FNDA:0,(anonymous_0)
FNDA:0,(anonymous_1)
FNDA:0,(anonymous_2)
FNDA:0,(anonymous_3)
FNDA:0,useDashboardData
FNDA:0,(anonymous_5)
FNDA:0,(anonymous_6)
FNDA:0,(anonymous_7)
FNDA:0,fetchData
FNDA:0,(anonymous_9)
FNDA:0,(anonymous_10)
FNDA:0,(anonymous_11)
FNDA:0,(anonymous_12)
FNDA:0,(anonymous_13)
FNDA:0,(anonymous_14)
FNDA:0,(anonymous_15)
FNDA:0,(anonymous_16)
FNDA:0,(anonymous_17)
FNDA:0,(anonymous_18)
FNDA:0,(anonymous_19)
FNDA:0,(anonymous_20)
FNDA:0,(anonymous_21)
FNDA:0,(anonymous_22)
FNDA:0,(anonymous_23)
FNDA:0,(anonymous_24)
FNDA:0,(anonymous_25)
FNDA:0,(anonymous_26)
FNDA:0,(anonymous_27)
FNDA:0,(anonymous_28)
FNDA:0,(anonymous_29)
FNDA:0,(anonymous_30)
FNDA:0,(anonymous_31)
FNDA:0,(anonymous_32)
FNDA:0,(anonymous_33)
FNDA:0,(anonymous_34)
FNDA:0,(anonymous_35)
FNDA:0,(anonymous_36)
FNDA:0,(anonymous_37)
FNDA:0,(anonymous_38)
FNDA:0,(anonymous_39)
FNDA:0,(anonymous_40)
FNDA:0,(anonymous_41)
FNDA:0,(anonymous_42)
FNDA:0,(anonymous_43)
FNDA:0,(anonymous_44)
FNDA:0,(anonymous_45)
FNDA:0,(anonymous_46)
FNDA:0,(anonymous_47)
DA:3,0
DA:4,0
DA:109,0
DA:110,0
DA:111,0
DA:112,0
DA:115,0
DA:116,0
DA:117,0
DA:118,0
DA:121,0
DA:122,0
DA:123,0
DA:124,0
DA:125,0
DA:130,0
DA:131,0
DA:134,0
DA:135,0
DA:136,0
DA:139,0
DA:143,0
DA:147,0
DA:148,0
DA:150,0
DA:164,0
DA:165,0
DA:166,0
DA:167,0
DA:168,0
DA:169,0
DA:172,0
DA:173,0
DA:177,0
DA:178,0
DA:179,0
DA:180,0
DA:181,0
DA:182,0
DA:186,0
DA:188,0
DA:191,0
DA:217,0
DA:218,0
DA:220,0
DA:221,0
DA:222,0
DA:226,0
DA:227,0
DA:229,0
DA:231,0
DA:232,0
DA:234,0
DA:236,0
DA:238,0
DA:239,0
DA:241,0
DA:243,0
DA:246,0
DA:248,0
DA:249,0
DA:250,0
DA:253,0
DA:254,0
DA:257,0
DA:261,0
DA:262,0
DA:265,0
DA:267,0
DA:268,0
DA:269,0
DA:270,0
DA:273,0
DA:275,0
DA:276,0
DA:277,0
DA:278,0
DA:281,0
DA:284,0
DA:285,0
DA:286,0
DA:287,0
DA:290,0
DA:294,0
DA:307,0
DA:310,0
DA:312,0
DA:313,0
DA:316,0
DA:317,0
DA:318,0
DA:319,0
DA:320,0
DA:321,0
DA:323,0
DA:338,0
DA:339,0
DA:341,0
DA:342,0
DA:343,0
DA:346,0
DA:347,0
DA:348,0
DA:349,0
DA:350,0
DA:351,0
DA:352,0
DA:354,0
DA:369,0
DA:371,0
DA:372,0
DA:374,0
DA:375,0
DA:376,0
DA:378,0
DA:393,0
DA:394,0
DA:395,0
DA:396,0
DA:397,0
DA:398,0
DA:407,0
DA:408,0
DA:409,0
DA:410,0
DA:419,0
DA:420,0
DA:423,0
DA:424,0
DA:427,0
DA:428,0
DA:429,0
DA:431,0
DA:435,0
DA:440,0
DA:449,0
DA:468,0
DA:469,0
DA:470,0
DA:472,0
DA:476,0
DA:478,0
DA:482,0
DA:488,0
DA:489,0
DA:495,0
DA:503,0
DA:514,0
DA:516,0
DA:517,0
DA:519,0
DA:520,0
DA:522,0
DA:523,0
DA:527,0
DA:537,0
LF:156
LH:0
BRDA:123,0,0,0
BRDA:123,0,1,0
BRDA:123,1,0,0
BRDA:123,1,1,0
BRDA:123,1,2,0
BRDA:123,2,0,0
BRDA:123,2,1,0
BRDA:123,2,2,0
BRDA:124,3,0,0
BRDA:124,3,1,0
BRDA:124,3,2,0
BRDA:125,4,0,0
BRDA:125,4,1,0
BRDA:125,4,2,0
BRDA:125,4,3,0
BRDA:125,4,4,0
BRDA:164,5,0,0
BRDA:164,5,1,0
BRDA:165,6,0,0
BRDA:165,6,1,0
BRDA:166,7,0,0
BRDA:166,7,1,0
BRDA:167,8,0,0
BRDA:167,8,1,0
BRDA:168,9,0,0
BRDA:168,9,1,0
BRDA:169,10,0,0
BRDA:169,10,1,0
BRDA:178,11,0,0
BRDA:178,11,1,0
BRDA:179,12,0,0
BRDA:179,12,1,0
BRDA:179,12,2,0
BRDA:180,13,0,0
BRDA:180,13,1,0
BRDA:180,13,2,0
BRDA:181,14,0,0
BRDA:181,14,1,0
BRDA:182,15,0,0
BRDA:182,15,1,0
BRDA:188,16,0,0
BRDA:188,16,1,0
BRDA:196,17,0,0
BRDA:196,17,1,0
BRDA:202,18,0,0
BRDA:202,18,1,0
BRDA:221,19,0,0
BRDA:221,19,1,0
BRDA:221,20,0,0
BRDA:221,20,1,0
BRDA:221,20,2,0
BRDA:221,21,0,0
BRDA:221,21,1,0
BRDA:221,21,2,0
BRDA:231,22,0,0
BRDA:231,22,1,0
BRDA:231,22,2,0
BRDA:231,22,3,0
BRDA:232,23,0,0
BRDA:232,23,1,0
BRDA:234,24,0,0
BRDA:234,24,1,0
BRDA:234,25,0,0
BRDA:234,25,1,0
BRDA:234,26,0,0
BRDA:234,26,1,0
BRDA:238,27,0,0
BRDA:238,27,1,0
BRDA:238,27,2,0
BRDA:238,27,3,0
BRDA:239,28,0,0
BRDA:239,28,1,0
BRDA:241,29,0,0
BRDA:241,29,1,0
BRDA:243,30,0,0
BRDA:243,30,1,0
BRDA:248,31,0,0
BRDA:248,31,1,0
BRDA:249,32,0,0
BRDA:249,32,1,0
BRDA:250,33,0,0
BRDA:250,33,1,0
BRDA:250,33,2,0
BRDA:250,33,3,0
BRDA:253,34,0,0
BRDA:254,35,0,0
BRDA:254,35,1,0
BRDA:262,36,0,0
BRDA:262,36,1,0
BRDA:267,37,0,0
BRDA:269,38,0,0
BRDA:269,38,1,0
BRDA:269,38,2,0
BRDA:270,39,0,0
BRDA:270,39,1,0
BRDA:270,39,2,0
BRDA:273,40,0,0
BRDA:273,40,1,0
BRDA:277,41,0,0
BRDA:277,41,1,0
BRDA:277,42,0,0
BRDA:277,42,1,0
BRDA:277,42,2,0
BRDA:277,43,0,0
BRDA:277,43,1,0
BRDA:277,43,2,0
BRDA:281,44,0,0
BRDA:281,44,1,0
BRDA:285,45,0,0
BRDA:285,45,1,0
BRDA:285,46,0,0
BRDA:285,46,1,0
BRDA:285,46,2,0
BRDA:285,47,0,0
BRDA:285,47,1,0
BRDA:285,47,2,0
BRDA:286,48,0,0
BRDA:286,48,1,0
BRDA:286,48,2,0
BRDA:287,49,0,0
BRDA:287,49,1,0
BRDA:287,49,2,0
BRDA:287,49,3,0
BRDA:287,49,4,0
BRDA:290,50,0,0
BRDA:290,50,1,0
BRDA:296,51,0,0
BRDA:296,51,1,0
BRDA:297,52,0,0
BRDA:297,52,1,0
BRDA:298,53,0,0
BRDA:298,53,1,0
BRDA:298,53,2,0
BRDA:298,53,3,0
BRDA:299,54,0,0
BRDA:299,54,1,0
BRDA:301,55,0,0
BRDA:301,55,1,0
BRDA:312,56,0,0
BRDA:312,56,1,0
BRDA:312,57,0,0
BRDA:312,57,1,0
BRDA:312,57,2,0
BRDA:312,58,0,0
BRDA:312,58,1,0
BRDA:312,58,2,0
BRDA:316,59,0,0
BRDA:316,59,1,0
BRDA:317,60,0,0
BRDA:317,60,1,0
BRDA:317,60,2,0
BRDA:318,61,0,0
BRDA:318,61,1,0
BRDA:318,61,2,0
BRDA:319,62,0,0
BRDA:319,62,1,0
BRDA:319,62,2,0
BRDA:319,62,3,0
BRDA:320,63,0,0
BRDA:320,63,1,0
BRDA:320,63,2,0
BRDA:320,63,3,0
BRDA:321,64,0,0
BRDA:321,64,1,0
BRDA:321,65,0,0
BRDA:321,65,1,0
BRDA:321,65,2,0
BRDA:321,66,0,0
BRDA:321,66,1,0
BRDA:321,66,2,0
BRDA:326,67,0,0
BRDA:326,67,1,0
BRDA:328,68,0,0
BRDA:328,68,1,0
BRDA:329,69,0,0
BRDA:329,69,1,0
BRDA:341,70,0,0
BRDA:341,70,1,0
BRDA:342,71,0,0
BRDA:342,71,1,0
BRDA:342,71,2,0
BRDA:343,72,0,0
BRDA:343,72,1,0
BRDA:343,72,2,0
BRDA:346,73,0,0
BRDA:346,73,1,0
BRDA:347,74,0,0
BRDA:347,74,1,0
BRDA:347,74,2,0
BRDA:348,75,0,0
BRDA:348,75,1,0
BRDA:348,75,2,0
BRDA:349,76,0,0
BRDA:349,76,1,0
BRDA:349,76,2,0
BRDA:349,76,3,0
BRDA:350,77,0,0
BRDA:350,77,1,0
BRDA:350,77,2,0
BRDA:350,77,3,0
BRDA:351,78,0,0
BRDA:351,78,1,0
BRDA:351,78,2,0
BRDA:357,79,0,0
BRDA:357,79,1,0
BRDA:359,80,0,0
BRDA:359,80,1,0
BRDA:360,81,0,0
BRDA:360,81,1,0
BRDA:372,82,0,0
BRDA:372,82,1,0
BRDA:374,83,0,0
BRDA:374,83,1,0
BRDA:375,84,0,0
BRDA:375,84,1,0
BRDA:375,84,2,0
BRDA:375,84,3,0
BRDA:376,85,0,0
BRDA:376,85,1,0
BRDA:376,85,2,0
BRDA:376,85,3,0
BRDA:381,86,0,0
BRDA:381,86,1,0
BRDA:381,87,0,0
BRDA:381,87,1,0
BRDA:381,87,2,0
BRDA:382,88,0,0
BRDA:382,88,1,0
BRDA:382,88,2,0
BRDA:382,88,3,0
BRDA:382,88,4,0
BRDA:384,89,0,0
BRDA:384,89,1,0
BRDA:384,89,2,0
BRDA:384,90,0,0
BRDA:384,90,1,0
BRDA:408,91,0,0
BRDA:408,91,1,0
BRDA:409,92,0,0
BRDA:420,93,0,0
BRDA:420,93,1,0
BRDA:424,94,0,0
BRDA:424,94,1,0
BRDA:437,95,0,0
BRDA:437,95,1,0
BRDA:449,96,0,0
BRDA:449,96,1,0
BRDA:449,96,2,0
BRDA:468,97,0,0
BRDA:482,98,0,0
BRDA:482,98,1,0
BRDA:488,99,0,0
BRDA:488,99,1,0
BRDA:495,100,0,0
BRDA:495,100,1,0
BRDA:503,101,0,0
BRDA:503,101,1,0
BRDA:507,102,0,0
BRDA:507,102,1,0
BRDA:508,103,0,0
BRDA:508,103,1,0
BRDA:509,104,0,0
BRDA:509,104,1,0
BRDA:515,105,0,0
BRDA:515,105,1,0
BRDA:518,106,0,0
BRDA:518,106,1,0
BRDA:521,107,0,0
BRDA:521,107,1,0
BRF:269
BRH:0
end_of_record
TN:
SF:src/features/dashboard/hooks/useDashboardKpis.ts
FN:11,useDashboardKpis
FN:14,(anonymous_1)
FNF:2
FNH:0
FNDA:0,useDashboardKpis
FNDA:0,(anonymous_1)
DA:1,0
DA:11,0
DA:12,0
DA:15,0
DA:16,0
DA:17,0
DA:18,0
LF:7
LH:0
BRDA:16,0,0,0
BRF:1
BRH:0
end_of_record
TN:
SF:src/features/dashboard/pages/DashboardPage.tsx
FN:6,toPct
FN:10,DashboardPage
FN:13,(anonymous_2)
FNF:3
FNH:0
FNDA:0,toPct
FNDA:0,DashboardPage
FNDA:0,(anonymous_2)
DA:1,0
DA:2,0
DA:3,0
DA:4,0
DA:7,0
DA:10,0
DA:11,0
DA:12,0
DA:13,0
DA:15,0
DA:16,0
DA:18,0
LF:12
LH:0
BRDA:7,0,0,0
BRDA:7,0,1,0
BRDA:13,1,0,0
BRDA:13,1,1,0
BRDA:15,2,0,0
BRDA:16,3,0,0
BRDA:24,4,0,0
BRDA:24,4,1,0
BRF:8
BRH:0
end_of_record
TN:
SF:src/features/data/useCollection.ts
FN:16,useCollection
FN:23,(anonymous_1)
FN:28,(anonymous_2)
FN:45,(anonymous_3)
FN:90,(anonymous_4)
FNF:5
FNH:0
FNDA:0,useCollection
FNDA:0,(anonymous_1)
FNDA:0,(anonymous_2)
FNDA:0,(anonymous_3)
FNDA:0,(anonymous_4)
DA:7,0
DA:16,0
DA:17,0
DA:18,0
DA:19,0
DA:20,0
DA:21,0
DA:23,0
DA:24,0
DA:25,0
DA:28,0
DA:29,0
DA:30,0
DA:31,0
DA:32,0
DA:33,0
DA:37,0
DA:38,0
DA:41,0
DA:42,0
DA:43,0
DA:45,0
DA:46,0
DA:47,0
DA:48,0
DA:50,0
DA:51,0
DA:53,0
DA:56,0
DA:62,0
DA:65,0
DA:67,0
DA:70,0
DA:71,0
DA:72,0
DA:75,0
DA:76,0
DA:79,0
DA:80,0
DA:81,0
DA:84,0
DA:85,0
DA:90,0
DA:91,0
DA:92,0
DA:97,0
DA:100,0
LF:47
LH:0
BRDA:29,0,0,0
BRDA:37,1,0,0
BRDA:37,2,0,0
BRDA:37,2,1,0
BRDA:48,3,0,0
BRDA:50,4,0,0
BRDA:53,5,0,0
BRDA:56,6,0,0
BRDA:56,6,1,0
BRDA:58,7,0,0
BRDA:58,7,1,0
BRDA:62,8,0,0
BRDA:62,8,1,0
BRDA:65,9,0,0
BRDA:65,10,0,0
BRDA:65,10,1,0
BRDA:65,10,2,0
BRDA:70,11,0,0
BRDA:75,12,0,0
BRDA:75,13,0,0
BRDA:75,13,1,0
BRDA:79,14,0,0
BRDA:80,15,0,0
BRDA:80,15,1,0
BRDA:84,16,0,0
BRDA:91,17,0,0
BRDA:91,18,0,0
BRDA:91,18,1,0
BRF:28
BRH:0
end_of_record
TN:
SF:src/features/files/FilesTab.tsx
FN:12,getJSON
FN:18,FilesTab
FN:26,(anonymous_2)
FN:26,(anonymous_3)
FN:31,(anonymous_4)
FN:36,(anonymous_5)
FN:42,(anonymous_6)
FN:42,(anonymous_7)
FN:50,(anonymous_8)
FN:51,(anonymous_9)
FN:57,(anonymous_10)
FN:67,(anonymous_11)
FNF:12
FNH:0
FNDA:0,getJSON
FNDA:0,FilesTab
FNDA:0,(anonymous_2)
FNDA:0,(anonymous_3)
FNDA:0,(anonymous_4)
FNDA:0,(anonymous_5)
FNDA:0,(anonymous_6)
FNDA:0,(anonymous_7)
FNDA:0,(anonymous_8)
FNDA:0,(anonymous_9)
FNDA:0,(anonymous_10)
FNDA:0,(anonymous_11)
DA:1,0
DA:13,0
DA:14,0
DA:15,0
DA:18,0
DA:19,0
DA:20,0
DA:21,0
DA:22,0
DA:23,0
DA:26,0
DA:27,0
DA:28,0
DA:29,0
DA:30,0
DA:31,0
DA:32,0
DA:33,0
DA:34,0
DA:35,0
DA:36,0
DA:37,0
DA:38,0
DA:39,0
DA:42,0
DA:44,0
DA:50,0
DA:51,0
DA:57,0
DA:68,0
LF:30
LH:0
BRDA:14,0,0,0
BRDA:19,1,0,0
BRDA:19,1,1,0
BRDA:29,2,0,0
BRDA:29,2,1,0
BRDA:31,3,0,0
BRDA:31,3,1,0
BRDA:31,4,0,0
BRDA:31,4,1,0
BRDA:31,4,2,0
BRDA:34,5,0,0
BRDA:34,5,1,0
BRDA:36,6,0,0
BRDA:36,6,1,0
BRDA:36,7,0,0
BRDA:36,7,1,0
BRDA:36,7,2,0
BRDA:36,8,0,0
BRDA:36,8,1,0
BRDA:42,9,0,0
BRDA:42,9,1,0
BRDA:42,10,0,0
BRDA:42,10,1,0
BRDA:50,11,0,0
BRDA:50,11,1,0
BRDA:51,12,0,0
BRDA:51,12,1,0
BRDA:61,13,0,0
BRDA:61,13,1,0
BRDA:61,14,0,0
BRDA:61,14,1,0
BRDA:63,15,0,0
BRDA:63,15,1,0
BRDA:65,16,0,0
BRDA:65,16,1,0
BRDA:71,17,0,0
BRDA:71,17,1,0
BRDA:73,18,0,0
BRDA:73,18,1,0
BRF:39
BRH:0
end_of_record
TN:
SF:src/features/m365/PlannerModal.tsx
FN:4,PlannerModal
FN:36,(anonymous_1)
FN:43,(anonymous_2)
FN:53,(anonymous_3)
FN:63,(anonymous_4)
FNF:5
FNH:0
FNDA:0,PlannerModal
FNDA:0,(anonymous_1)
FNDA:0,(anonymous_2)
FNDA:0,(anonymous_3)
FNDA:0,(anonymous_4)
DA:1,0
DA:2,0
DA:4,0
DA:15,0
DA:16,0
DA:17,0
DA:19,0
DA:22,0
DA:36,0
DA:43,0
DA:53,0
DA:64,0
DA:65,0
DA:70,0
DA:72,0
LF:15
LH:0
BRDA:19,0,0,0
BRF:1
BRH:0
end_of_record
TN:
SF:src/features/ownerTransfer/OwnerTransferPage.tsx
FN:6,OwnerTransferPage
FN:13,pick
FN:30,(anonymous_2)
FN:35,(anonymous_3)
FN:54,(anonymous_4)
FN:59,(anonymous_5)
FN:60,(anonymous_6)
FN:61,(anonymous_7)
FNF:8
FNH:0
FNDA:0,OwnerTransferPage
FNDA:0,pick
FNDA:0,(anonymous_2)
FNDA:0,(anonymous_3)
FNDA:0,(anonymous_4)
FNDA:0,(anonymous_5)
FNDA:0,(anonymous_6)
FNDA:0,(anonymous_7)
DA:1,0
DA:2,0
DA:6,0
DA:7,0
DA:8,0
DA:9,0
DA:10,0
DA:11,0
DA:14,0
DA:15,0
DA:16,0
DA:17,0
DA:18,0
DA:22,0
DA:30,0
DA:35,0
DA:55,0
DA:56,0
DA:59,0
DA:60,0
DA:61,0
LF:21
LH:0
BRDA:13,0,0,0
BRDA:15,1,0,0
BRDA:15,1,1,0
BRDA:15,1,2,0
BRDA:16,2,0,0
BRDA:18,3,0,0
BRDA:30,4,0,0
BRDA:31,5,0,0
BRDA:31,5,1,0
BRDA:31,5,2,0
BRDA:35,6,0,0
BRDA:36,7,0,0
BRDA:36,7,1,0
BRDA:36,7,2,0
BRDA:41,8,0,0
BRDA:41,8,1,0
BRDA:43,9,0,0
BRDA:43,9,1,0
BRDA:43,9,2,0
BRDA:45,10,0,0
BRDA:45,10,1,0
BRDA:45,11,0,0
BRDA:45,11,1,0
BRDA:45,12,0,0
BRDA:45,12,1,0
BRDA:52,13,0,0
BRDA:52,13,1,0
BRDA:52,13,2,0
BRDA:56,14,0,0
BRDA:56,14,1,0
BRDA:56,14,2,0
BRDA:59,15,0,0
BRDA:59,15,1,0
BRDA:60,16,0,0
BRDA:60,16,1,0
BRDA:61,17,0,0
BRDA:61,17,1,0
BRDA:63,18,0,0
BRDA:63,18,1,0
BRF:39
BRH:0
end_of_record
TN:
SF:src/features/ownerTransfer/components/TransferDryRun.tsx
FN:24,TransferDryRun
FN:28,runDryRun
FN:37,downloadCSV
FN:42,viewHTMLReport
FN:107,(anonymous_4)
FNF:5
FNH:0
FNDA:0,TransferDryRun
FNDA:0,runDryRun
FNDA:0,downloadCSV
FNDA:0,viewHTMLReport
FNDA:0,(anonymous_4)
DA:1,0
DA:2,0
DA:24,0
DA:25,0
DA:26,0
DA:29,0
DA:31,0
DA:32,0
DA:33,0
DA:38,0
DA:39,0
DA:43,0
DA:44,0
DA:47,0
DA:108,0
LF:15
LH:0
BRDA:29,0,0,0
BRDA:32,1,0,0
BRDA:38,2,0,0
BRDA:43,3,0,0
BRDA:54,4,0,0
BRDA:54,4,1,0
BRDA:58,5,0,0
BRDA:58,5,1,0
BRDA:60,6,0,0
BRDA:60,6,1,0
BRDA:81,7,0,0
BRDA:81,7,1,0
BRDA:87,8,0,0
BRDA:87,8,1,0
BRDA:111,9,0,0
BRDA:111,9,1,0
BRDA:115,10,0,0
BRDA:115,10,1,0
BRDA:139,11,0,0
BRDA:139,11,1,0
BRF:20
BRH:0
end_of_record
TN:
SF:src/features/ownerTransfer/components/TransferPreflightCheck.tsx
FN:14,TransferPreflightCheck
FN:19,(anonymous_1)
FN:25,runPreflightCheck
FN:34,(anonymous_3)
FN:39,getCheckIcon
FN:48,getCheckColor
FN:57,(anonymous_6)
FN:58,(anonymous_7)
FN:82,(anonymous_8)
FNF:9
FNH:0
FNDA:0,TransferPreflightCheck
FNDA:0,(anonymous_1)
FNDA:0,runPreflightCheck
FNDA:0,(anonymous_3)
FNDA:0,getCheckIcon
FNDA:0,getCheckColor
FNDA:0,(anonymous_6)
FNDA:0,(anonymous_7)
FNDA:0,(anonymous_8)
DA:1,0
DA:2,0
DA:14,0
DA:15,0
DA:16,0
DA:17,0
DA:19,0
DA:20,0
DA:21,0
DA:26,0
DA:28,0
DA:29,0
DA:30,0
DA:31,0
DA:32,0
DA:34,0
DA:35,0
DA:40,0
DA:41,0
DA:42,0
DA:43,0
DA:44,0
DA:49,0
DA:50,0
DA:51,0
DA:52,0
DA:53,0
DA:57,0
DA:58,0
DA:60,0
DA:83,0
LF:31
LH:0
BRDA:20,0,0,0
BRDA:26,1,0,0
BRDA:29,2,0,0
BRDA:30,3,0,0
BRDA:30,3,1,0
BRDA:40,4,0,0
BRDA:40,4,1,0
BRDA:40,4,2,0
BRDA:40,4,3,0
BRDA:49,5,0,0
BRDA:49,5,1,0
BRDA:49,5,2,0
BRDA:49,5,3,0
BRDA:66,6,0,0
BRDA:66,6,1,0
BRDA:70,7,0,0
BRDA:70,7,1,0
BRDA:74,8,0,0
BRDA:74,8,1,0
BRDA:80,9,0,0
BRDA:80,9,1,0
BRDA:86,10,0,0
BRDA:86,10,1,0
BRDA:87,11,0,0
BRDA:87,11,1,0
BRDA:103,12,0,0
BRDA:103,12,1,0
BRDA:106,13,0,0
BRDA:106,13,1,0
BRDA:106,13,2,0
BRDA:109,14,0,0
BRDA:109,14,1,0
BRDA:109,14,2,0
BRDA:117,15,0,0
BRDA:117,15,1,0
BRF:35
BRH:0
end_of_record
TN:
SF:src/features/ownerTransfer/hooks/useOwnerTransfer.ts
FN:4,useOwnerTransfer
FN:8,(anonymous_1)
FN:16,(anonymous_2)
FN:17,(anonymous_3)
FN:18,(anonymous_4)
FN:18,(anonymous_5)
FN:19,(anonymous_6)
FN:19,(anonymous_7)
FN:20,(anonymous_8)
FN:20,(anonymous_9)
FN:21,(anonymous_10)
FN:21,(anonymous_11)
FNF:12
FNH:0
FNDA:0,useOwnerTransfer
FNDA:0,(anonymous_1)
FNDA:0,(anonymous_2)
FNDA:0,(anonymous_3)
FNDA:0,(anonymous_4)
FNDA:0,(anonymous_5)
FNDA:0,(anonymous_6)
FNDA:0,(anonymous_7)
FNDA:0,(anonymous_8)
FNDA:0,(anonymous_9)
FNDA:0,(anonymous_10)
FNDA:0,(anonymous_11)
DA:1,0
DA:2,0
DA:4,0
DA:5,0
DA:6,0
DA:7,0
DA:8,0
DA:9,0
DA:10,0
DA:11,0
DA:12,0
DA:14,0
DA:16,0
DA:17,0
DA:18,0
DA:19,0
DA:20,0
DA:21,0
LF:18
LH:0
BRDA:11,0,0,0
BRDA:11,0,1,0
BRF:2
BRH:0
end_of_record
TN:
SF:src/features/owners/api/ownerTransfer.ts
FN:19,req
FN:36,searchOwners
FN:47,createOwner
FN:60,(anonymous_3)
FN:69,(anonymous_4)
FN:70,(anonymous_5)
FN:71,(anonymous_6)
FN:72,(anonymous_7)
FNF:8
FNH:0
FNDA:0,req
FNDA:0,searchOwners
FNDA:0,createOwner
FNDA:0,(anonymous_3)
FNDA:0,(anonymous_4)
FNDA:0,(anonymous_5)
FNDA:0,(anonymous_6)
FNDA:0,(anonymous_7)
DA:1,0
DA:3,0
DA:20,0
DA:21,0
DA:29,0
DA:30,0
DA:36,0
DA:37,0
DA:41,0
DA:47,0
DA:48,0
DA:56,0
DA:59,0
DA:68,0
DA:69,0
DA:70,0
DA:71,0
DA:72,0
LF:18
LH:0
BRDA:3,0,0,0
BRDA:3,0,1,0
BRDA:19,1,0,0
BRDA:27,2,0,0
BRDA:27,2,1,0
BRDA:27,3,0,0
BRDA:27,3,1,0
BRDA:29,4,0,0
BRF:8
BRH:0
end_of_record
TN:
SF:src/features/owners/components/OwnerTransferAudit.tsx
FN:19,OwnerTransferAudit
FN:23,(anonymous_1)
FN:33,(anonymous_2)
FN:41,(anonymous_3)
FN:106,(anonymous_4)
FN:123,(anonymous_5)
FNF:6
FNH:0
FNDA:0,OwnerTransferAudit
FNDA:0,(anonymous_1)
FNDA:0,(anonymous_2)
FNDA:0,(anonymous_3)
FNDA:0,(anonymous_4)
FNDA:0,(anonymous_5)
DA:1,0
DA:2,0
DA:3,0
DA:4,0
DA:19,0
DA:21,0
DA:23,0
DA:26,0
DA:28,0
DA:31,0
DA:33,0
DA:39,0
DA:41,0
DA:42,0
DA:44,0
DA:46,0
DA:48,0
DA:50,0
DA:52,0
DA:54,0
DA:58,0
DA:107,0
DA:124,0
DA:126,0
LF:24
LH:0
BRDA:26,0,0,0
BRDA:26,0,1,0
BRDA:39,1,0,0
BRDA:39,1,1,0
BRDA:42,2,0,0
BRDA:42,2,1,0
BRDA:42,2,2,0
BRDA:42,2,3,0
BRDA:42,2,4,0
BRDA:42,2,5,0
BRDA:74,3,0,0
BRDA:74,3,1,0
BRDA:89,4,0,0
BRDA:89,4,1,0
BRDA:104,5,0,0
BRDA:104,5,1,0
BRDA:115,6,0,0
BRDA:115,6,1,0
BRF:18
BRH:0
end_of_record
TN:
SF:src/features/owners/components/OwnerTransferForm.tsx
FN:32,OwnerTransferForm
FN:60,(anonymous_1)
FN:66,(anonymous_2)
FN:76,(anonymous_3)
FN:82,(anonymous_4)
FN:88,(anonymous_5)
FN:100,(anonymous_6)
FN:103,(anonymous_7)
FN:109,(anonymous_8)
FN:121,(anonymous_9)
FN:124,(anonymous_10)
FN:130,(anonymous_11)
FN:142,(anonymous_12)
FN:145,(anonymous_13)
FN:150,(anonymous_14)
FN:151,(anonymous_15)
FN:210,(anonymous_16)
FN:213,(anonymous_17)
FN:217,(anonymous_18)
FN:229,(anonymous_19)
FN:232,(anonymous_20)
FN:236,(anonymous_21)
FN:259,(anonymous_22)
FN:259,(anonymous_23)
FN:285,(anonymous_24)
FN:297,(anonymous_25)
FN:320,(anonymous_26)
FN:320,(anonymous_27)
FN:348,(anonymous_28)
FN:367,(anonymous_29)
FN:385,(anonymous_30)
FN:403,(anonymous_31)
FNF:32
FNH:0
FNDA:0,OwnerTransferForm
FNDA:0,(anonymous_1)
FNDA:0,(anonymous_2)
FNDA:0,(anonymous_3)
FNDA:0,(anonymous_4)
FNDA:0,(anonymous_5)
FNDA:0,(anonymous_6)
FNDA:0,(anonymous_7)
FNDA:0,(anonymous_8)
FNDA:0,(anonymous_9)
FNDA:0,(anonymous_10)
FNDA:0,(anonymous_11)
FNDA:0,(anonymous_12)
FNDA:0,(anonymous_13)
FNDA:0,(anonymous_14)
FNDA:0,(anonymous_15)
FNDA:0,(anonymous_16)
FNDA:0,(anonymous_17)
FNDA:0,(anonymous_18)
FNDA:0,(anonymous_19)
FNDA:0,(anonymous_20)
FNDA:0,(anonymous_21)
FNDA:0,(anonymous_22)
FNDA:0,(anonymous_23)
FNDA:0,(anonymous_24)
FNDA:0,(anonymous_25)
FNDA:0,(anonymous_26)
FNDA:0,(anonymous_27)
FNDA:0,(anonymous_28)
FNDA:0,(anonymous_29)
FNDA:0,(anonymous_30)
FNDA:0,(anonymous_31)
DA:1,0
DA:2,0
DA:3,0
DA:4,0
DA:5,0
DA:6,0
DA:7,0
DA:32,0
DA:33,0
DA:50,0
DA:51,0
DA:54,0
DA:55,0
DA:58,0
DA:60,0
DA:63,0
DA:65,0
DA:67,0
DA:77,0
DA:78,0
DA:79,0
DA:83,0
DA:87,0
DA:89,0
DA:90,0
DA:92,0
DA:101,0
DA:104,0
DA:108,0
DA:110,0
DA:111,0
DA:113,0
DA:122,0
DA:125,0
DA:129,0
DA:131,0
DA:132,0
DA:134,0
DA:143,0
DA:146,0
DA:150,0
DA:151,0
DA:157,0
DA:159,0
DA:211,0
DA:212,0
DA:213,0
DA:218,0
DA:219,0
DA:230,0
DA:231,0
DA:232,0
DA:237,0
DA:238,0
DA:259,0
DA:286,0
DA:297,0
DA:320,0
DA:348,0
DA:367,0
DA:385,0
DA:403,0
LF:62
LH:0
BRDA:63,0,0,0
BRDA:63,0,1,0
BRDA:78,1,0,0
BRDA:78,2,0,0
BRDA:78,2,1,0
BRDA:89,3,0,0
BRDA:110,4,0,0
BRDA:131,5,0,0
BRDA:157,6,0,0
BRDA:157,6,1,0
BRDA:157,6,2,0
BRDA:157,6,3,0
BRDA:157,6,4,0
BRDA:175,7,0,0
BRDA:175,7,1,0
BRDA:191,8,0,0
BRDA:191,8,1,0
BRDA:209,9,0,0
BRDA:209,9,1,0
BRDA:211,10,0,0
BRDA:228,11,0,0
BRDA:228,11,1,0
BRDA:230,12,0,0
BRDA:349,13,0,0
BRDA:349,13,1,0
BRDA:353,14,0,0
BRDA:353,14,1,0
BRDA:353,15,0,0
BRDA:353,15,1,0
BRDA:354,16,0,0
BRDA:354,16,1,0
BRDA:354,17,0,0
BRDA:354,17,1,0
BRDA:359,18,0,0
BRDA:359,18,1,0
BRDA:359,19,0,0
BRDA:359,19,1,0
BRDA:363,20,0,0
BRDA:363,20,1,0
BRDA:368,21,0,0
BRDA:368,21,1,0
BRDA:372,22,0,0
BRDA:372,22,1,0
BRDA:372,23,0,0
BRDA:372,23,1,0
BRDA:373,24,0,0
BRDA:373,24,1,0
BRDA:373,25,0,0
BRDA:373,25,1,0
BRDA:378,26,0,0
BRDA:378,26,1,0
BRDA:378,27,0,0
BRDA:378,27,1,0
BRDA:381,28,0,0
BRDA:381,28,1,0
BRDA:386,29,0,0
BRDA:386,29,1,0
BRDA:390,30,0,0
BRDA:390,30,1,0
BRDA:390,31,0,0
BRDA:390,31,1,0
BRDA:391,32,0,0
BRDA:391,32,1,0
BRDA:391,33,0,0
BRDA:391,33,1,0
BRDA:396,34,0,0
BRDA:396,34,1,0
BRDA:396,35,0,0
BRDA:396,35,1,0
BRDA:399,36,0,0
BRDA:399,36,1,0
BRDA:404,37,0,0
BRDA:404,37,1,0
BRDA:408,38,0,0
BRDA:408,38,1,0
BRDA:408,39,0,0
BRDA:408,39,1,0
BRDA:409,40,0,0
BRDA:409,40,1,0
BRDA:409,41,0,0
BRDA:409,41,1,0
BRDA:414,42,0,0
BRDA:414,42,1,0
BRDA:414,43,0,0
BRDA:414,43,1,0
BRDA:417,44,0,0
BRDA:417,44,1,0
BRDA:422,45,0,0
BRDA:422,45,1,0
BRDA:422,45,2,0
BRDA:422,45,3,0
BRDA:422,45,4,0
BRDA:432,46,0,0
BRDA:432,46,1,0
BRDA:432,46,2,0
BRDA:432,46,3,0
BRF:96
BRH:0
end_of_record
TN:
SF:src/features/owners/pages/OwnerTransferDetailPage.tsx
FN:10,OwnerTransferDetailPage
FN:19,loadTransfer
FN:36,(anonymous_2)
FN:40,handleApproveAccounting
FN:51,handleAuthorize
FN:62,handleExecute
FN:73,(anonymous_6)
FN:151,(anonymous_7)
FN:173,AuditFeed
FN:179,(anonymous_9)
FNF:10
FNH:0
FNDA:0,OwnerTransferDetailPage
FNDA:0,loadTransfer
FNDA:0,(anonymous_2)
FNDA:0,handleApproveAccounting
FNDA:0,handleAuthorize
FNDA:0,handleExecute
FNDA:0,(anonymous_6)
FNDA:0,(anonymous_7)
FNDA:0,AuditFeed
FNDA:0,(anonymous_9)
DA:1,0
DA:2,0
DA:3,0
DA:4,0
DA:5,0
DA:6,0
DA:10,0
DA:11,0
DA:12,0
DA:13,0
DA:14,0
DA:16,0
DA:17,0
DA:20,0
DA:21,0
DA:22,0
DA:25,0
DA:26,0
DA:27,0
DA:28,0
DA:29,0
DA:32,0
DA:36,0
DA:37,0
DA:41,0
DA:42,0
DA:43,0
DA:44,0
DA:45,0
DA:47,0
DA:52,0
DA:53,0
DA:54,0
DA:55,0
DA:56,0
DA:58,0
DA:63,0
DA:64,0
DA:65,0
DA:66,0
DA:67,0
DA:69,0
DA:73,0
DA:75,0
DA:76,0
DA:77,0
DA:78,0
DA:79,0
DA:80,0
DA:83,0
DA:84,0
DA:152,0
DA:174,0
DA:180,0
LF:54
LH:0
BRDA:20,0,0,0
BRDA:27,1,0,0
BRDA:29,2,0,0
BRDA:29,2,1,0
BRDA:37,3,0,0
BRDA:41,4,0,0
BRDA:43,5,0,0
BRDA:43,5,1,0
BRDA:52,6,0,0
BRDA:54,7,0,0
BRDA:54,7,1,0
BRDA:63,8,0,0
BRDA:65,9,0,0
BRDA:65,9,1,0
BRDA:75,10,0,0
BRDA:76,11,0,0
BRDA:77,12,0,0
BRDA:78,13,0,0
BRDA:79,14,0,0
BRDA:83,15,0,0
BRDA:90,16,0,0
BRDA:90,16,1,0
BRDA:93,17,0,0
BRDA:93,17,1,0
BRDA:103,18,0,0
BRDA:103,18,1,0
BRDA:114,19,0,0
BRDA:114,19,1,0
BRDA:125,20,0,0
BRDA:125,20,1,0
BRDA:136,21,0,0
BRDA:136,21,1,0
BRDA:150,22,0,0
BRDA:150,22,1,0
BRDA:157,23,0,0
BRDA:157,23,1,0
BRDA:177,24,0,0
BRDA:177,24,1,0
BRF:38
BRH:0
end_of_record
TN:
SF:src/features/owners/pages/OwnerTransferPage.tsx
FN:6,OwnerTransferPage
FN:16,(anonymous_1)
FN:24,(anonymous_2)
FN:31,(anonymous_3)
FN:34,(anonymous_4)
FN:36,(anonymous_5)
FN:37,(anonymous_6)
FN:41,(anonymous_7)
FN:42,(anonymous_8)
FN:45,(anonymous_9)
FN:45,(anonymous_10)
FN:47,(anonymous_11)
FN:51,(anonymous_12)
FN:53,(anonymous_13)
FN:63,toggle
FN:64,(anonymous_15)
FN:64,(anonymous_16)
FN:67,onCreate
FN:94,(anonymous_18)
FN:101,(anonymous_19)
FN:127,(anonymous_20)
FN:142,(anonymous_21)
FN:150,(anonymous_22)
FN:153,(anonymous_23)
FN:171,(anonymous_24)
FN:191,(anonymous_25)
FN:196,(anonymous_26)
FN:211,(anonymous_27)
FN:218,(anonymous_28)
FN:245,(anonymous_29)
FN:254,(anonymous_30)
FN:269,(anonymous_31)
FN:310,(anonymous_32)
FN:316,(anonymous_33)
FNF:34
FNH:0
FNDA:0,OwnerTransferPage
FNDA:0,(anonymous_1)
FNDA:0,(anonymous_2)
FNDA:0,(anonymous_3)
FNDA:0,(anonymous_4)
FNDA:0,(anonymous_5)
FNDA:0,(anonymous_6)
FNDA:0,(anonymous_7)
FNDA:0,(anonymous_8)
FNDA:0,(anonymous_9)
FNDA:0,(anonymous_10)
FNDA:0,(anonymous_11)
FNDA:0,(anonymous_12)
FNDA:0,(anonymous_13)
FNDA:0,toggle
FNDA:0,(anonymous_15)
FNDA:0,(anonymous_16)
FNDA:0,onCreate
FNDA:0,(anonymous_18)
FNDA:0,(anonymous_19)
FNDA:0,(anonymous_20)
FNDA:0,(anonymous_21)
FNDA:0,(anonymous_22)
FNDA:0,(anonymous_23)
FNDA:0,(anonymous_24)
FNDA:0,(anonymous_25)
FNDA:0,(anonymous_26)
FNDA:0,(anonymous_27)
FNDA:0,(anonymous_28)
FNDA:0,(anonymous_29)
FNDA:0,(anonymous_30)
FNDA:0,(anonymous_31)
FNDA:0,(anonymous_32)
FNDA:0,(anonymous_33)
DA:1,0
DA:2,0
DA:3,0
DA:4,0
DA:6,0
DA:7,0
DA:8,0
DA:10,0
DA:11,0
DA:12,0
DA:13,0
DA:14,0
DA:15,0
DA:16,0
DA:17,0
DA:18,0
DA:19,0
DA:20,0
DA:21,0
DA:24,0
DA:25,0
DA:26,0
DA:27,0
DA:31,0
DA:32,0
DA:33,0
DA:35,0
DA:36,0
DA:41,0
DA:42,0
DA:43,0
DA:44,0
DA:45,0
DA:47,0
DA:50,0
DA:51,0
DA:52,0
DA:53,0
DA:54,0
DA:55,0
DA:56,0
DA:57,0
DA:58,0
DA:60,0
DA:64,0
DA:68,0
DA:69,0
DA:71,0
DA:79,0
DA:80,0
DA:81,0
DA:82,0
DA:87,0
DA:88,0
DA:89,0
DA:90,0
DA:94,0
DA:96,0
DA:101,0
DA:128,0
DA:142,0
DA:151,0
DA:153,0
DA:171,0
DA:192,0
DA:196,0
DA:211,0
DA:218,0
DA:245,0
DA:254,0
DA:269,0
DA:310,0
DA:317,0
DA:318,0
DA:319,0
DA:320,0
DA:321,0
DA:322,0
DA:323,0
LF:79
LH:0
BRDA:26,0,0,0
BRDA:26,0,1,0
BRDA:27,1,0,0
BRDA:32,2,0,0
BRDA:35,3,0,0
BRDA:35,3,1,0
BRDA:43,4,0,0
BRDA:45,5,0,0
BRDA:45,5,1,0
BRDA:50,6,0,0
BRDA:50,6,1,0
BRDA:50,6,2,0
BRDA:56,7,0,0
BRDA:57,8,0,0
BRDA:60,9,0,0
BRDA:60,9,1,0
BRDA:64,10,0,0
BRDA:64,10,1,0
BRDA:68,11,0,0
BRDA:68,12,0,0
BRDA:68,12,1,0
BRDA:68,12,2,0
BRDA:79,13,0,0
BRDA:79,13,1,0
BRDA:83,14,0,0
BRDA:83,14,1,0
BRDA:88,15,0,0
BRDA:88,15,1,0
BRDA:89,16,0,0
BRDA:109,17,0,0
BRDA:109,17,1,0
BRDA:113,18,0,0
BRDA:113,18,1,0
BRDA:128,19,0,0
BRDA:128,19,1,0
BRDA:133,20,0,0
BRDA:133,20,1,0
BRDA:148,21,0,0
BRDA:148,21,1,0
BRDA:154,22,0,0
BRDA:154,22,1,0
BRDA:157,23,0,0
BRDA:157,23,1,0
BRDA:163,24,0,0
BRDA:163,24,1,0
BRDA:166,25,0,0
BRDA:166,25,1,0
BRDA:182,26,0,0
BRDA:182,26,1,0
BRDA:230,27,0,0
BRDA:230,27,1,0
BRDA:261,28,0,0
BRDA:261,28,1,0
BRDA:262,29,0,0
BRDA:262,29,1,0
BRDA:277,30,0,0
BRDA:277,30,1,0
BRDA:280,31,0,0
BRDA:280,31,1,0
BRDA:287,32,0,0
BRDA:287,32,1,0
BRDA:301,33,0,0
BRDA:301,33,1,0
BRF:63
BRH:0
end_of_record
TN:
SF:src/features/owners/pages/OwnerTransfersListPage.tsx
FN:15,apiCall
FN:21,OwnerTransfersListPage
FN:35,(anonymous_2)
FN:39,loadTransfers
FN:52,bulk
FN:75,toggleSelectAll
FN:76,(anonymous_6)
FN:80,toggleSelect
FN:81,(anonymous_8)
FN:83,(anonymous_9)
FN:131,(anonymous_10)
FN:137,(anonymous_11)
FN:162,(anonymous_12)
FN:171,(anonymous_13)
FN:178,(anonymous_14)
FNF:15
FNH:0
FNDA:0,apiCall
FNDA:0,OwnerTransfersListPage
FNDA:0,(anonymous_2)
FNDA:0,loadTransfers
FNDA:0,bulk
FNDA:0,toggleSelectAll
FNDA:0,(anonymous_6)
FNDA:0,toggleSelect
FNDA:0,(anonymous_8)
FNDA:0,(anonymous_9)
FNDA:0,(anonymous_10)
FNDA:0,(anonymous_11)
FNDA:0,(anonymous_12)
FNDA:0,(anonymous_13)
FNDA:0,(anonymous_14)
DA:1,0
DA:2,0
DA:16,0
DA:17,0
DA:18,0
DA:21,0
DA:22,0
DA:23,0
DA:24,0
DA:26,0
DA:27,0
DA:28,0
DA:30,0
DA:31,0
DA:35,0
DA:36,0
DA:40,0
DA:41,0
DA:42,0
DA:43,0
DA:45,0
DA:46,0
DA:48,0
DA:53,0
DA:54,0
DA:55,0
DA:56,0
DA:61,0
DA:62,0
DA:63,0
DA:66,0
DA:67,0
DA:69,0
DA:71,0
DA:76,0
DA:77,0
DA:81,0
DA:82,0
DA:83,0
DA:88,0
DA:132,0
DA:137,0
DA:162,0
DA:171,0
DA:178,0
LF:45
LH:0
BRDA:15,0,0,0
BRDA:17,1,0,0
BRDA:23,2,0,0
BRDA:23,2,1,0
BRDA:24,3,0,0
BRDA:24,3,1,0
BRDA:30,4,0,0
BRDA:30,4,1,0
BRDA:31,5,0,0
BRDA:31,5,1,0
BRDA:43,6,0,0
BRDA:43,6,1,0
BRDA:53,7,0,0
BRDA:61,8,0,0
BRDA:76,9,0,0
BRDA:76,9,1,0
BRDA:77,10,0,0
BRDA:77,10,1,0
BRDA:82,11,0,0
BRDA:82,11,1,0
BRDA:92,12,0,0
BRDA:92,12,1,0
BRDA:106,13,0,0
BRDA:106,13,1,0
BRDA:108,14,0,0
BRDA:108,14,1,0
BRDA:110,15,0,0
BRDA:110,15,1,0
BRDA:119,16,0,0
BRDA:119,16,1,0
BRDA:143,17,0,0
BRDA:143,17,1,0
BRDA:157,18,0,0
BRDA:157,18,1,0
BRDA:157,18,2,0
BRDA:160,19,0,0
BRDA:160,19,1,0
BRDA:166,20,0,0
BRDA:166,20,1,0
BRDA:169,21,0,0
BRDA:169,21,1,0
BRDA:176,22,0,0
BRDA:176,22,1,0
BRDA:189,23,0,0
BRDA:189,23,1,0
BRF:45
BRH:0
end_of_record
TN:
SF:src/features/shared/portfolioMath.ts
FN:5,(anonymous_0)
FN:7,occupancy
FN:8,(anonymous_2)
FN:9,(anonymous_3)
FN:13,rentReadyVacant
FN:14,(anonymous_5)
FN:19,collectionsMTD
FN:21,(anonymous_7)
FN:25,(anonymous_8)
FN:26,(anonymous_9)
FN:27,(anonymous_10)
FN:28,(anonymous_11)
FN:32,noiMTD
FN:33,(anonymous_13)
FN:34,(anonymous_14)
FN:36,(anonymous_15)
FN:40,(anonymous_16)
FN:41,(anonymous_17)
FN:42,(anonymous_18)
FN:43,(anonymous_19)
FNF:20
FNH:0
FNDA:0,(anonymous_0)
FNDA:0,occupancy
FNDA:0,(anonymous_2)
FNDA:0,(anonymous_3)
FNDA:0,rentReadyVacant
FNDA:0,(anonymous_5)
FNDA:0,collectionsMTD
FNDA:0,(anonymous_7)
FNDA:0,(anonymous_8)
FNDA:0,(anonymous_9)
FNDA:0,(anonymous_10)
FNDA:0,(anonymous_11)
FNDA:0,noiMTD
FNDA:0,(anonymous_13)
FNDA:0,(anonymous_14)
FNDA:0,(anonymous_15)
FNDA:0,(anonymous_16)
FNDA:0,(anonymous_17)
FNDA:0,(anonymous_18)
FNDA:0,(anonymous_19)
DA:3,0
DA:4,0
DA:5,0
DA:7,0
DA:8,0
DA:9,0
DA:10,0
DA:13,0
DA:14,0
DA:15,0
DA:16,0
DA:19,0
DA:20,0
DA:21,0
DA:22,0
DA:23,0
DA:25,0
DA:26,0
DA:27,0
DA:28,0
DA:29,0
DA:32,0
DA:33,0
DA:34,0
DA:35,0
DA:36,0
DA:37,0
DA:38,0
DA:40,0
DA:41,0
DA:42,0
DA:43,0
DA:44,0
LF:33
LH:0
BRDA:5,0,0,0
BRDA:5,0,1,0
BRDA:8,1,0,0
BRDA:8,1,1,0
BRDA:10,2,0,0
BRDA:10,2,1,0
BRDA:19,3,0,0
BRDA:23,4,0,0
BRDA:23,4,1,0
BRDA:25,5,0,0
BRDA:25,5,1,0
BRDA:26,6,0,0
BRDA:26,6,1,0
BRDA:27,7,0,0
BRDA:27,7,1,0
BRDA:28,8,0,0
BRDA:28,8,1,0
BRDA:29,9,0,0
BRDA:29,9,1,0
BRDA:32,10,0,0
BRDA:38,11,0,0
BRDA:38,11,1,0
BRDA:40,12,0,0
BRDA:40,12,1,0
BRDA:41,13,0,0
BRDA:41,13,1,0
BRDA:42,14,0,0
BRDA:42,14,1,0
BRDA:42,14,2,0
BRDA:42,14,3,0
BRDA:43,15,0,0
BRDA:43,15,1,0
BRF:32
BRH:0
end_of_record
TN:
SF:src/features/systems/integrations/IntegrationsHealthPage.tsx
FN:27,IntegrationsHealthPage
FN:31,(anonymous_1)
FN:47,(anonymous_2)
FN:74,(anonymous_3)
FN:88,(anonymous_4)
FN:108,(anonymous_5)
FN:120,(anonymous_6)
FN:129,(anonymous_7)
FN:140,(anonymous_8)
FN:154,(anonymous_9)
FN:161,(anonymous_10)
FN:170,(anonymous_11)
FN:174,(anonymous_12)
FN:181,(anonymous_13)
FN:200,(anonymous_14)
FN:210,(anonymous_15)
FN:219,(anonymous_16)
FN:223,(anonymous_17)
FN:228,(anonymous_18)
FN:233,(anonymous_19)
FN:253,(anonymous_20)
FN:257,(anonymous_21)
FN:261,(anonymous_22)
FN:285,(anonymous_23)
FN:293,(anonymous_24)
FN:301,(anonymous_25)
FN:332,(anonymous_26)
FN:637,(anonymous_27)
FNF:28
FNH:0
FNDA:0,IntegrationsHealthPage
FNDA:0,(anonymous_1)
FNDA:0,(anonymous_2)
FNDA:0,(anonymous_3)
FNDA:0,(anonymous_4)
FNDA:0,(anonymous_5)
FNDA:0,(anonymous_6)
FNDA:0,(anonymous_7)
FNDA:0,(anonymous_8)
FNDA:0,(anonymous_9)
FNDA:0,(anonymous_10)
FNDA:0,(anonymous_11)
FNDA:0,(anonymous_12)
FNDA:0,(anonymous_13)
FNDA:0,(anonymous_14)
FNDA:0,(anonymous_15)
FNDA:0,(anonymous_16)
FNDA:0,(anonymous_17)
FNDA:0,(anonymous_18)
FNDA:0,(anonymous_19)
FNDA:0,(anonymous_20)
FNDA:0,(anonymous_21)
FNDA:0,(anonymous_22)
FNDA:0,(anonymous_23)
FNDA:0,(anonymous_24)
FNDA:0,(anonymous_25)
FNDA:0,(anonymous_26)
FNDA:0,(anonymous_27)
DA:1,0
DA:2,0
DA:3,0
DA:4,0
DA:5,0
DA:6,0
DA:7,0
DA:8,0
DA:9,0
DA:10,0
DA:11,0
DA:27,0
DA:28,0
DA:29,0
DA:30,0
DA:31,0
DA:33,0
DA:34,0
DA:36,0
DA:37,0
DA:40,0
DA:41,0
DA:45,0
DA:48,0
DA:50,0
DA:61,0
DA:67,0
DA:72,0
DA:75,0
DA:77,0
DA:88,0
DA:89,0
DA:90,0
DA:93,0
DA:99,0
DA:100,0
DA:103,0
DA:107,0
DA:109,0
DA:110,0
DA:113,0
DA:121,0
DA:126,0
DA:127,0
DA:130,0
DA:139,0
DA:141,0
DA:142,0
DA:145,0
DA:155,0
DA:162,0
DA:170,0
DA:171,0
DA:174,0
DA:175,0
DA:176,0
DA:180,0
DA:182,0
DA:183,0
DA:186,0
DA:201,0
DA:206,0
DA:207,0
DA:208,0
DA:211,0
DA:219,0
DA:220,0
DA:223,0
DA:225,0
DA:228,0
DA:229,0
DA:230,0
DA:233,0
DA:234,0
DA:237,0
DA:238,0
DA:239,0
DA:240,0
DA:241,0
DA:245,0
DA:246,0
DA:248,0
DA:249,0
DA:250,0
DA:253,0
DA:254,0
DA:257,0
DA:258,0
DA:261,0
DA:262,0
DA:263,0
DA:264,0
DA:265,0
DA:267,0
DA:268,0
DA:269,0
DA:272,0
DA:285,0
DA:293,0
DA:301,0
DA:333,0
DA:334,0
DA:336,0
DA:337,0
DA:338,0
DA:340,0
DA:343,0
DA:637,0
LF:108
LH:0
BRDA:34,0,0,0
BRDA:34,0,1,0
BRDA:48,1,0,0
BRDA:75,2,0,0
BRDA:89,3,0,0
BRDA:99,4,0,0
BRDA:109,5,0,0
BRDA:141,6,0,0
BRDA:182,7,0,0
BRDA:194,8,0,0
BRDA:194,8,1,0
BRDA:195,9,0,0
BRDA:195,9,1,0
BRDA:202,10,0,0
BRDA:202,10,1,0
BRDA:203,11,0,0
BRDA:203,11,1,0
BRDA:234,12,0,0
BRDA:234,13,0,0
BRDA:234,13,1,0
BRDA:237,14,0,0
BRDA:239,15,0,0
BRDA:240,16,0,0
BRDA:246,17,0,0
BRDA:249,18,0,0
BRDA:254,19,0,0
BRDA:254,19,1,0
BRDA:262,20,0,0
BRDA:267,21,0,0
BRDA:268,22,0,0
BRDA:286,23,0,0
BRDA:286,23,1,0
BRDA:294,24,0,0
BRDA:294,24,1,0
BRDA:302,25,0,0
BRDA:302,25,1,0
BRDA:318,26,0,0
BRDA:318,26,1,0
BRDA:337,27,0,0
BRDA:337,27,1,0
BRDA:358,28,0,0
BRDA:358,28,1,0
BRDA:364,29,0,0
BRDA:364,29,1,0
BRDA:365,30,0,0
BRDA:365,30,1,0
BRDA:372,31,0,0
BRDA:372,31,1,0
BRDA:380,32,0,0
BRDA:380,32,1,0
BRDA:380,32,2,0
BRDA:388,33,0,0
BRDA:388,33,1,0
BRDA:395,34,0,0
BRDA:395,34,1,0
BRDA:395,34,2,0
BRDA:404,35,0,0
BRDA:404,35,1,0
BRDA:404,35,2,0
BRDA:409,36,0,0
BRDA:409,36,1,0
BRDA:409,36,2,0
BRDA:409,36,3,0
BRDA:414,37,0,0
BRDA:414,37,1,0
BRDA:426,38,0,0
BRDA:426,38,1,0
BRDA:441,39,0,0
BRDA:441,39,1,0
BRDA:445,40,0,0
BRDA:445,40,1,0
BRDA:456,41,0,0
BRDA:456,41,1,0
BRDA:484,42,0,0
BRDA:484,42,1,0
BRDA:484,43,0,0
BRDA:484,43,1,0
BRDA:488,44,0,0
BRDA:488,44,1,0
BRDA:488,45,0,0
BRDA:488,45,1,0
BRDA:494,46,0,0
BRDA:494,46,1,0
BRDA:494,46,2,0
BRDA:506,47,0,0
BRDA:506,47,1,0
BRDA:506,48,0,0
BRDA:506,48,1,0
BRDA:507,49,0,0
BRDA:507,49,1,0
BRDA:511,50,0,0
BRDA:511,50,1,0
BRDA:539,51,0,0
BRDA:539,51,1,0
BRDA:545,52,0,0
BRDA:545,52,1,0
BRDA:549,53,0,0
BRDA:549,53,1,0
BRDA:555,54,0,0
BRDA:555,54,1,0
BRDA:555,54,2,0
BRDA:558,55,0,0
BRDA:558,55,1,0
BRDA:567,56,0,0
BRDA:567,56,1,0
BRDA:577,57,0,0
BRDA:577,57,1,0
BRDA:577,57,2,0
BRDA:589,58,0,0
BRDA:589,58,1,0
BRDA:593,59,0,0
BRDA:593,59,1,0
BRDA:596,60,0,0
BRDA:596,60,1,0
BRDA:608,61,0,0
BRDA:608,61,1,0
BRDA:616,62,0,0
BRDA:616,62,1,0
BRF:118
BRH:0
end_of_record
TN:
SF:src/features/systems/integrations/components/DLQPanel.tsx
FN:23,DLQPanel
FN:31,(anonymous_1)
FN:46,(anonymous_2)
FN:54,(anonymous_3)
FN:62,(anonymous_4)
FN:73,(anonymous_5)
FN:81,(anonymous_6)
FN:89,(anonymous_7)
FN:100,(anonymous_8)
FN:108,(anonymous_9)
FN:116,(anonymous_10)
FN:127,(anonymous_11)
FN:135,(anonymous_12)
FN:143,(anonymous_13)
FN:152,(anonymous_14)
FN:156,(anonymous_15)
[...]
FN:1,OperationsMaintenance
FNF:1
FNH:0
FNDA:0,OperationsMaintenance
DA:1,0
DA:2,0
LF:2
LH:0
BRF:0
BRH:0
end_of_record
TN:
SF:src/pages/operations/marketing.tsx
FN:1,OperationsMarketing
FNF:1
FNH:0
FNDA:0,OperationsMarketing
DA:1,0
DA:2,0
LF:2
LH:0
BRF:0
BRH:0
end_of_record
TN:
SF:src/pages/ops/reports.tsx
FN:1,Reports
FNF:1
FNH:0
FNDA:0,Reports
DA:1,0
LF:1
LH:0
BRF:0
BRH:0
end_of_record
TN:
SF:src/pages/ops/accounting/assistance-programs.tsx
FN:1,AssistancePrograms
FNF:1
FNH:0
FNDA:0,AssistancePrograms
DA:1,0
LF:1
LH:0
BRF:0
BRH:0
end_of_record
TN:
SF:src/pages/ops/accounting/collections-dashboard.tsx
FN:1,CollectionsDashboard
FNF:1
FNH:0
FNDA:0,CollectionsDashboard
DA:1,0
LF:1
LH:0
BRF:0
BRH:0
end_of_record
TN:
SF:src/pages/ops/accounting/collections-log.tsx
FN:1,CollectionsLog
FNF:1
FNH:0
FNDA:0,CollectionsLog
DA:1,0
LF:1
LH:0
BRF:0
BRH:0
end_of_record
TN:
SF:src/pages/ops/accounting/deposits.tsx
FN:1,Deposits
FNF:1
FNH:0
FNDA:0,Deposits
DA:1,0
LF:1
LH:0
BRF:0
BRH:0
end_of_record
TN:
SF:src/pages/ops/accounting/expenses.tsx
FN:1,Expenses
FNF:1
FNH:0
FNDA:0,Expenses
DA:1,0
LF:1
LH:0
BRF:0
BRH:0
end_of_record
TN:
SF:src/pages/ops/accounting/financial-reports.tsx
FN:1,FinancialReports
FNF:1
FNH:0
FNDA:0,FinancialReports
DA:1,0
LF:1
LH:0
BRF:0
BRH:0
end_of_record
TN:
SF:src/pages/ops/accounting/overview.tsx
FN:1,AccountingOverview
FNF:1
FNH:0
FNDA:0,AccountingOverview
DA:1,0
LF:1
LH:0
BRF:0
BRH:0
end_of_record
TN:
SF:src/pages/ops/accounting/payment-plans.tsx
FN:1,PaymentPlans
FNF:1
FNH:0
FNDA:0,PaymentPlans
DA:1,0
LF:1
LH:0
BRF:0
BRH:0
end_of_record
TN:
SF:src/pages/ops/accounting/rent-collection.tsx
FN:1,RentCollection
FNF:1
FNH:0
FNDA:0,RentCollection
DA:1,0
LF:1
LH:0
BRF:0
BRH:0
end_of_record
TN:
SF:src/pages/ops/accounting/subsidized-housing.tsx
FN:1,SubsidizedHousing
FNF:1
FNH:0
FNDA:0,SubsidizedHousing
DA:1,0
LF:1
LH:0
BRF:0
BRH:0
end_of_record
TN:
SF:src/pages/ops/accounting/tenant-ledgers.tsx
FN:1,TenantLedgers
FNF:1
FNH:0
FNDA:0,TenantLedgers
DA:1,0
LF:1
LH:0
BRF:0
BRH:0
end_of_record
TN:
SF:src/pages/ops/accounting/transfers.tsx
FN:1,Transfers
FNF:1
FNH:0
FNDA:0,Transfers
DA:1,0
LF:1
LH:0
BRF:0
BRH:0
end_of_record
TN:
SF:src/pages/ops/ai/ml-leasing-logs.tsx
FN:1,MLLeasingLogs
FNF:1
FNH:0
FNDA:0,MLLeasingLogs
DA:1,0
LF:1
LH:0
BRF:0
BRH:0
end_of_record
TN:
SF:src/pages/ops/ai/renewal-forecasting.tsx
FN:1,RenewalForecasting
FNF:1
FNH:0
FNDA:0,RenewalForecasting
DA:1,0
LF:1
LH:0
BRF:0
BRH:0
end_of_record
TN:
SF:src/pages/ops/ai/risk-summary.tsx
FN:1,RiskSummary
FNF:1
FNH:0
FNDA:0,RiskSummary
DA:1,0
LF:1
LH:0
BRF:0
BRH:0
end_of_record
TN:
SF:src/pages/ops/ai/vacancy-analytics.tsx
FN:1,VacancyAnalytics
FNF:1
FNH:0
FNDA:0,VacancyAnalytics
DA:1,0
LF:1
LH:0
BRF:0
BRH:0
end_of_record
TN:
SF:src/pages/ops/comms/logs.tsx
FN:1,Logs
FNF:1
FNH:0
FNDA:0,Logs
DA:1,0
LF:1
LH:0
BRF:0
BRH:0
end_of_record
TN:
SF:src/pages/ops/comms/queue.tsx
FN:1,Queue
FNF:1
FNH:0
FNDA:0,Queue
DA:1,0
LF:1
LH:0
BRF:0
BRH:0
end_of_record
TN:
SF:src/pages/ops/comms/templates.tsx
FN:1,Templates
FNF:1
FNH:0
FNDA:0,Templates
DA:1,0
LF:1
LH:0
BRF:0
BRH:0
end_of_record
TN:
SF:src/pages/ops/legal/advanced.tsx
FN:1,AdvancedLegalOps
FNF:1
FNH:0
FNDA:0,AdvancedLegalOps
DA:1,0
LF:1
LH:0
BRF:0
BRH:0
end_of_record
TN:
SF:src/pages/ops/legal/attorney-reports.tsx
FN:1,AttorneyReports
FNF:1
FNH:0
FNDA:0,AttorneyReports
DA:1,0
LF:1
LH:0
BRF:0
BRH:0
end_of_record
TN:
SF:src/pages/ops/legal/case-manager.tsx
FN:1,CaseManager
FNF:1
FNH:0
FNDA:0,CaseManager
DA:1,0
LF:1
LH:0
BRF:0
BRH:0
end_of_record
TN:
SF:src/pages/ops/legal/docs.tsx
FN:1,LegalDocs
FNF:1
FNH:0
FNDA:0,LegalDocs
DA:1,0
LF:1
LH:0
BRF:0
BRH:0
end_of_record
TN:
SF:src/pages/ops/work/ai-intelligence.tsx
FN:1,AIIntelligence
FNF:1
FNH:0
FNDA:0,AIIntelligence
DA:1,0
LF:1
LH:0
BRF:0
BRH:0
end_of_record
TN:
SF:src/pages/ops/work/build-repair-projects.tsx
FN:1,BuildRepairProjects
FNF:1
FNH:0
FNDA:0,BuildRepairProjects
DA:1,0
LF:1
LH:0
BRF:0
BRH:0
end_of_record
TN:
SF:src/pages/ops/work/capital-projects.tsx
FN:1,CapitalProjects
FNF:1
FNH:0
FNDA:0,CapitalProjects
DA:1,0
LF:1
LH:0
BRF:0
BRH:0
end_of_record
TN:
SF:src/pages/ops/work/materials-inventory.tsx
FN:1,MaterialsInventory
FNF:1
FNH:0
FNDA:0,MaterialsInventory
DA:1,0
LF:1
LH:0
BRF:0
BRH:0
end_of_record
TN:
SF:src/pages/ops/work/smart-routing.tsx
FN:1,SmartRouting
FNF:1
FNH:0
FNDA:0,SmartRouting
DA:1,0
LF:1
LH:0
BRF:0
BRH:0
end_of_record
TN:
SF:src/pages/ops/work/vendors.tsx
FN:1,Vendors
FNF:1
FNH:0
FNDA:0,Vendors
DA:1,0
LF:1
LH:0
BRF:0
BRH:0
end_of_record
TN:
SF:src/pages/ops/work/work-orders.tsx
FN:1,WorkOrders
FNF:1
FNH:0
FNDA:0,WorkOrders
DA:1,0
LF:1
LH:0
BRF:0
BRH:0
end_of_record
TN:
SF:src/pages/portfolio/Leases.tsx
FN:38,LeasesPage
FN:45,(anonymous_1)
FN:46,(anonymous_2)
FN:49,(anonymous_3)
FN:50,(anonymous_4)
FN:84,(anonymous_5)
FN:85,(anonymous_6)
FN:86,(anonymous_7)
FN:88,(anonymous_8)
FN:99,(anonymous_9)
FN:100,(anonymous_10)
FN:102,(anonymous_11)
FN:103,(anonymous_12)
FNF:13
FNH:0
FNDA:0,LeasesPage
FNDA:0,(anonymous_1)
FNDA:0,(anonymous_2)
FNDA:0,(anonymous_3)
FNDA:0,(anonymous_4)
FNDA:0,(anonymous_5)
FNDA:0,(anonymous_6)
FNDA:0,(anonymous_7)
FNDA:0,(anonymous_8)
FNDA:0,(anonymous_9)
FNDA:0,(anonymous_10)
FNDA:0,(anonymous_11)
FNDA:0,(anonymous_12)
DA:1,0
DA:2,0
DA:3,0
DA:4,0
DA:5,0
DA:38,0
DA:40,0
DA:41,0
DA:42,0
DA:45,0
DA:46,0
DA:49,0
DA:50,0
DA:51,0
DA:52,0
DA:53,0
DA:56,0
DA:65,0
DA:71,0
DA:83,0
DA:84,0
DA:85,0
DA:86,0
DA:87,0
DA:88,0
DA:92,0
DA:99,0
DA:100,0
DA:102,0
DA:103,0
DA:107,0
LF:31
LH:0
BRDA:51,0,0,0
BRDA:51,0,1,0
BRDA:56,1,0,0
BRDA:56,1,1,0
BRDA:56,1,2,0
BRDA:56,1,3,0
BRDA:56,1,4,0
BRDA:56,1,5,0
BRDA:56,1,6,0
BRDA:65,2,0,0
BRDA:65,2,1,0
BRDA:67,3,0,0
BRDA:67,3,1,0
BRDA:75,4,0,0
BRDA:75,4,1,0
BRDA:76,5,0,0
BRDA:76,5,1,0
BRDA:77,6,0,0
BRDA:77,6,1,0
BRDA:77,7,0,0
BRDA:77,7,1,0
BRDA:86,8,0,0
BRDA:86,8,1,0
BRDA:87,9,0,0
BRDA:87,9,1,0
BRDA:88,10,0,0
BRDA:88,10,1,0
BRDA:100,11,0,0
BRDA:100,11,1,0
BRDA:100,12,0,0
BRDA:100,12,1,0
BRF:31
BRH:0
end_of_record
TN:
SF:src/pages/portfolio/Owners.tsx
FN:18,Owners
FN:21,(anonymous_1)
FN:24,(anonymous_2)
FNF:3
FNH:0
FNDA:0,Owners
FNDA:0,(anonymous_1)
FNDA:0,(anonymous_2)
DA:1,0
DA:2,0
DA:3,0
DA:13,0
DA:18,0
DA:19,0
DA:21,0
DA:22,0
DA:23,0
DA:24,0
DA:25,0
DA:31,0
DA:39,0
LF:13
LH:0
BRDA:23,0,0,0
BRDA:25,1,0,0
BRDA:25,1,1,0
BRDA:25,1,2,0
BRF:4
BRH:0
end_of_record
TN:
SF:src/pages/portfolio/Properties.tsx
FN:15,Properties
FN:19,(anonymous_1)
FN:23,(anonymous_2)
FN:35,(anonymous_3)
FN:59,(anonymous_4)
FN:66,(anonymous_5)
FN:67,(anonymous_6)
FNF:7
FNH:0
FNDA:0,Properties
FNDA:0,(anonymous_1)
FNDA:0,(anonymous_2)
FNDA:0,(anonymous_3)
FNDA:0,(anonymous_4)
FNDA:0,(anonymous_5)
FNDA:0,(anonymous_6)
DA:1,0
DA:2,0
DA:3,0
DA:4,0
DA:15,0
DA:16,0
DA:17,0
DA:19,0
DA:20,0
DA:23,0
DA:33,0
DA:34,0
DA:35,0
DA:36,0
DA:43,0
DA:52,0
DA:59,0
DA:66,0
DA:67,0
LF:19
LH:0
BRDA:20,0,0,0
BRDA:25,1,0,0
BRDA:25,1,1,0
BRDA:25,1,2,0
BRDA:26,2,0,0
BRDA:26,2,1,0
BRDA:27,3,0,0
BRDA:27,3,1,0
BRDA:28,4,0,0
BRDA:28,4,1,0
BRDA:29,5,0,0
BRDA:29,5,1,0
BRDA:29,5,2,0
BRDA:34,6,0,0
BRDA:36,7,0,0
BRDA:36,7,1,0
BRDA:36,7,2,0
BRDA:36,7,3,0
BRDA:64,8,0,0
BRDA:64,8,1,0
BRDA:64,8,2,0
BRDA:65,9,0,0
BRDA:65,9,1,0
BRF:23
BRH:0
end_of_record
TN:
SF:src/pages/portfolio/Tenants.tsx
FN:16,Tenants
FN:20,(anonymous_1)
FN:24,(anonymous_2)
FN:37,(anonymous_3)
FN:67,(anonymous_4)
FN:68,(anonymous_5)
FNF:6
FNH:0
FNDA:0,Tenants
FNDA:0,(anonymous_1)
FNDA:0,(anonymous_2)
FNDA:0,(anonymous_3)
FNDA:0,(anonymous_4)
FNDA:0,(anonymous_5)
DA:1,0
DA:2,0
DA:3,0
DA:4,0
DA:16,0
DA:17,0
DA:18,0
DA:20,0
DA:21,0
DA:24,0
DA:35,0
DA:36,0
DA:37,0
DA:38,0
DA:45,0
DA:54,0
DA:67,0
DA:68,0
LF:18
LH:0
BRDA:21,0,0,0
BRDA:26,1,0,0
BRDA:26,1,1,0
BRDA:26,1,2,0
BRDA:27,2,0,0
BRDA:27,2,1,0
BRDA:28,3,0,0
BRDA:28,3,1,0
BRDA:29,4,0,0
BRDA:29,4,1,0
BRDA:30,5,0,0
BRDA:30,5,1,0
BRDA:31,6,0,0
BRDA:31,6,1,0
BRDA:36,7,0,0
BRDA:38,8,0,0
BRDA:38,8,1,0
BRDA:38,8,2,0
BRDA:38,8,3,0
BRDA:65,9,0,0
BRDA:65,9,1,0
BRDA:65,9,2,0
BRDA:66,10,0,0
BRDA:66,10,1,0
BRF:24
BRH:0
end_of_record
TN:
SF:src/pages/portfolio/Units.tsx
FN:16,Units
FN:20,(anonymous_1)
FN:24,(anonymous_2)
FN:37,(anonymous_3)
FN:66,(anonymous_4)
FN:67,(anonymous_5)
FNF:6
FNH:0
FNDA:0,Units
FNDA:0,(anonymous_1)
FNDA:0,(anonymous_2)
FNDA:0,(anonymous_3)
FNDA:0,(anonymous_4)
FNDA:0,(anonymous_5)
DA:1,0
DA:2,0
DA:3,0
DA:4,0
DA:16,0
DA:17,0
DA:18,0
DA:20,0
DA:21,0
DA:24,0
DA:35,0
DA:36,0
DA:37,0
DA:38,0
DA:44,0
DA:53,0
DA:66,0
DA:67,0
LF:18
LH:0
BRDA:21,0,0,0
BRDA:26,1,0,0
BRDA:26,1,1,0
BRDA:27,2,0,0
BRDA:27,2,1,0
BRDA:27,2,2,0
BRDA:28,3,0,0
BRDA:28,3,1,0
BRDA:29,4,0,0
BRDA:29,4,1,0
BRDA:30,5,0,0
BRDA:30,5,1,0
BRDA:31,6,0,0
BRDA:31,6,1,0
BRDA:36,7,0,0
BRDA:38,8,0,0
BRDA:38,8,1,0
BRDA:38,8,2,0
BRDA:64,9,0,0
BRDA:64,9,1,0
BRDA:64,9,2,0
BRDA:65,10,0,0
BRDA:65,10,1,0
BRF:23
BRH:0
end_of_record
TN:
SF:src/pages/portfolio/columns.tsx
FN:21,mapProperty
FN:37,(anonymous_1)
FN:44,(anonymous_2)
FN:45,(anonymous_3)
FN:60,mapUnit
FN:80,(anonymous_5)
FN:81,(anonymous_6)
FN:96,mapLease
FN:115,(anonymous_8)
FN:116,(anonymous_9)
FN:117,(anonymous_10)
FN:118,(anonymous_11)
FN:119,(anonymous_12)
FN:134,mapTenant
FN:154,(anonymous_14)
FN:155,(anonymous_15)
FN:168,mapOwner
FN:181,(anonymous_17)
FN:185,(anonymous_18)
FNF:19
FNH:0
FNDA:0,mapProperty
FNDA:0,(anonymous_1)
FNDA:0,(anonymous_2)
FNDA:0,(anonymous_3)
FNDA:0,mapUnit
FNDA:0,(anonymous_5)
FNDA:0,(anonymous_6)
FNDA:0,mapLease
FNDA:0,(anonymous_8)
FNDA:0,(anonymous_9)
FNDA:0,(anonymous_10)
FNDA:0,(anonymous_11)
FNDA:0,(anonymous_12)
FNDA:0,mapTenant
FNDA:0,(anonymous_14)
FNDA:0,(anonymous_15)
FNDA:0,mapOwner
FNDA:0,(anonymous_17)
FNDA:0,(anonymous_18)
DA:1,0
DA:2,0
DA:3,0
DA:4,0
DA:21,0
DA:22,0
DA:36,0
DA:37,0
DA:44,0
DA:45,0
DA:60,0
DA:62,0
DA:74,0
DA:80,0
DA:81,0
DA:96,0
DA:98,0
DA:100,0
DA:112,0
DA:115,0
DA:116,0
DA:117,0
DA:118,0
DA:119,0
DA:134,0
DA:136,0
DA:148,0
DA:154,0
DA:155,0
DA:168,0
DA:170,0
DA:180,0
DA:181,0
DA:185,0
LF:34
LH:0
BRDA:24,0,0,0
BRDA:24,0,1,0
BRDA:25,1,0,0
BRDA:25,1,1,0
BRDA:26,2,0,0
BRDA:26,2,1,0
BRDA:27,3,0,0
BRDA:27,3,1,0
BRDA:27,3,2,0
BRDA:28,4,0,0
BRDA:28,4,1,0
BRDA:28,4,2,0
BRDA:29,5,0,0
BRDA:29,5,1,0
BRDA:29,5,2,0
BRDA:30,6,0,0
BRDA:30,6,1,0
BRDA:31,7,0,0
BRDA:31,7,1,0
BRDA:64,8,0,0
BRDA:64,8,1,0
BRDA:64,8,2,0
BRDA:65,9,0,0
BRDA:65,9,1,0
BRDA:65,9,2,0
BRDA:65,9,3,0
BRDA:66,10,0,0
BRDA:66,10,1,0
BRDA:67,11,0,0
BRDA:67,11,1,0
BRDA:68,12,0,0
BRDA:68,12,1,0
BRDA:68,13,0,0
BRDA:68,13,1,0
BRDA:68,14,0,0
BRDA:68,14,1,0
BRDA:69,15,0,0
BRDA:69,15,1,0
BRDA:70,16,0,0
BRDA:70,16,1,0
BRDA:70,17,0,0
BRDA:70,17,1,0
BRDA:70,18,0,0
BRDA:70,18,1,0
BRDA:98,19,0,0
BRDA:98,19,1,0
BRDA:102,20,0,0
BRDA:102,20,1,0
BRDA:103,21,0,0
BRDA:103,21,1,0
BRDA:105,22,0,0
BRDA:105,22,1,0
BRDA:106,23,0,0
BRDA:106,23,1,0
BRDA:107,24,0,0
BRDA:107,24,1,0
BRDA:108,25,0,0
BRDA:108,25,1,0
BRDA:138,26,0,0
BRDA:138,26,1,0
BRDA:139,27,0,0
BRDA:139,27,1,0
BRDA:140,28,0,0
BRDA:140,28,1,0
BRDA:141,29,0,0
BRDA:141,29,1,0
BRDA:141,29,2,0
BRDA:142,30,0,0
BRDA:142,30,1,0
BRDA:142,30,2,0
BRDA:143,31,0,0
BRDA:143,31,1,0
BRDA:144,32,0,0
BRDA:144,32,1,0
BRDA:172,33,0,0
BRDA:172,33,1,0
BRDA:172,33,2,0
BRDA:173,34,0,0
BRDA:173,34,1,0
BRDA:173,34,2,0
BRDA:173,34,3,0
BRDA:174,35,0,0
BRDA:174,35,1,0
BRDA:174,35,2,0
BRDA:174,35,3,0
BRDA:175,36,0,0
BRDA:175,36,1,0
BRDA:175,36,2,0
BRDA:175,36,3,0
BRDA:181,37,0,0
BRDA:181,37,1,0
BRF:91
BRH:0
end_of_record
TN:
SF:src/pages/portfolio/leases/index.tsx
FN:7,LeasesPage
FN:10,(anonymous_1)
FN:22,(anonymous_2)
FN:24,(anonymous_3)
FN:25,(anonymous_4)
FN:27,(anonymous_5)
FN:28,(anonymous_6)
FN:62,(anonymous_7)
FN:63,(anonymous_8)
FNF:9
FNH:0
FNDA:0,LeasesPage
FNDA:0,(anonymous_1)
FNDA:0,(anonymous_2)
FNDA:0,(anonymous_3)
FNDA:0,(anonymous_4)
FNDA:0,(anonymous_5)
FNDA:0,(anonymous_6)
FNDA:0,(anonymous_7)
FNDA:0,(anonymous_8)
DA:1,0
DA:2,0
DA:3,0
DA:4,0
DA:5,0
DA:7,0
DA:8,0
DA:10,0
DA:12,0
DA:14,0
DA:22,0
DA:23,0
DA:24,0
DA:25,0
DA:26,0
DA:27,0
DA:29,0
DA:30,0
DA:32,0
DA:35,0
DA:62,0
DA:63,0
LF:22
LH:0
BRDA:12,0,0,0
BRDA:12,0,1,0
BRDA:26,1,0,0
BRDA:26,1,1,0
BRDA:27,2,0,0
BRDA:27,2,1,0
BRDA:29,3,0,0
BRDA:29,3,1,0
BRDA:29,4,0,0
BRDA:29,4,1,0
BRDA:29,5,0,0
BRDA:29,5,1,0
BRDA:30,6,0,0
BRDA:30,6,1,0
BRF:14
BRH:0
end_of_record
TN:
SF:src/pages/portfolio/owners/index.tsx
FN:7,OwnersPage
FN:11,(anonymous_1)
FN:24,(anonymous_2)
FN:26,(anonymous_3)
FN:59,(anonymous_4)
FN:60,(anonymous_5)
FNF:6
FNH:0
FNDA:0,OwnersPage
FNDA:0,(anonymous_1)
FNDA:0,(anonymous_2)
FNDA:0,(anonymous_3)
FNDA:0,(anonymous_4)
FNDA:0,(anonymous_5)
DA:1,0
DA:2,0
DA:3,0
DA:4,0
DA:5,0
DA:7,0
DA:8,0
DA:9,0
DA:11,0
DA:14,0
DA:16,0
DA:24,0
DA:25,0
DA:26,0
DA:28,0
DA:29,0
DA:32,0
DA:59,0
DA:60,0
LF:19
LH:0
BRDA:14,0,0,0
BRDA:14,0,1,0
BRDA:28,1,0,0
BRDA:28,1,1,0
BRDA:59,2,0,0
BRDA:59,2,1,0
BRF:6
BRH:0
end_of_record
TN:
SF:src/pages/portfolio/properties/index.tsx
FN:7,PropertiesPage
FN:10,(anonymous_1)
FN:21,(anonymous_2)
FN:23,(anonymous_3)
FN:24,(anonymous_4)
FN:25,(anonymous_5)
FN:57,(anonymous_6)
FN:58,(anonymous_7)
FNF:8
FNH:0
FNDA:0,PropertiesPage
FNDA:0,(anonymous_1)
FNDA:0,(anonymous_2)
FNDA:0,(anonymous_3)
FNDA:0,(anonymous_4)
FNDA:0,(anonymous_5)
FNDA:0,(anonymous_6)
FNDA:0,(anonymous_7)
DA:1,0
DA:2,0
DA:3,0
DA:4,0
DA:5,0
DA:7,0
DA:8,0
DA:10,0
DA:12,0
DA:13,0
DA:21,0
DA:22,0
DA:23,0
DA:24,0
DA:25,0
DA:26,0
DA:29,0
DA:57,0
DA:58,0
LF:19
LH:0
BRDA:12,0,0,0
BRDA:12,0,1,0
BRDA:24,1,0,0
BRDA:24,1,1,0
BRDA:25,2,0,0
BRDA:25,2,1,0
BRDA:25,3,0,0
BRDA:25,3,1,0
BRDA:57,4,0,0
BRDA:57,4,1,0
BRF:10
BRH:0
end_of_record
TN:
SF:src/pages/portfolio/tenants/index.tsx
FN:7,TenantsPage
FN:10,(anonymous_1)
FN:23,(anonymous_2)
FN:25,(anonymous_3)
FN:26,(anonymous_4)
FN:27,(anonymous_5)
FN:58,(anonymous_6)
FN:59,(anonymous_7)
FNF:8
FNH:0
FNDA:0,TenantsPage
FNDA:0,(anonymous_1)
FNDA:0,(anonymous_2)
FNDA:0,(anonymous_3)
FNDA:0,(anonymous_4)
FNDA:0,(anonymous_5)
FNDA:0,(anonymous_6)
FNDA:0,(anonymous_7)
DA:1,0
DA:2,0
DA:3,0
DA:4,0
DA:5,0
DA:7,0
DA:8,0
DA:10,0
DA:13,0
DA:15,0
DA:23,0
DA:24,0
DA:25,0
DA:26,0
DA:27,0
DA:28,0
DA:31,0
DA:58,0
DA:59,0
LF:19
LH:0
BRDA:13,0,0,0
BRDA:13,0,1,0
BRDA:25,1,0,0
BRDA:25,1,1,0
BRDA:26,2,0,0
BRDA:26,2,1,0
BRDA:27,3,0,0
BRDA:27,3,1,0
BRDA:58,4,0,0
BRDA:58,4,1,0
BRF:10
BRH:0
end_of_record
TN:
SF:src/pages/portfolio/units/index.tsx
FN:7,UnitsPage
FN:10,(anonymous_1)
FN:22,(anonymous_2)
FN:24,(anonymous_3)
FN:26,(anonymous_4)
FN:57,(anonymous_5)
FN:58,(anonymous_6)
FNF:7
FNH:0
FNDA:0,UnitsPage
FNDA:0,(anonymous_1)
FNDA:0,(anonymous_2)
FNDA:0,(anonymous_3)
FNDA:0,(anonymous_4)
FNDA:0,(anonymous_5)
FNDA:0,(anonymous_6)
DA:1,0
DA:2,0
DA:3,0
DA:4,0
DA:5,0
DA:7,0
DA:8,0
DA:10,0
DA:12,0
DA:14,0
DA:22,0
DA:23,0
DA:24,0
DA:25,0
DA:26,0
DA:27,0
DA:30,0
DA:57,0
DA:58,0
LF:19
LH:0
BRDA:12,0,0,0
BRDA:12,0,1,0
BRDA:26,1,0,0
BRDA:26,1,1,0
BRDA:26,2,0,0
BRDA:26,2,1,0
BRF:6
BRH:0
end_of_record
TN:
SF:src/pages/reports/Create/index.tsx
FN:1,ReportsCreatePage
FNF:1
FNH:0
FNDA:0,ReportsCreatePage
DA:1,0
DA:2,0
LF:2
LH:0
BRF:0
BRH:0
end_of_record
TN:
SF:src/pages/reports/Saved/index.tsx
FN:1,ReportsSavedPage
FNF:1
FNH:0
FNDA:0,ReportsSavedPage
DA:1,0
DA:2,0
LF:2
LH:0
BRF:0
BRH:0
end_of_record
TN:
SF:src/pages/reports/Templates/index.tsx
FN:1,ReportsTemplatesPage
FNF:1
FNH:0
FNDA:0,ReportsTemplatesPage
DA:1,0
DA:2,0
LF:2
LH:0
BRF:0
BRH:0
end_of_record
TN:
SF:src/pages/system/automation.tsx
FN:1,Automation
FNF:1
FNH:0
FNDA:0,Automation
DA:1,0
LF:1
LH:0
BRF:0
BRH:0
end_of_record
TN:
SF:src/pages/system/settings.tsx
FN:1,Settings
FNF:1
FNH:0
FNDA:0,Settings
DA:1,0
LF:1
LH:0
BRF:0
BRH:0
end_of_record
TN:
SF:src/pages/tools/probe.tsx
FN:1,ApiProbe
FNF:1
FNH:0
FNDA:0,ApiProbe
DA:1,0
DA:2,0
LF:2
LH:0
BRF:0
BRH:0
end_of_record
TN:
SF:src/shared/card-contracts.ts
FNF:0
FNH:0
DA:2,0
DA:4,0
DA:11,0
DA:26,0
DA:36,0
DA:47,0
DA:55,0
LF:7
LH:0
BRF:0
BRH:0
end_of_record
TN:
SF:src/state/badges.ts
FN:16,useBadgeCounts
FN:20,(anonymous_1)
FN:21,(anonymous_2)
FN:22,(anonymous_3)
FN:24,(anonymous_4)
FNF:5
FNH:0
FNDA:0,useBadgeCounts
FNDA:0,(anonymous_1)
FNDA:0,(anonymous_2)
FNDA:0,(anonymous_3)
FNDA:0,(anonymous_4)
DA:1,0
DA:10,0
DA:16,0
DA:17,0
DA:20,0
DA:21,0
DA:22,0
DA:24,0
DA:27,0
LF:9
LH:0
BRF:0
BRH:0
end_of_record
TN:
SF:src/testing/testIds.ts
FNF:0
FNH:0
DA:1,5
LF:1
LH:1
BRF:0
BRH:0
end_of_record
TN:
SF:src/utils/csv.ts
FN:1,toCSV
FN:2,(anonymous_1)
FN:3,(anonymous_2)
FN:3,(anonymous_3)
FN:6,safe
FN:11,downloadCSV
FNF:6
FNH:0
FNDA:0,toCSV
FNDA:0,(anonymous_1)
FNDA:0,(anonymous_2)
FNDA:0,(anonymous_3)
FNDA:0,safe
FNDA:0,downloadCSV
DA:1,0
DA:2,0
DA:3,0
DA:4,0
DA:7,0
DA:8,0
DA:9,0
DA:11,0
DA:12,0
DA:13,0
DA:14,0
DA:15,0
DA:16,0
DA:17,0
LF:14
LH:0
BRDA:7,0,0,0
BRDA:9,1,0,0
BRDA:9,1,1,0
BRF:3
BRH:0
end_of_record
TN:
SF:src/utils/dict.ts
FN:3,getKey
FN:9,indexBy
FN:13,(anonymous_2)
FN:21,groupBy
FN:25,(anonymous_4)
FNF:5
FNH:0
FNDA:0,getKey
FNDA:0,indexBy
FNDA:0,(anonymous_2)
FNDA:0,groupBy
FNDA:0,(anonymous_4)
DA:4,0
DA:5,0
DA:9,0
DA:13,0
DA:14,0
DA:15,0
DA:16,0
DA:21,0
DA:25,0
DA:26,0
DA:27,0
DA:28,0
DA:29,0
DA:30,0
LF:14
LH:0
BRDA:4,0,0,0
BRDA:10,1,0,0
BRDA:22,2,0,0
BRDA:27,3,0,0
BRDA:27,3,1,0
BRF:5
BRH:0
end_of_record
TN:
SF:src/utils/display.ts
FN:1,ownerDisplay
FNF:1
FNH:0
FNDA:0,ownerDisplay
DA:1,0
DA:2,0
DA:3,0
DA:4,0
LF:4
LH:0
BRDA:2,0,0,0
BRDA:2,1,0,0
BRDA:2,1,1,0
BRDA:4,2,0,0
BRDA:4,2,1,0
BRF:5
BRH:0
end_of_record
TN:
SF:src/utils/format.ts
FN:3,fmtMoney
FN:15,fmtPct
FN:20,fmtDate
FN:31,fmtCompact
FNF:4
FNH:0
FNDA:0,fmtMoney
FNDA:0,fmtPct
FNDA:0,fmtDate
FNDA:0,fmtCompact
DA:3,0
DA:11,0
DA:12,0
DA:15,0
DA:16,0
DA:17,0
DA:20,0
DA:21,0
DA:22,0
DA:23,0
DA:24,0
DA:31,0
DA:32,0
DA:33,0
DA:41,0
DA:42,0
DA:43,0
DA:44,0
DA:45,0
LF:19
LH:0
BRDA:5,0,0,0
BRDA:11,1,0,0
BRDA:11,2,0,0
BRDA:11,2,1,0
BRDA:15,3,0,0
BRDA:16,4,0,0
BRDA:16,4,1,0
BRDA:16,5,0,0
BRDA:16,5,1,0
BRDA:21,6,0,0
BRDA:23,7,0,0
BRDA:32,8,0,0
BRDA:32,9,0,0
BRDA:32,9,1,0
BRF:14
BRH:0
end_of_record
TN:
SF:src/utils/ids.ts
FN:1,(anonymous_0)
FNF:1
FNH:0
FNDA:0,(anonymous_0)
DA:1,0
DA:2,0
DA:3,0
LF:3
LH:0
BRDA:2,0,0,0
BRDA:2,1,0,0
BRDA:2,1,1,0
BRF:3
BRH:0
end_of_record
TN:
SF:src/utils/net.ts
FN:3,fetchJSON
FN:20,(anonymous_1)
FN:25,(anonymous_2)
FNF:3
FNH:0
FNDA:0,fetchJSON
FNDA:0,(anonymous_1)
FNDA:0,(anonymous_2)
DA:3,0
DA:4,0
DA:5,0
DA:6,0
DA:7,0
DA:10,0
DA:12,0
DA:13,0
DA:14,0
DA:16,0
DA:20,0
DA:21,0
DA:24,0
DA:25,0
DA:26,0
DA:27,0
LF:16
LH:0
BRDA:6,0,0,0
BRDA:10,1,0,0
BRDA:21,2,0,0
BRDA:21,2,1,0
BRDA:21,3,0,0
BRDA:21,3,1,0
BRDA:24,4,0,0
BRDA:26,5,0,0
BRF:8
BRH:0
end_of_record
TN:
SF:src/utils/pick.ts
FN:3,pick
FN:11,(anonymous_1)
FN:11,(anonymous_2)
FN:21,get
FN:22,(anonymous_4)
FNF:5
FNH:0
FNDA:0,pick
FNDA:0,(anonymous_1)
FNDA:0,(anonymous_2)
FNDA:0,get
FNDA:0,(anonymous_4)
DA:3,0
DA:7,0
DA:8,0
DA:9,0
DA:10,0
DA:11,0
DA:12,0
DA:14,0
DA:15,0
DA:18,0
DA:22,0
LF:11
LH:0
BRDA:7,0,0,0
BRDA:10,1,0,0
BRDA:10,1,1,0
BRDA:11,2,0,0
BRDA:11,2,1,0
BRDA:12,3,0,0
BRDA:15,4,0,0
BRDA:22,5,0,0
BRDA:22,5,1,0
BRF:9
BRH:0
end_of_record
TN:
SF:src/utils/statusHelpers.ts
FN:12,normalizeStatus
FN:43,isActiveStatus
FN:51,isInactiveStatus
FN:59,getStatusBadge
FN:80,getOwnerStatusBadge
FN:93,filterActiveProperties
FN:94,(anonymous_6)
FN:109,calculatePortfolioMetrics
FN:112,(anonymous_8)
FNF:9
FNH:0
FNDA:0,normalizeStatus
FNDA:0,isActiveStatus
FNDA:0,isInactiveStatus
FNDA:0,getStatusBadge
FNDA:0,getOwnerStatusBadge
FNDA:0,filterActiveProperties
FNDA:0,(anonymous_6)
FNDA:0,calculatePortfolioMetrics
FNDA:0,(anonymous_8)
DA:12,0
DA:13,0
DA:15,0
DA:18,0
DA:21,0
DA:24,0
DA:26,0
DA:28,0
DA:31,0
DA:33,0
DA:35,0
DA:43,0
DA:44,0
DA:45,0
DA:51,0
DA:52,0
DA:53,0
DA:59,0
DA:60,0
DA:61,0
DA:63,0
DA:66,0
DA:69,0
DA:71,0
DA:73,0
DA:80,0
DA:85,0
DA:86,0
DA:93,0
DA:94,0
DA:96,0
DA:97,0
DA:100,0
DA:109,0
DA:110,0
DA:111,0
DA:112,0
DA:113,0
DA:116,0
LF:39
LH:0
BRDA:13,0,0,0
BRDA:18,1,0,0
BRDA:18,1,1,0
BRDA:18,1,2,0
BRDA:18,1,3,0
BRDA:18,1,4,0
BRDA:18,1,5,0
BRDA:18,1,6,0
BRDA:18,1,7,0
BRDA:18,1,8,0
BRDA:18,1,9,0
BRDA:45,2,0,0
BRDA:45,2,1,0
BRDA:53,3,0,0
BRDA:53,3,1,0
BRDA:61,4,0,0
BRDA:61,4,1,0
BRDA:63,5,0,0
BRDA:63,5,1,0
BRDA:63,5,2,0
BRDA:63,5,3,0
BRDA:63,5,4,0
BRDA:63,5,5,0
BRDA:85,6,0,0
BRDA:85,6,1,0
BRDA:100,7,0,0
BRDA:100,7,1,0
BRDA:100,7,2,0
BRDA:113,8,0,0
BRDA:113,8,1,0
BRDA:120,9,0,0
BRDA:120,9,1,0
BRF:32
BRH:0
end_of_record
